2019-09-19 12:59:09,905|I|Thread-1|(DELAYED) nexial-core 2.2_0488 starting up...
2019-09-19 12:59:09,914|I|Thread-1|(DELAYED) data file resolved as C:\Users\SANDHI~1.MUN\AppData\Local\Temp\DGBqe\OnlineFlightBooking.data.xlsx
2019-09-19 12:59:09,914|I|Thread-1|(DELAYED) input files and output directory resolved...
2019-09-19 12:59:09,914|I|Thread-1|(DELAYED) No predefined nexial-setup found
2019-09-19 12:59:09,914|I|Thread-1|(DELAYED) [20190919_125909] [C:\projects\OnlineWebApplication\artifact\script\OnlineFlightBooking.xlsx] resolve RUN ID as 20190919_125909
2019-09-19 12:59:09,916|I|Thread-1|(DELAYED) [20190919_125909] [C:\projects\OnlineWebApplication\artifact\script\OnlineFlightBooking.xlsx] new thread started
2019-09-19 12:59:09,918|I|Thread-1|No predefined nexial-setup found
2019-09-19 12:59:10,094|I|Thread-1|outputBase not set; output-to-cloud DISABLED!
2019-09-19 12:59:10,094|I|Thread-1|accessKey not set; output-to-cloud DISABLED!
2019-09-19 12:59:10,096|I|Thread-1|secretKey not set; output-to-cloud DISABLED!
2019-09-19 12:59:10,147|I|Thread-1|missing REQUIRED configuration; sms DISABLED!
2019-09-19 12:59:11,744|I|Thread-1|[20190919_125909] executing C:\projects\OnlineWebApplication\artifact\script\OnlineFlightBooking.xlsx with 1 iteration(s)
2019-09-19 12:59:11,844|I|Thread-1|[20190919_125909] create directory C:\projects\OnlineWebApplication\output\20190919_125909\captures
2019-09-19 12:59:11,848|I|Thread-1|[20190919_125909] create directory C:\projects\OnlineWebApplication\output\20190919_125909\logs
2019-09-19 12:59:13,657|I|Thread-1|[20190919_125909] merging test data to tmp file C:\projects\OnlineWebApplication\output\20190919_125909\OnlineFlightBooking.20190919_125911.001.xlsx
2019-09-19 12:59:13,673|I|Thread-1|refetching data from C:\projects\OnlineWebApplication\artifact\data\OnlineFlightBooking.data.xlsx
2019-09-19 12:59:14,369|I|Thread-1|[20190919_125909] test script and test data merged to C:\projects\OnlineWebApplication\output\20190919_125909\OnlineFlightBooking.20190919_125911.001.xlsx
2019-09-19 12:59:16,439|I|Thread-1|STARTS
2019-09-19 12:59:16,495|I|Thread-1|OnlineFlightBooking.20190919_125911.001 - executing iteration #1 of 1; Iteration Id 1
2019-09-19 12:59:16,512|I|Thread-1|OnlineFlightBooking.20190919_125911.001|BookingFlight - executing test scenario
2019-09-19 12:59:16,514|I|Thread-1|OnlineFlightBooking.20190919_125911.001|BookingFlight|OpenUrl - executing activity
2019-09-19 12:59:17,133|I|Thread-1|OnlineFlightBooking.20190919_125911.001|BookingFlight|OpenUrl|#  5|web.open(url) - executing open(url)(https://www.goibibo.com/)
2019-09-19 12:59:17,156|I|Thread-1|No valid instance of webdriver, initializing...
2019-09-19 12:59:17,160|I|Thread-1|init chrome
2019-09-19 12:59:21,270|I|Thread-1|browser initialization completed for 'chrome'
2019-09-19 12:59:21,295|I|Thread-1|setting browser polling wait time to 800 ms
2019-09-19 12:59:21,314|I|Thread-1|setting browser page load timeout to 10000 ms
2019-09-19 12:59:21,365|I|Thread-1|OnlineFlightBooking.20190919_125911.001|BookingFlight|OpenUrl|#  5|web.open(url) - default browser stability wait time is 3000 ms
2019-09-19 12:59:26,511|I|Thread-1|current browser window handle:CDwindow-755DE12C9AB4BA8F8D2F55D82EC0E1F7
2019-09-19 12:59:26,577|I|Thread-1|OnlineFlightBooking.20190919_125911.001|BookingFlight|OpenUrl|#  5|web.open(url) - PASS opened URL https://www.goibibo.com/
2019-09-19 12:59:26,581|I|Thread-1|OnlineFlightBooking.20190919_125911.001|BookingFlight|maximize - executing activity
2019-09-19 12:59:27,185|I|Thread-1|OnlineFlightBooking.20190919_125911.001|BookingFlight|maximize|#  6|web.maximizeWindow() - executing maximizeWindow()()
2019-09-19 12:59:28,370|I|Thread-1|OnlineFlightBooking.20190919_125911.001|BookingFlight|maximize|#  6|web.maximizeWindow() - PASS browser window maximized
2019-09-19 12:59:28,374|I|Thread-1|OnlineFlightBooking.20190919_125911.001|BookingFlight|AssertLogo - executing activity
2019-09-19 12:59:28,976|I|Thread-1|OnlineFlightBooking.20190919_125911.001|BookingFlight|AssertLogo|#  7|web.assertVisible(locator - executing assertVisible(locator)(${img.logo.loc})
2019-09-19 12:59:29,516|I|Thread-1|OnlineFlightBooking.20190919_125911.001|BookingFlight|AssertLogo|#  7|web.assertVisible(locator - PASS EXPECTED visible element '//div[@id='content']/div/div/div/div/a/img' found
2019-09-19 12:59:29,527|I|Thread-1|OnlineFlightBooking.20190919_125911.001|BookingFlight|AssertTitle - executing activity
2019-09-19 12:59:30,130|I|Thread-1|OnlineFlightBooking.20190919_125911.001|BookingFlight|AssertTitle|#  8|web.asserttitle(text) - executing asserttitle(text)(${txt.title.loc})
2019-09-19 12:59:30,139|E|Thread-1|Unknown command asserttitle(text)
2019-09-19 12:59:30,140|E|Thread-1|Unknown command asserttitle(text)
2019-09-19 12:59:30,142|I|Thread-1|OnlineFlightBooking.20190919_125911.001|BookingFlight|AssertTitle|#  8|web.asserttitle(text) - FAIL Unknown command asserttitle(text)
2019-09-19 12:59:30,145|I|Thread-1|OnlineFlightBooking.20190919_125911.001|BookingFlight|ClickOnSource - executing activity
2019-09-19 12:59:30,747|I|Thread-1|OnlineFlightBooking.20190919_125911.001|BookingFlight|ClickOnSource|#  9|web.click(locator) - executing click(locator)(${txt.source.loc})
2019-09-19 12:59:30,792|I|Thread-1|clicking '//input[@id='gosuggest_inputSrc']'...
2019-09-19 12:59:30,830|I|Thread-1|click target via JS, @id=gosuggest_inputSrc
2019-09-19 12:59:30,885|I|Thread-1|clicked -> true
2019-09-19 12:59:30,887|I|Thread-1|OnlineFlightBooking.20190919_125911.001|BookingFlight|ClickOnSource|#  9|web.click(locator) - PASS click via JS event
2019-09-19 12:59:30,889|I|Thread-1|OnlineFlightBooking.20190919_125911.001|BookingFlight|TypeSource - executing activity
2019-09-19 12:59:31,491|I|Thread-1|OnlineFlightBooking.20190919_125911.001|BookingFlight|TypeSource|# 10|web.type(locator,value) - executing type(locator,value)(${txt.source.loc}, ${sourceLocation})
2019-09-19 12:59:31,867|I|Thread-1|OnlineFlightBooking.20190919_125911.001|BookingFlight|TypeSource|# 10|web.type(locator,value) - PASS typed text at '//input[@id='gosuggest_inputSrc']'
2019-09-19 12:59:31,871|I|Thread-1|OnlineFlightBooking.20190919_125911.001|BookingFlight|ClickDownArrowSrc - executing activity
2019-09-19 12:59:32,474|I|Thread-1|OnlineFlightBooking.20190919_125911.001|BookingFlight|ClickDownArrowSrc|# 11|web.typeKeys(locator,valu - executing typeKeys(locator,value)(${txt.source.loc}, ${downArrow})
2019-09-19 12:59:33,168|I|Thread-1|OnlineFlightBooking.20190919_125911.001|BookingFlight|ClickDownArrowSrc|# 11|web.typeKeys(locator,valu - PASS typed text at '//input[@id='gosuggest_inputSrc']'
2019-09-19 12:59:33,172|I|Thread-1|OnlineFlightBooking.20190919_125911.001|BookingFlight|ClickEnterSrc - executing activity
2019-09-19 12:59:33,776|I|Thread-1|OnlineFlightBooking.20190919_125911.001|BookingFlight|ClickEnterSrc|# 12|web.typeKeys(locator,valu - executing typeKeys(locator,value)(${txt.source.loc}, ${enterKey})
2019-09-19 12:59:34,481|I|Thread-1|OnlineFlightBooking.20190919_125911.001|BookingFlight|ClickEnterSrc|# 12|web.typeKeys(locator,valu - PASS typed text at '//input[@id='gosuggest_inputSrc']'
2019-09-19 12:59:34,486|I|Thread-1|OnlineFlightBooking.20190919_125911.001|BookingFlight|TypeDestination - executing activity
2019-09-19 12:59:35,087|I|Thread-1|OnlineFlightBooking.20190919_125911.001|BookingFlight|TypeDestination|# 13|web.type(locator,value) - executing type(locator,value)(${txt.destination.loc}, ${destinationLocation})
2019-09-19 12:59:35,429|I|Thread-1|OnlineFlightBooking.20190919_125911.001|BookingFlight|TypeDestination|# 13|web.type(locator,value) - PASS typed text at '//input[@id='gosuggest_inputDest']'
2019-09-19 12:59:35,433|I|Thread-1|OnlineFlightBooking.20190919_125911.001|BookingFlight|ClickDownArrowDest - executing activity
2019-09-19 12:59:36,036|I|Thread-1|OnlineFlightBooking.20190919_125911.001|BookingFlight|ClickDownArrowDest|# 14|web.typeKeys(locator,valu - executing typeKeys(locator,value)(${txt.destination.loc}, ${downArrow})
2019-09-19 12:59:36,672|I|Thread-1|OnlineFlightBooking.20190919_125911.001|BookingFlight|ClickDownArrowDest|# 14|web.typeKeys(locator,valu - PASS typed text at '//input[@id='gosuggest_inputDest']'
2019-09-19 12:59:36,677|I|Thread-1|OnlineFlightBooking.20190919_125911.001|BookingFlight|ClickEnterDes - executing activity
2019-09-19 12:59:37,284|I|Thread-1|OnlineFlightBooking.20190919_125911.001|BookingFlight|ClickEnterDes|# 15|web.typeKeys(locator,valu - executing typeKeys(locator,value)(${txt.destination.loc}, ${enterKey})
2019-09-19 12:59:37,970|I|Thread-1|OnlineFlightBooking.20190919_125911.001|BookingFlight|ClickEnterDes|# 15|web.typeKeys(locator,valu - PASS typed text at '//input[@id='gosuggest_inputDest']'
2019-09-19 12:59:37,974|I|Thread-1|OnlineFlightBooking.20190919_125911.001|BookingFlight|SelectDepartureDate - executing activity
2019-09-19 12:59:38,575|I|Thread-1|OnlineFlightBooking.20190919_125911.001|BookingFlight|SelectDepartureDate|# 16|web.click(locator) - executing click(locator)(${btn.departdate.loc})
2019-09-19 12:59:38,635|I|Thread-1|clicking '//div[@class='DayPicker-Body']/div[4]/div[5]/div'...
2019-09-19 12:59:38,667|I|Thread-1|click target via JS, @id=fare_20190926
2019-09-19 12:59:38,756|I|Thread-1|clicked -> true
2019-09-19 12:59:38,761|I|Thread-1|OnlineFlightBooking.20190919_125911.001|BookingFlight|SelectDepartureDate|# 16|web.click(locator) - PASS click via JS event
2019-09-19 12:59:38,764|I|Thread-1|OnlineFlightBooking.20190919_125911.001|BookingFlight|ClickReturnDate - executing activity
2019-09-19 12:59:39,368|I|Thread-1|OnlineFlightBooking.20190919_125911.001|BookingFlight|ClickReturnDate|# 17|web.click(locator) - executing click(locator)(${txt.returndate.loc})
2019-09-19 12:59:39,413|I|Thread-1|clicking '//input[@id='returnCalendar']'...
2019-09-19 12:59:39,439|I|Thread-1|click target via JS, @id=returnCalendar
2019-09-19 12:59:39,526|I|Thread-1|clicked -> true
2019-09-19 12:59:39,529|I|Thread-1|OnlineFlightBooking.20190919_125911.001|BookingFlight|ClickReturnDate|# 17|web.click(locator) - PASS click via JS event
2019-09-19 12:59:39,540|I|Thread-1|OnlineFlightBooking.20190919_125911.001|BookingFlight|SelectReturnDate - executing activity
2019-09-19 12:59:40,148|I|Thread-1|OnlineFlightBooking.20190919_125911.001|BookingFlight|SelectReturnDate|# 18|web.click(locator) - executing click(locator)(${btn.returndate.loc})
2019-09-19 12:59:40,197|I|Thread-1|clicking '//div[@class='DayPicker-Week'][5]/div[2]/div'...
2019-09-19 12:59:40,231|I|Thread-1|click target via JS, @id=fare_20190930
2019-09-19 12:59:40,298|I|Thread-1|clicked -> true
2019-09-19 12:59:40,300|I|Thread-1|OnlineFlightBooking.20190919_125911.001|BookingFlight|SelectReturnDate|# 18|web.click(locator) - PASS click via JS event
2019-09-19 12:59:40,301|I|Thread-1|OnlineFlightBooking.20190919_125911.001|BookingFlight|ClickSearch - executing activity
2019-09-19 12:59:40,903|I|Thread-1|OnlineFlightBooking.20190919_125911.001|BookingFlight|ClickSearch|# 19|web.click(locator) - executing click(locator)(${btn.search.loc})
2019-09-19 12:59:40,950|I|Thread-1|clicking '//div[@class='justifyCenter col-md-1 col-sm-12 dF padLR0']/button'...
2019-09-19 12:59:40,981|I|Thread-1|click target via JS, @id=gi_search_btn
2019-09-19 12:59:41,172|I|Thread-1|clicked -> true
2019-09-19 12:59:41,175|I|Thread-1|OnlineFlightBooking.20190919_125911.001|BookingFlight|ClickSearch|# 19|web.click(locator) - PASS click via JS event
2019-09-19 12:59:41,178|I|Thread-1|OnlineFlightBooking.20190919_125911.001|BookingFlight|clickFlight - executing activity
2019-09-19 12:59:41,780|I|Thread-1|OnlineFlightBooking.20190919_125911.001|BookingFlight|clickFlight|# 20|web.click(locator) - executing click(locator)(${btn.flight.loc})
2019-09-19 12:59:42,807|I|Thread-1|clicking '(//span[@class='custRad'])[5]/label'...
2019-09-19 12:59:42,845|I|Thread-1|click target via JS, @id=
2019-09-19 12:59:43,159|I|Thread-1|clicked -> true
2019-09-19 12:59:43,161|I|Thread-1|OnlineFlightBooking.20190919_125911.001|BookingFlight|clickFlight|# 20|web.click(locator) - PASS click via JS event
2019-09-19 12:59:43,169|I|Thread-1|OnlineFlightBooking.20190919_125911.001|BookingFlight|ClickBook - executing activity
2019-09-19 12:59:43,771|I|Thread-1|OnlineFlightBooking.20190919_125911.001|BookingFlight|ClickBook|# 21|web.click(locator) - executing click(locator)(${btn.book.loc})
2019-09-19 12:59:44,004|I|Thread-1|clicking '//div[@class='dF alignItemsEnd width30 padL5 padB3 justifyEnd fltHpySumryPrc']/span[2]/span/input'...
2019-09-19 12:59:44,038|I|Thread-1|click target via JS, @id=
2019-09-19 12:59:44,248|I|Thread-1|clicked -> true
2019-09-19 12:59:44,250|I|Thread-1|OnlineFlightBooking.20190919_125911.001|BookingFlight|ClickBook|# 21|web.click(locator) - PASS click via JS event
2019-09-19 12:59:44,252|I|Thread-1|OnlineFlightBooking.20190919_125911.001|BookingFlight|writedatatocsv - executing activity
2019-09-19 12:59:44,854|I|Thread-1|OnlineFlightBooking.20190919_125911.001|BookingFlight|writedatatocsv|# 22|csv.fromExcel(excel,works - executing fromExcel(excel,worksheet,csvFile)(${DataFileLocation}, BookingFlight, ${CSVFileLocation})
2019-09-19 12:59:45,704|I|Thread-1|OnlineFlightBooking.20190919_125911.001|BookingFlight|writedatatocsv|# 22|csv.fromExcel(excel,works - PASS File converted to CSV
2019-09-19 12:59:46,240|I|Thread-1|[OnlineFlightBooking.20190919_125911.001|BookingFlight] saving test scenario
2019-09-19 12:59:46,610|I|Thread-1|[20190919_125909] 
/-TEST COMPLETE-----------------------------------------------------------------
| Test Output:    C:\projects\OnlineWebApplication\output\20190919_125909\OnlineFlightBooking.20190919_125911.001.xlsx
| Iteration:      1
\-------------------------------------------------------------------------------
» Execution Time: 30088 ms
» Test Steps:     18
» Error(s):       1



2019-09-19 12:59:49,754|I|Thread-1|[20190919_125909] 
/-TEST COMPLETE-----------------------------------------------------------------
| Test Script:    C:\projects\OnlineWebApplication\artifact\script\OnlineFlightBooking.xlsx
\-------------------------------------------------------------------------------
» Execution Time: 40243 ms
» Iterations:     [1] total 1
» Test Steps:     18
» Passed:         17
» Error(s):       1
» Iteration 1 of 1: C:\projects\OnlineWebApplication\output\20190919_125909\OnlineFlightBooking.20190919_125911.001.xlsx



2019-09-19 12:59:49,787|I|main|[20190919_125909] [C:\projects\OnlineWebApplication\artifact\script\OnlineFlightBooking.xlsx] now completed
2019-09-19 12:59:49,789|I|main|[20190919_125909] all execution thread(s) have terminated
2019-09-19 12:59:49,789|I|main|[20190919_125909] test run completed in about 40 seconds
2019-09-19 12:59:49,926|I|main|No predefined nexial-setup found
2019-09-19 12:59:50,011|I|main|outputBase not set; output-to-cloud DISABLED!
2019-09-19 12:59:50,016|I|main|accessKey not set; output-to-cloud DISABLED!
2019-09-19 12:59:50,017|I|main|secretKey not set; output-to-cloud DISABLED!
2019-09-19 12:59:50,033|I|main|generating HTML output for this execution to C:\projects\OnlineWebApplication\output\20190919_125909\execution-output.html
2019-09-19 12:59:51,015|I|main|generating JUnit XML output for this execution to C:\projects\OnlineWebApplication\output\20190919_125909\junit.xml
2019-09-19 12:59:51,085|I|main|Generated JUnit report for this execution: C:\projects\OnlineWebApplication\output\20190919_125909\junit.xml
2019-09-19 12:59:51,104|I|main|nexial mailer not enabled: nexial.enableEmail=false
2019-09-19 12:59:51,105|I|main|skipped email notification as configured
2019-09-19 12:59:51,107|I|main|Exiting Nexial...
2019-09-19 12:59:51,107|I|main|shutdown starts...
2019-09-19 12:59:51,110|I|main|Shutting down 'chrome' webdriver...
2019-09-19 12:59:58,041|I|main|shutdown ends...
2019-09-19 12:59:58,046|I|main|

/-END OF EXECUTION--------------------------------------------------------------
| » Execution Time: 40 sec.
| » Test Steps:     18
| » Passed:         17
| » Failed:         1
| » Success Rate:   94.44%
\---------------------------------------------------------------nexial-core 2.2_0488-

2019-09-19 12:59:58,048|E|main|failure found; success rate is 94.44%
2019-09-19 12:59:58,063|I|main|End of Execution:
OUTPUT:       C:\projects\OnlineWebApplication\output\20190919_125909
EXECUTION:    C:\projects\OnlineWebApplication\output\20190919_125909\execution-output.html
JUNIT XML:    C:\projects\OnlineWebApplication\output\20190919_125909\junit.xml
SUCCESS RATE: 94.44%
EXIT STATUS:  -13
2019-09-19 12:59:58,069|I|main|End of Execution:
NEXIAL_OUTPUT:         C:\projects\OnlineWebApplication\output\20190919_125909
NEXIAL_EXECUTION_HTML: C:\projects\OnlineWebApplication\output\20190919_125909\execution-output.html
NEXIAL_JUNIT_XML:      C:\projects\OnlineWebApplication\output\20190919_125909\junit.xml
NEXIAL_SUCCESS_RATE:   94.44%
NEXIAL_EXIT_STATUS:    -13
