2019-09-19 12:35:25,853|I|Thread-1|(DELAYED) nexial-core 2.2_0488 starting up...
2019-09-19 12:35:25,858|I|Thread-1|(DELAYED) data file resolved as C:\Users\SANDHI~1.MUN\AppData\Local\Temp\cadaz\OnlineFlightBooking.data.xlsx
2019-09-19 12:35:25,858|I|Thread-1|(DELAYED) input files and output directory resolved...
2019-09-19 12:35:25,858|I|Thread-1|(DELAYED) No predefined nexial-setup found
2019-09-19 12:35:25,858|I|Thread-1|(DELAYED) [20190919_123525] [C:\projects\OnlineWebApplication\artifact\script\OnlineFlightBooking.xlsx] resolve RUN ID as 20190919_123525
2019-09-19 12:35:25,859|I|Thread-1|(DELAYED) [20190919_123525] [C:\projects\OnlineWebApplication\artifact\script\OnlineFlightBooking.xlsx] new thread started
2019-09-19 12:35:25,859|I|Thread-1|No predefined nexial-setup found
2019-09-19 12:35:25,959|I|Thread-1|outputBase not set; output-to-cloud DISABLED!
2019-09-19 12:35:25,960|I|Thread-1|accessKey not set; output-to-cloud DISABLED!
2019-09-19 12:35:25,961|I|Thread-1|secretKey not set; output-to-cloud DISABLED!
2019-09-19 12:35:25,991|I|Thread-1|missing REQUIRED configuration; sms DISABLED!
2019-09-19 12:35:26,874|I|Thread-1|[20190919_123525] executing C:\projects\OnlineWebApplication\artifact\script\OnlineFlightBooking.xlsx with 1 iteration(s)
2019-09-19 12:35:26,879|I|Thread-1|[20190919_123525] create directory C:\projects\OnlineWebApplication\output\20190919_123525\captures
2019-09-19 12:35:26,881|I|Thread-1|[20190919_123525] create directory C:\projects\OnlineWebApplication\output\20190919_123525\logs
2019-09-19 12:35:27,756|I|Thread-1|[20190919_123525] merging test data to tmp file C:\projects\OnlineWebApplication\output\20190919_123525\OnlineFlightBooking.20190919_123526.001.xlsx
2019-09-19 12:35:27,757|I|Thread-1|refetching data from C:\projects\OnlineWebApplication\artifact\data\OnlineFlightBooking.data.xlsx
2019-09-19 12:35:28,109|I|Thread-1|[20190919_123525] test script and test data merged to C:\projects\OnlineWebApplication\output\20190919_123525\OnlineFlightBooking.20190919_123526.001.xlsx
2019-09-19 12:35:28,981|I|Thread-1|STARTS
2019-09-19 12:35:29,010|I|Thread-1|OnlineFlightBooking.20190919_123526.001 - executing iteration #1 of 1; Iteration Id 1
2019-09-19 12:35:29,018|I|Thread-1|OnlineFlightBooking.20190919_123526.001|BookingFlight - executing test scenario
2019-09-19 12:35:29,021|I|Thread-1|OnlineFlightBooking.20190919_123526.001|BookingFlight|OpenUrl - executing activity
2019-09-19 12:35:29,625|I|Thread-1|OnlineFlightBooking.20190919_123526.001|BookingFlight|OpenUrl|#  5|web.open(url) - executing open(url)(https://www.goibibo.com/)
2019-09-19 12:35:29,630|I|Thread-1|No valid instance of webdriver, initializing...
2019-09-19 12:35:29,632|I|Thread-1|init chrome
2019-09-19 12:35:32,955|I|Thread-1|browser initialization completed for 'chrome'
2019-09-19 12:35:33,004|I|Thread-1|setting browser polling wait time to 800 ms
2019-09-19 12:35:33,025|I|Thread-1|setting browser page load timeout to 10000 ms
2019-09-19 12:35:33,087|I|Thread-1|OnlineFlightBooking.20190919_123526.001|BookingFlight|OpenUrl|#  5|web.open(url) - default browser stability wait time is 3000 ms
2019-09-19 12:35:39,870|I|Thread-1|current browser window handle:CDwindow-1AAD74A16B21B66DD0BABF21DF528A84
2019-09-19 12:35:39,922|I|Thread-1|OnlineFlightBooking.20190919_123526.001|BookingFlight|OpenUrl|#  5|web.open(url) - PASS opened URL https://www.goibibo.com/
2019-09-19 12:35:39,926|I|Thread-1|OnlineFlightBooking.20190919_123526.001|BookingFlight|maximize - executing activity
2019-09-19 12:35:40,528|I|Thread-1|OnlineFlightBooking.20190919_123526.001|BookingFlight|maximize|#  6|web.maximizeWindow() - executing maximizeWindow()()
2019-09-19 12:35:41,720|I|Thread-1|OnlineFlightBooking.20190919_123526.001|BookingFlight|maximize|#  6|web.maximizeWindow() - PASS browser window maximized
2019-09-19 12:35:41,733|I|Thread-1|OnlineFlightBooking.20190919_123526.001|BookingFlight|clickOnSource - executing activity
2019-09-19 12:35:42,336|I|Thread-1|OnlineFlightBooking.20190919_123526.001|BookingFlight|clickOnSource|#  7|web.click(locator) - executing click(locator)(${txt.source.loc})
2019-09-19 12:35:42,388|I|Thread-1|clicking '//input[@id='gosuggest_inputSrc']'...
2019-09-19 12:35:42,448|I|Thread-1|click target via JS, @id=gosuggest_inputSrc
2019-09-19 12:35:42,537|I|Thread-1|clicked -> true
2019-09-19 12:35:42,874|I|Thread-1|OnlineFlightBooking.20190919_123526.001|BookingFlight|clickOnSource|#  7|web.click(locator) - PASS click via JS event
2019-09-19 12:35:42,887|I|Thread-1|OnlineFlightBooking.20190919_123526.001|BookingFlight|TypeSource - executing activity
2019-09-19 12:35:43,503|I|Thread-1|OnlineFlightBooking.20190919_123526.001|BookingFlight|TypeSource|#  8|web.type(locator,value) - executing type(locator,value)(${txt.source.loc}, ${sourceLocation})
2019-09-19 12:35:43,970|I|Thread-1|OnlineFlightBooking.20190919_123526.001|BookingFlight|TypeSource|#  8|web.type(locator,value) - PASS typed text at '//input[@id='gosuggest_inputSrc']'
2019-09-19 12:35:43,978|I|Thread-1|OnlineFlightBooking.20190919_123526.001|BookingFlight|ClickDownArrowSrc - executing activity
2019-09-19 12:35:44,579|I|Thread-1|OnlineFlightBooking.20190919_123526.001|BookingFlight|ClickDownArrowSrc|#  9|web.typeKeys(locator,valu - executing typeKeys(locator,value)(${txt.source.loc}, ${downArrow})
2019-09-19 12:35:45,235|I|Thread-1|OnlineFlightBooking.20190919_123526.001|BookingFlight|ClickDownArrowSrc|#  9|web.typeKeys(locator,valu - PASS typed text at '//input[@id='gosuggest_inputSrc']'
2019-09-19 12:35:45,241|I|Thread-1|OnlineFlightBooking.20190919_123526.001|BookingFlight|ClickEnterSrc - executing activity
2019-09-19 12:35:45,843|I|Thread-1|OnlineFlightBooking.20190919_123526.001|BookingFlight|ClickEnterSrc|# 10|web.typeKeys(locator,valu - executing typeKeys(locator,value)(${txt.source.loc}, ${enterKey})
2019-09-19 12:35:46,477|I|Thread-1|OnlineFlightBooking.20190919_123526.001|BookingFlight|ClickEnterSrc|# 10|web.typeKeys(locator,valu - PASS typed text at '//input[@id='gosuggest_inputSrc']'
2019-09-19 12:35:46,481|I|Thread-1|OnlineFlightBooking.20190919_123526.001|BookingFlight|TypeDestination - executing activity
2019-09-19 12:35:47,083|I|Thread-1|OnlineFlightBooking.20190919_123526.001|BookingFlight|TypeDestination|# 11|web.type(locator,value) - executing type(locator,value)(${txt.destination.loc}, ${destinationLocation})
2019-09-19 12:35:47,361|I|Thread-1|OnlineFlightBooking.20190919_123526.001|BookingFlight|TypeDestination|# 11|web.type(locator,value) - PASS typed text at '//input[@id='gosuggest_inputDest']'
2019-09-19 12:35:47,365|I|Thread-1|OnlineFlightBooking.20190919_123526.001|BookingFlight|ClickDownArrowDest - executing activity
2019-09-19 12:35:47,966|I|Thread-1|OnlineFlightBooking.20190919_123526.001|BookingFlight|ClickDownArrowDest|# 12|web.typeKeys(locator,valu - executing typeKeys(locator,value)(${txt.destination.loc}, ${downArrow})
2019-09-19 12:35:48,602|I|Thread-1|OnlineFlightBooking.20190919_123526.001|BookingFlight|ClickDownArrowDest|# 12|web.typeKeys(locator,valu - PASS typed text at '//input[@id='gosuggest_inputDest']'
2019-09-19 12:35:48,606|I|Thread-1|OnlineFlightBooking.20190919_123526.001|BookingFlight|ClickEnterDes - executing activity
2019-09-19 12:35:49,209|I|Thread-1|OnlineFlightBooking.20190919_123526.001|BookingFlight|ClickEnterDes|# 13|web.typeKeys(locator,valu - executing typeKeys(locator,value)(${txt.destination.loc}, ${enterKey})
2019-09-19 12:35:49,873|I|Thread-1|OnlineFlightBooking.20190919_123526.001|BookingFlight|ClickEnterDes|# 13|web.typeKeys(locator,valu - PASS typed text at '//input[@id='gosuggest_inputDest']'
2019-09-19 12:35:49,878|I|Thread-1|OnlineFlightBooking.20190919_123526.001|BookingFlight|SelectDepartureDate - executing activity
2019-09-19 12:35:50,480|I|Thread-1|OnlineFlightBooking.20190919_123526.001|BookingFlight|SelectDepartureDate|# 14|web.click(locator) - executing click(locator)(${btn.departdate.loc})
2019-09-19 12:35:50,529|I|Thread-1|clicking '//div[@class='DayPicker-Body']/div[4]/div[5]/div'...
2019-09-19 12:35:50,561|I|Thread-1|click target via JS, @id=fare_20190926
2019-09-19 12:35:50,627|I|Thread-1|clicked -> true
2019-09-19 12:35:50,629|I|Thread-1|OnlineFlightBooking.20190919_123526.001|BookingFlight|SelectDepartureDate|# 14|web.click(locator) - PASS click via JS event
2019-09-19 12:35:50,631|I|Thread-1|OnlineFlightBooking.20190919_123526.001|BookingFlight|ClickReturnDate - executing activity
2019-09-19 12:35:51,233|I|Thread-1|OnlineFlightBooking.20190919_123526.001|BookingFlight|ClickReturnDate|# 15|web.click(locator) - executing click(locator)(${txt.returndate.loc})
2019-09-19 12:35:51,271|I|Thread-1|clicking '//input[@id='returnCalendar']'...
2019-09-19 12:35:51,302|I|Thread-1|click target via JS, @id=returnCalendar
2019-09-19 12:35:51,388|I|Thread-1|clicked -> true
2019-09-19 12:35:51,391|I|Thread-1|OnlineFlightBooking.20190919_123526.001|BookingFlight|ClickReturnDate|# 15|web.click(locator) - PASS click via JS event
2019-09-19 12:35:51,393|I|Thread-1|OnlineFlightBooking.20190919_123526.001|BookingFlight|SelectReturnDate - executing activity
2019-09-19 12:35:51,995|I|Thread-1|OnlineFlightBooking.20190919_123526.001|BookingFlight|SelectReturnDate|# 16|web.click(locator) - executing click(locator)(${btn.returndate.loc})
2019-09-19 12:35:52,034|I|Thread-1|clicking '//div[@class='DayPicker-Week'][5]/div[2]/div'...
2019-09-19 12:35:52,062|I|Thread-1|click target via JS, @id=fare_20190930
2019-09-19 12:35:52,113|I|Thread-1|clicked -> true
2019-09-19 12:35:52,116|I|Thread-1|OnlineFlightBooking.20190919_123526.001|BookingFlight|SelectReturnDate|# 16|web.click(locator) - PASS click via JS event
2019-09-19 12:35:52,118|I|Thread-1|OnlineFlightBooking.20190919_123526.001|BookingFlight|ClickSearch - executing activity
2019-09-19 12:35:52,719|I|Thread-1|OnlineFlightBooking.20190919_123526.001|BookingFlight|ClickSearch|# 17|web.click(locator) - executing click(locator)(${btn.search.loc})
2019-09-19 12:35:52,759|I|Thread-1|clicking '//div[@class='justifyCenter col-md-1 col-sm-12 dF padLR0']/button'...
2019-09-19 12:35:52,783|I|Thread-1|click target via JS, @id=gi_search_btn
2019-09-19 12:35:52,967|I|Thread-1|clicked -> true
2019-09-19 12:35:52,969|I|Thread-1|OnlineFlightBooking.20190919_123526.001|BookingFlight|ClickSearch|# 17|web.click(locator) - PASS click via JS event
2019-09-19 12:35:52,980|I|Thread-1|OnlineFlightBooking.20190919_123526.001|BookingFlight|clickFlight - executing activity
2019-09-19 12:35:53,583|I|Thread-1|OnlineFlightBooking.20190919_123526.001|BookingFlight|clickFlight|# 18|web.click(locator) - executing click(locator)(${btn.flight.loc})
2019-09-19 12:35:54,492|I|Thread-1|OnlineFlightBooking.20190919_123526.001|BookingFlight|clickFlight|# 18|web.click(locator) - FAIL No element via locator '(//span[@class='custRad'])[5]/label'
2019-09-19 12:35:54,498|I|Thread-1|OnlineFlightBooking.20190919_123526.001|BookingFlight|ClickBook - executing activity
2019-09-19 12:35:55,100|I|Thread-1|OnlineFlightBooking.20190919_123526.001|BookingFlight|ClickBook|# 19|web.click(locator) - executing click(locator)(${btn.book.loc})
2019-09-19 12:35:56,337|I|Thread-1|OnlineFlightBooking.20190919_123526.001|BookingFlight|ClickBook|# 19|web.click(locator) - FAIL No element via locator '//div[@class='dF alignItemsEnd width30 padL5 padB3 justifyEnd fltHpySumryPrc']/span[2]/span/input'
2019-09-19 12:35:56,342|I|Thread-1|OnlineFlightBooking.20190919_123526.001|BookingFlight|writedatatocsv - executing activity
2019-09-19 12:35:56,946|I|Thread-1|OnlineFlightBooking.20190919_123526.001|BookingFlight|writedatatocsv|# 20|csv.fromExcel(excel,works - executing fromExcel(excel,worksheet,csvFile)(${DataFileLocation}, BookingFlight, ${CSVFileLocation})
2019-09-19 12:35:57,594|I|Thread-1|OnlineFlightBooking.20190919_123526.001|BookingFlight|writedatatocsv|# 20|csv.fromExcel(excel,works - PASS File converted to CSV
2019-09-19 12:35:58,493|I|Thread-1|[OnlineFlightBooking.20190919_123526.001|BookingFlight] saving test scenario
2019-09-19 12:35:58,959|I|Thread-1|[20190919_123525] 
/-TEST COMPLETE-----------------------------------------------------------------
| Test Output:    C:\projects\OnlineWebApplication\output\20190919_123525\OnlineFlightBooking.20190919_123526.001.xlsx
| Iteration:      1
\-------------------------------------------------------------------------------
» Execution Time: 29857 ms
» Test Steps:     16
» Error(s):       2



2019-09-19 12:36:01,388|I|Thread-1|[20190919_123525] 
/-TEST COMPLETE-----------------------------------------------------------------
| Test Script:    C:\projects\OnlineWebApplication\artifact\script\OnlineFlightBooking.xlsx
\-------------------------------------------------------------------------------
» Execution Time: 35726 ms
» Iterations:     [1] total 1
» Test Steps:     16
» Passed:         14
» Error(s):       2
» Iteration 1 of 1: C:\projects\OnlineWebApplication\output\20190919_123525\OnlineFlightBooking.20190919_123526.001.xlsx



2019-09-19 12:36:01,705|I|main|[20190919_123525] [C:\projects\OnlineWebApplication\artifact\script\OnlineFlightBooking.xlsx] now completed
2019-09-19 12:36:01,706|I|main|[20190919_123525] all execution thread(s) have terminated
2019-09-19 12:36:01,707|I|main|[20190919_123525] test run completed in about 36 seconds
2019-09-19 12:36:01,840|I|main|No predefined nexial-setup found
2019-09-19 12:36:01,870|I|main|outputBase not set; output-to-cloud DISABLED!
2019-09-19 12:36:01,871|I|main|accessKey not set; output-to-cloud DISABLED!
2019-09-19 12:36:01,872|I|main|secretKey not set; output-to-cloud DISABLED!
2019-09-19 12:36:01,873|I|main|generating HTML output for this execution to C:\projects\OnlineWebApplication\output\20190919_123525\execution-output.html
2019-09-19 12:36:02,510|I|main|generating JUnit XML output for this execution to C:\projects\OnlineWebApplication\output\20190919_123525\junit.xml
2019-09-19 12:36:02,569|I|main|Generated JUnit report for this execution: C:\projects\OnlineWebApplication\output\20190919_123525\junit.xml
2019-09-19 12:36:02,586|I|main|nexial mailer not enabled: nexial.enableEmail=false
2019-09-19 12:36:02,587|I|main|skipped email notification as configured
2019-09-19 12:36:02,589|I|main|Exiting Nexial...
2019-09-19 12:36:02,590|I|main|shutdown starts...
2019-09-19 12:36:02,592|I|main|Shutting down 'chrome' webdriver...
2019-09-19 12:36:11,336|I|main|shutdown ends...
2019-09-19 12:36:11,344|I|main|

/-END OF EXECUTION--------------------------------------------------------------
| » Execution Time: 36 sec.
| » Test Steps:     16
| » Passed:         14
| » Failed:         2
| » Success Rate:   87.50%
\---------------------------------------------------------------nexial-core 2.2_0488-

2019-09-19 12:36:11,353|E|main|failure found; success rate is 87.50%
2019-09-19 12:36:11,358|I|main|End of Execution:
OUTPUT:       C:\projects\OnlineWebApplication\output\20190919_123525
EXECUTION:    C:\projects\OnlineWebApplication\output\20190919_123525\execution-output.html
JUNIT XML:    C:\projects\OnlineWebApplication\output\20190919_123525\junit.xml
SUCCESS RATE: 87.50%
EXIT STATUS:  -13
2019-09-19 12:36:11,369|I|main|End of Execution:
NEXIAL_OUTPUT:         C:\projects\OnlineWebApplication\output\20190919_123525
NEXIAL_EXECUTION_HTML: C:\projects\OnlineWebApplication\output\20190919_123525\execution-output.html
NEXIAL_JUNIT_XML:      C:\projects\OnlineWebApplication\output\20190919_123525\junit.xml
NEXIAL_SUCCESS_RATE:   87.50%
NEXIAL_EXIT_STATUS:    -13
