2019-09-19 12:09:23,845|I|Thread-1|(DELAYED) nexial-core 2.2_0488 starting up...
2019-09-19 12:09:23,862|I|Thread-1|(DELAYED) data file resolved as C:\Users\SANDHI~1.MUN\AppData\Local\Temp\GocKD\gmail.data.xlsx
2019-09-19 12:09:23,862|I|Thread-1|(DELAYED) input files and output directory resolved...
2019-09-19 12:09:23,862|I|Thread-1|(DELAYED) No predefined nexial-setup found
2019-09-19 12:09:23,862|I|Thread-1|(DELAYED) [20190919_120923] [C:\projects\OnlineWebApplication\artifact\script\gmail.xlsx] resolve RUN ID as 20190919_120923
2019-09-19 12:09:23,862|I|Thread-1|(DELAYED) [20190919_120923] [C:\projects\OnlineWebApplication\artifact\script\gmail.xlsx] new thread started
2019-09-19 12:09:23,863|I|Thread-1|No predefined nexial-setup found
2019-09-19 12:09:24,011|I|Thread-1|outputBase not set; output-to-cloud DISABLED!
2019-09-19 12:09:24,011|I|Thread-1|accessKey not set; output-to-cloud DISABLED!
2019-09-19 12:09:24,012|I|Thread-1|secretKey not set; output-to-cloud DISABLED!
2019-09-19 12:09:24,055|I|Thread-1|missing REQUIRED configuration; sms DISABLED!
2019-09-19 12:09:25,043|I|Thread-1|[20190919_120923] executing C:\projects\OnlineWebApplication\artifact\script\gmail.xlsx with 1 iteration(s)
2019-09-19 12:09:25,049|I|Thread-1|[20190919_120923] create directory C:\projects\OnlineWebApplication\output\20190919_120923\captures
2019-09-19 12:09:25,051|I|Thread-1|[20190919_120923] create directory C:\projects\OnlineWebApplication\output\20190919_120923\logs
2019-09-19 12:09:25,820|I|Thread-1|[20190919_120923] merging test data to tmp file C:\projects\OnlineWebApplication\output\20190919_120923\gmail.20190919_120925.001.xlsx
2019-09-19 12:09:25,822|I|Thread-1|refetching data from C:\projects\OnlineWebApplication\artifact\data\gmail.data.xlsx
2019-09-19 12:09:26,482|I|Thread-1|[20190919_120923] test script and test data merged to C:\projects\OnlineWebApplication\output\20190919_120923\gmail.20190919_120925.001.xlsx
2019-09-19 12:09:27,357|I|Thread-1|STARTS
2019-09-19 12:09:27,386|I|Thread-1|gmail.20190919_120925.001 - executing iteration #1 of 1; Iteration Id 1
2019-09-19 12:09:27,418|I|Thread-1|gmail.20190919_120925.001|Scenario - executing test scenario
2019-09-19 12:09:27,420|I|Thread-1|gmail.20190919_120925.001|Scenario|Activity 1 - executing activity
2019-09-19 12:09:28,023|I|Thread-1|gmail.20190919_120925.001|Scenario|Activity 1|#  5|base.verbose(text) - executing verbose(text)(Hello World! It's now $(sysdate|now|yyyy-MM-dd HH:mm:ss.S))
2019-09-19 12:09:28,080|I|Thread-1|gmail.20190919_120925.001|Scenario|Activity 1|#  5|base.verbose(text) - Hello World! It's now 2019-09-19 12:09:28.30
2019-09-19 12:09:28,301|I|Thread-1|gmail.20190919_120925.001|Scenario|Activity 1|#  5|base.verbose(text) - PASS 
2019-09-19 12:09:28,304|I|Thread-1|gmail.20190919_120925.001|Scenario|openUrl - executing activity
2019-09-19 12:09:28,905|I|Thread-1|gmail.20190919_120925.001|Scenario|openUrl|#  6|web.open(url) - executing open(url)(https://accounts.google.com)
2019-09-19 12:09:28,913|I|Thread-1|No valid instance of webdriver, initializing...
2019-09-19 12:09:28,921|I|Thread-1|init chrome
2019-09-19 12:09:36,109|I|Thread-1|browser initialization completed for 'chrome'
2019-09-19 12:09:36,150|I|Thread-1|setting browser polling wait time to 800 ms
2019-09-19 12:09:36,182|I|Thread-1|setting browser page load timeout to 10000 ms
2019-09-19 12:09:36,258|I|Thread-1|gmail.20190919_120925.001|Scenario|openUrl|#  6|web.open(url) - default browser stability wait time is 3000 ms
2019-09-19 12:09:41,186|I|Thread-1|current browser window handle:CDwindow-6F4B6484D0E965E26138E1661E5AA0A0
2019-09-19 12:09:41,250|I|Thread-1|gmail.20190919_120925.001|Scenario|openUrl|#  6|web.open(url) - PASS opened URL https://accounts.google.com
2019-09-19 12:09:41,272|I|Thread-1|gmail.20190919_120925.001|Scenario|Email - executing activity
2019-09-19 12:09:41,898|I|Thread-1|gmail.20190919_120925.001|Scenario|Email|#  7|web.type(locator,value) - executing type(locator,value)(${txt.email.loc}, ${email})
2019-09-19 12:09:41,917|E|Thread-1|invalid locator:
2019-09-19 12:09:41,918|E|Thread-1|invalid locator:
2019-09-19 12:09:41,923|I|Thread-1|gmail.20190919_120925.001|Scenario|Email|#  7|web.type(locator,value) - FAIL invalid locator:
2019-09-19 12:09:41,925|I|Thread-1|gmail.20190919_120925.001|Scenario|NextButton - executing activity
2019-09-19 12:09:42,527|I|Thread-1|gmail.20190919_120925.001|Scenario|NextButton|#  8|web.click(locator) - executing click(locator)(${btn.next.loc})
2019-09-19 12:09:42,539|E|Thread-1|invalid locator:
2019-09-19 12:09:42,540|E|Thread-1|invalid locator:
2019-09-19 12:09:42,543|I|Thread-1|gmail.20190919_120925.001|Scenario|NextButton|#  8|web.click(locator) - FAIL invalid locator:
2019-09-19 12:09:42,544|I|Thread-1|gmail.20190919_120925.001|Scenario|password - executing activity
2019-09-19 12:09:43,147|I|Thread-1|gmail.20190919_120925.001|Scenario|password|#  9|web.type(locator,value) - executing type(locator,value)(${txt.pass.loc}, ${TopSecret})
2019-09-19 12:09:44,036|E|Thread-1|[20190919_120923] EXECUTING COMMAND: web.type(locator,value)('//div[@id='divPassword']/input', 'd88c8735241349bc99bdfd8a8e63ebc5e351f13efe7e9f937ee49edad3cdfa1e')
Specified element not found: no such element: Unable to locate element: {"method":"xpath","selector":"//div[@id='divPassword']/input"}   (Session info: chrome=77.0.3865.90)...
2019-09-19 12:09:44,040|I|Thread-1|gmail.20190919_120925.001|Scenario|password|#  9|web.type(locator,value) - FAIL EXECUTING COMMAND: web.type(locator,value)('//div[@id='divPassword']/input', 'd88c8735241349bc99bdfd8a8e63ebc5e351f13efe7e9f937ee49edad3cdfa1e')
Specified element not found: no such element: Unable to locate element: {"method":"xpath","selector":"//div[@id='divPassword']/input"}   (Session info: chrome=77.0.3865.90)...
2019-09-19 12:09:44,048|I|Thread-1|gmail.20190919_120925.001|Scenario|submitButton - executing activity
2019-09-19 12:09:44,651|I|Thread-1|gmail.20190919_120925.001|Scenario|submitButton|# 10|web.click(locator) - executing click(locator)(${btn.submit.loc})
2019-09-19 12:09:44,681|E|Thread-1|invalid locator:
2019-09-19 12:09:44,682|E|Thread-1|invalid locator:
2019-09-19 12:09:48,142|I|Thread-1|gmail.20190919_120925.001|Scenario|submitButton|# 10|web.click(locator) - FAIL invalid locator:
2019-09-19 12:09:48,320|I|Thread-1|[gmail.20190919_120925.001|Scenario] saving test scenario
2019-09-19 12:09:48,645|I|Thread-1|[20190919_120923] 
/-TEST COMPLETE-----------------------------------------------------------------
| Test Output:    C:\projects\OnlineWebApplication\output\20190919_120923\gmail.20190919_120925.001.xlsx
| Iteration:      1
\-------------------------------------------------------------------------------
» Execution Time: 21247 ms
» Test Steps:     6
» Error(s):       4



2019-09-19 12:09:51,166|I|Thread-1|[20190919_120923] 
/-TEST COMPLETE-----------------------------------------------------------------
| Test Script:    C:\projects\OnlineWebApplication\artifact\script\gmail.xlsx
\-------------------------------------------------------------------------------
» Execution Time: 27535 ms
» Iterations:     [1] total 1
» Test Steps:     6
» Passed:         2
» Error(s):       4
» Iteration 1 of 1: C:\projects\OnlineWebApplication\output\20190919_120923\gmail.20190919_120925.001.xlsx



2019-09-19 12:09:51,642|I|main|[20190919_120923] [C:\projects\OnlineWebApplication\artifact\script\gmail.xlsx] now completed
2019-09-19 12:09:51,643|I|main|[20190919_120923] all execution thread(s) have terminated
2019-09-19 12:09:51,644|I|main|[20190919_120923] test run completed in about 28 seconds
2019-09-19 12:09:51,746|I|main|No predefined nexial-setup found
2019-09-19 12:09:51,779|I|main|outputBase not set; output-to-cloud DISABLED!
2019-09-19 12:09:51,781|I|main|accessKey not set; output-to-cloud DISABLED!
2019-09-19 12:09:51,781|I|main|secretKey not set; output-to-cloud DISABLED!
2019-09-19 12:09:51,785|I|main|generating HTML output for this execution to C:\projects\OnlineWebApplication\output\20190919_120923\execution-output.html
2019-09-19 12:09:52,579|I|main|generating JUnit XML output for this execution to C:\projects\OnlineWebApplication\output\20190919_120923\junit.xml
2019-09-19 12:09:52,645|I|main|Generated JUnit report for this execution: C:\projects\OnlineWebApplication\output\20190919_120923\junit.xml
2019-09-19 12:09:52,665|I|main|nexial mailer not enabled: nexial.enableEmail=false
2019-09-19 12:09:52,666|I|main|skipped email notification as configured
2019-09-19 12:09:52,670|I|main|Exiting Nexial...
2019-09-19 12:09:52,670|I|main|shutdown starts...
2019-09-19 12:09:52,674|I|main|Shutting down 'chrome' webdriver...
2019-09-19 12:10:01,440|I|main|shutdown ends...
2019-09-19 12:10:01,441|I|main|

/-END OF EXECUTION--------------------------------------------------------------
| » Execution Time: 28 sec.
| » Test Steps:     6
| » Passed:         2
| » Failed:         4
| » Success Rate:   33.33%
\---------------------------------------------------------------nexial-core 2.2_0488-

2019-09-19 12:10:01,441|E|main|failure found; success rate is 33.33%
2019-09-19 12:10:01,443|I|main|End of Execution:
OUTPUT:       C:\projects\OnlineWebApplication\output\20190919_120923
EXECUTION:    C:\projects\OnlineWebApplication\output\20190919_120923\execution-output.html
JUNIT XML:    C:\projects\OnlineWebApplication\output\20190919_120923\junit.xml
SUCCESS RATE: 33.33%
EXIT STATUS:  -13
2019-09-19 12:10:01,444|I|main|End of Execution:
NEXIAL_OUTPUT:         C:\projects\OnlineWebApplication\output\20190919_120923
NEXIAL_EXECUTION_HTML: C:\projects\OnlineWebApplication\output\20190919_120923\execution-output.html
NEXIAL_JUNIT_XML:      C:\projects\OnlineWebApplication\output\20190919_120923\junit.xml
NEXIAL_SUCCESS_RATE:   33.33%
NEXIAL_EXIT_STATUS:    -13
