2019-09-19 12:31:28,227|I|Thread-1|(DELAYED) nexial-core 2.2_0488 starting up...
2019-09-19 12:31:28,231|I|Thread-1|(DELAYED) data file resolved as C:\Users\SANDHI~1.MUN\AppData\Local\Temp\tVeLU\OnlineFlightBooking.data.xlsx
2019-09-19 12:31:28,232|I|Thread-1|(DELAYED) input files and output directory resolved...
2019-09-19 12:31:28,233|I|Thread-1|(DELAYED) No predefined nexial-setup found
2019-09-19 12:31:28,233|I|Thread-1|(DELAYED) [20190919_123127] [C:\projects\OnlineWebApplication\artifact\script\OnlineFlightBooking.xlsx] resolve RUN ID as 20190919_123127
2019-09-19 12:31:28,233|I|Thread-1|(DELAYED) [20190919_123127] [C:\projects\OnlineWebApplication\artifact\script\OnlineFlightBooking.xlsx] new thread started
2019-09-19 12:31:28,233|I|Thread-1|No predefined nexial-setup found
2019-09-19 12:31:28,325|I|Thread-1|outputBase not set; output-to-cloud DISABLED!
2019-09-19 12:31:28,326|I|Thread-1|accessKey not set; output-to-cloud DISABLED!
2019-09-19 12:31:28,327|I|Thread-1|secretKey not set; output-to-cloud DISABLED!
2019-09-19 12:31:28,353|I|Thread-1|missing REQUIRED configuration; sms DISABLED!
2019-09-19 12:31:29,244|I|Thread-1|[20190919_123127] executing C:\projects\OnlineWebApplication\artifact\script\OnlineFlightBooking.xlsx with 1 iteration(s)
2019-09-19 12:31:29,250|I|Thread-1|[20190919_123127] create directory C:\projects\OnlineWebApplication\output\20190919_123127\captures
2019-09-19 12:31:29,254|I|Thread-1|[20190919_123127] create directory C:\projects\OnlineWebApplication\output\20190919_123127\logs
2019-09-19 12:31:30,132|I|Thread-1|[20190919_123127] merging test data to tmp file C:\projects\OnlineWebApplication\output\20190919_123127\OnlineFlightBooking.20190919_123129.001.xlsx
2019-09-19 12:31:30,134|I|Thread-1|refetching data from C:\projects\OnlineWebApplication\artifact\data\OnlineFlightBooking.data.xlsx
2019-09-19 12:31:30,504|I|Thread-1|[20190919_123127] test script and test data merged to C:\projects\OnlineWebApplication\output\20190919_123127\OnlineFlightBooking.20190919_123129.001.xlsx
2019-09-19 12:31:31,244|I|Thread-1|STARTS
2019-09-19 12:31:31,270|I|Thread-1|OnlineFlightBooking.20190919_123129.001 - executing iteration #1 of 1; Iteration Id 1
2019-09-19 12:31:31,280|I|Thread-1|OnlineFlightBooking.20190919_123129.001|BookingFlight - executing test scenario
2019-09-19 12:31:31,282|I|Thread-1|OnlineFlightBooking.20190919_123129.001|BookingFlight|OpenUrl - executing activity
2019-09-19 12:31:31,885|I|Thread-1|OnlineFlightBooking.20190919_123129.001|BookingFlight|OpenUrl|#  5|web.open(url) - executing open(url)(https://www.goibibo.com/)
2019-09-19 12:31:31,891|I|Thread-1|No valid instance of webdriver, initializing...
2019-09-19 12:31:31,894|I|Thread-1|init chrome
2019-09-19 12:31:35,014|I|Thread-1|browser initialization completed for 'chrome'
2019-09-19 12:31:35,045|I|Thread-1|setting browser polling wait time to 800 ms
2019-09-19 12:31:35,066|I|Thread-1|setting browser page load timeout to 10000 ms
2019-09-19 12:31:35,147|I|Thread-1|OnlineFlightBooking.20190919_123129.001|BookingFlight|OpenUrl|#  5|web.open(url) - default browser stability wait time is 3000 ms
2019-09-19 12:31:41,470|I|Thread-1|current browser window handle:CDwindow-C151E5FD303F4E6DE16674148BCC3F88
2019-09-19 12:31:41,556|I|Thread-1|OnlineFlightBooking.20190919_123129.001|BookingFlight|OpenUrl|#  5|web.open(url) - PASS opened URL https://www.goibibo.com/
2019-09-19 12:31:41,561|I|Thread-1|OnlineFlightBooking.20190919_123129.001|BookingFlight|maximize - executing activity
2019-09-19 12:31:42,163|I|Thread-1|OnlineFlightBooking.20190919_123129.001|BookingFlight|maximize|#  6|web.maximizeWindow() - executing maximizeWindow()()
2019-09-19 12:31:43,427|I|Thread-1|OnlineFlightBooking.20190919_123129.001|BookingFlight|maximize|#  6|web.maximizeWindow() - PASS browser window maximized
2019-09-19 12:31:43,457|I|Thread-1|OnlineFlightBooking.20190919_123129.001|BookingFlight|clickOnSource - executing activity
2019-09-19 12:31:44,060|I|Thread-1|OnlineFlightBooking.20190919_123129.001|BookingFlight|clickOnSource|#  7|web.click(locator) - executing click(locator)(${txt.source.loc})
2019-09-19 12:31:44,103|I|Thread-1|clicking '//input[@id='gosuggest_inputSrc']'...
2019-09-19 12:31:44,144|I|Thread-1|click target via JS, @id=gosuggest_inputSrc
2019-09-19 12:31:44,189|I|Thread-1|clicked -> true
2019-09-19 12:31:44,514|I|Thread-1|OnlineFlightBooking.20190919_123129.001|BookingFlight|clickOnSource|#  7|web.click(locator) - PASS click via JS event
2019-09-19 12:31:44,522|I|Thread-1|OnlineFlightBooking.20190919_123129.001|BookingFlight|TypeSource - executing activity
2019-09-19 12:31:45,127|I|Thread-1|OnlineFlightBooking.20190919_123129.001|BookingFlight|TypeSource|#  8|web.type(locator,value) - executing type(locator,value)(${txt.source.loc}, ${sourceLocation})
2019-09-19 12:31:45,942|I|Thread-1|OnlineFlightBooking.20190919_123129.001|BookingFlight|TypeSource|#  8|web.type(locator,value) - PASS typed text at '//input[@id='gosuggest_inputSrc']'
2019-09-19 12:31:45,949|I|Thread-1|OnlineFlightBooking.20190919_123129.001|BookingFlight|ClickDownArrowSrc - executing activity
2019-09-19 12:31:46,553|I|Thread-1|OnlineFlightBooking.20190919_123129.001|BookingFlight|ClickDownArrowSrc|#  9|web.typeKeys(locator,valu - executing typeKeys(locator,value)(${txt.source.loc}, ${downArrow})
2019-09-19 12:31:47,296|I|Thread-1|OnlineFlightBooking.20190919_123129.001|BookingFlight|ClickDownArrowSrc|#  9|web.typeKeys(locator,valu - PASS typed text at '//input[@id='gosuggest_inputSrc']'
2019-09-19 12:31:47,300|I|Thread-1|OnlineFlightBooking.20190919_123129.001|BookingFlight|ClickEnterSrc - executing activity
2019-09-19 12:31:47,903|I|Thread-1|OnlineFlightBooking.20190919_123129.001|BookingFlight|ClickEnterSrc|# 10|web.typeKeys(locator,valu - executing typeKeys(locator,value)(${txt.source.loc}, ${enterKey})
2019-09-19 12:31:48,591|I|Thread-1|OnlineFlightBooking.20190919_123129.001|BookingFlight|ClickEnterSrc|# 10|web.typeKeys(locator,valu - PASS typed text at '//input[@id='gosuggest_inputSrc']'
2019-09-19 12:31:48,595|I|Thread-1|OnlineFlightBooking.20190919_123129.001|BookingFlight|TypeDestination - executing activity
2019-09-19 12:31:49,196|I|Thread-1|OnlineFlightBooking.20190919_123129.001|BookingFlight|TypeDestination|# 11|web.type(locator,value) - executing type(locator,value)(${txt.destination.loc}, ${destinationLocation})
2019-09-19 12:31:49,541|I|Thread-1|OnlineFlightBooking.20190919_123129.001|BookingFlight|TypeDestination|# 11|web.type(locator,value) - PASS typed text at '//input[@id='gosuggest_inputDest']'
2019-09-19 12:31:49,546|I|Thread-1|OnlineFlightBooking.20190919_123129.001|BookingFlight|ClickDownArrowDest - executing activity
2019-09-19 12:31:50,149|I|Thread-1|OnlineFlightBooking.20190919_123129.001|BookingFlight|ClickDownArrowDest|# 12|web.typeKeys(locator,valu - executing typeKeys(locator,value)(${txt.destination.loc}, ${downArrow})
2019-09-19 12:31:50,822|I|Thread-1|OnlineFlightBooking.20190919_123129.001|BookingFlight|ClickDownArrowDest|# 12|web.typeKeys(locator,valu - PASS typed text at '//input[@id='gosuggest_inputDest']'
2019-09-19 12:31:50,826|I|Thread-1|OnlineFlightBooking.20190919_123129.001|BookingFlight|ClickEnterDes - executing activity
2019-09-19 12:31:51,428|I|Thread-1|OnlineFlightBooking.20190919_123129.001|BookingFlight|ClickEnterDes|# 13|web.typeKeys(locator,valu - executing typeKeys(locator,value)(${txt.destination.loc}, ${enterKey})
2019-09-19 12:31:52,124|I|Thread-1|OnlineFlightBooking.20190919_123129.001|BookingFlight|ClickEnterDes|# 13|web.typeKeys(locator,valu - PASS typed text at '//input[@id='gosuggest_inputDest']'
2019-09-19 12:31:52,130|I|Thread-1|OnlineFlightBooking.20190919_123129.001|BookingFlight|SelectDepartureDate - executing activity
2019-09-19 12:31:52,734|I|Thread-1|OnlineFlightBooking.20190919_123129.001|BookingFlight|SelectDepartureDate|# 14|web.click(locator) - executing click(locator)(${btn.departdate.loc})
2019-09-19 12:31:52,781|I|Thread-1|clicking '//div[@class='DayPicker-Body']/div[4]/div[5]/div'...
2019-09-19 12:31:52,810|I|Thread-1|click target via JS, @id=fare_20190926
2019-09-19 12:31:52,886|I|Thread-1|clicked -> true
2019-09-19 12:31:52,888|I|Thread-1|OnlineFlightBooking.20190919_123129.001|BookingFlight|SelectDepartureDate|# 14|web.click(locator) - PASS click via JS event
2019-09-19 12:31:52,891|I|Thread-1|OnlineFlightBooking.20190919_123129.001|BookingFlight|ClickReturnDate - executing activity
2019-09-19 12:31:53,493|I|Thread-1|OnlineFlightBooking.20190919_123129.001|BookingFlight|ClickReturnDate|# 15|web.click(locator) - executing click(locator)(${txt.returndate.loc})
2019-09-19 12:31:53,528|I|Thread-1|clicking '//input[@id='returnCalendar']'...
2019-09-19 12:31:53,557|I|Thread-1|click target via JS, @id=returnCalendar
2019-09-19 12:31:53,635|I|Thread-1|clicked -> true
2019-09-19 12:31:53,638|I|Thread-1|OnlineFlightBooking.20190919_123129.001|BookingFlight|ClickReturnDate|# 15|web.click(locator) - PASS click via JS event
2019-09-19 12:31:53,640|I|Thread-1|OnlineFlightBooking.20190919_123129.001|BookingFlight|SelectReturnDate - executing activity
2019-09-19 12:31:54,241|I|Thread-1|OnlineFlightBooking.20190919_123129.001|BookingFlight|SelectReturnDate|# 16|web.click(locator) - executing click(locator)(${btn.returndate.loc})
2019-09-19 12:31:54,279|I|Thread-1|clicking '//div[@class='DayPicker-Week'][5]/div[2]/div'...
2019-09-19 12:31:54,306|I|Thread-1|click target via JS, @id=fare_20190930
2019-09-19 12:31:54,377|I|Thread-1|clicked -> true
2019-09-19 12:31:54,381|I|Thread-1|OnlineFlightBooking.20190919_123129.001|BookingFlight|SelectReturnDate|# 16|web.click(locator) - PASS click via JS event
2019-09-19 12:31:54,385|I|Thread-1|OnlineFlightBooking.20190919_123129.001|BookingFlight|ClickSearch - executing activity
2019-09-19 12:31:54,989|I|Thread-1|OnlineFlightBooking.20190919_123129.001|BookingFlight|ClickSearch|# 17|web.click(locator) - executing click(locator)(${btn.search.loc})
2019-09-19 12:31:55,026|I|Thread-1|clicking '//div[@class='justifyCenter col-md-1 col-sm-12 dF padLR0']/button'...
2019-09-19 12:31:55,051|I|Thread-1|click target via JS, @id=gi_search_btn
2019-09-19 12:31:55,204|I|Thread-1|clicked -> true
2019-09-19 12:31:55,206|I|Thread-1|OnlineFlightBooking.20190919_123129.001|BookingFlight|ClickSearch|# 17|web.click(locator) - PASS click via JS event
2019-09-19 12:31:55,209|I|Thread-1|OnlineFlightBooking.20190919_123129.001|BookingFlight|clickFlight - executing activity
2019-09-19 12:31:55,811|I|Thread-1|OnlineFlightBooking.20190919_123129.001|BookingFlight|clickFlight|# 18|web.click(locator) - executing click(locator)(${btn.flight.loc})
2019-09-19 12:31:56,848|I|Thread-1|OnlineFlightBooking.20190919_123129.001|BookingFlight|clickFlight|# 18|web.click(locator) - FAIL No element via locator '(//span[@class='custRad'])[5]/label'
2019-09-19 12:31:56,859|I|Thread-1|OnlineFlightBooking.20190919_123129.001|BookingFlight|ClickBook - executing activity
2019-09-19 12:31:57,461|I|Thread-1|OnlineFlightBooking.20190919_123129.001|BookingFlight|ClickBook|# 19|web.click(locator) - executing click(locator)(${btn.book.loc})
2019-09-19 12:31:58,391|I|Thread-1|OnlineFlightBooking.20190919_123129.001|BookingFlight|ClickBook|# 19|web.click(locator) - FAIL No element via locator '//div[@class='dF alignItemsEnd width30 padL5 padB3 justifyEnd fltHpySumryPrc']/span[2]/span/input'
2019-09-19 12:31:58,405|I|Thread-1|OnlineFlightBooking.20190919_123129.001|BookingFlight|writedatatocsv - executing activity
2019-09-19 12:31:59,008|I|Thread-1|OnlineFlightBooking.20190919_123129.001|BookingFlight|writedatatocsv|# 20|csv.fromExcel(excel,works - executing fromExcel(excel,worksheet,csvFile)(${DataFileLocation}, BookingFlight, ${CSVFileLocation})
2019-09-19 12:31:59,499|I|Thread-1|OnlineFlightBooking.20190919_123129.001|BookingFlight|writedatatocsv|# 20|csv.fromExcel(excel,works - PASS File converted to CSV
2019-09-19 12:31:59,866|I|Thread-1|[OnlineFlightBooking.20190919_123129.001|BookingFlight] saving test scenario
2019-09-19 12:32:00,236|I|Thread-1|[20190919_123127] 
/-TEST COMPLETE-----------------------------------------------------------------
| Test Output:    C:\projects\OnlineWebApplication\output\20190919_123127\OnlineFlightBooking.20190919_123129.001.xlsx
| Iteration:      1
\-------------------------------------------------------------------------------
» Execution Time: 28906 ms
» Test Steps:     16
» Error(s):       2



2019-09-19 12:32:02,881|I|Thread-1|[20190919_123127] 
/-TEST COMPLETE-----------------------------------------------------------------
| Test Script:    C:\projects\OnlineWebApplication\artifact\script\OnlineFlightBooking.xlsx
\-------------------------------------------------------------------------------
» Execution Time: 34872 ms
» Iterations:     [1] total 1
» Test Steps:     16
» Passed:         14
» Error(s):       2
» Iteration 1 of 1: C:\projects\OnlineWebApplication\output\20190919_123127\OnlineFlightBooking.20190919_123129.001.xlsx



2019-09-19 12:32:03,061|I|main|[20190919_123127] [C:\projects\OnlineWebApplication\artifact\script\OnlineFlightBooking.xlsx] now completed
2019-09-19 12:32:03,062|I|main|[20190919_123127] all execution thread(s) have terminated
2019-09-19 12:32:03,063|I|main|[20190919_123127] test run completed in about 35 seconds
2019-09-19 12:32:03,180|I|main|No predefined nexial-setup found
2019-09-19 12:32:03,221|I|main|outputBase not set; output-to-cloud DISABLED!
2019-09-19 12:32:03,222|I|main|accessKey not set; output-to-cloud DISABLED!
2019-09-19 12:32:03,223|I|main|secretKey not set; output-to-cloud DISABLED!
2019-09-19 12:32:03,226|I|main|generating HTML output for this execution to C:\projects\OnlineWebApplication\output\20190919_123127\execution-output.html
2019-09-19 12:32:03,966|I|main|generating JUnit XML output for this execution to C:\projects\OnlineWebApplication\output\20190919_123127\junit.xml
2019-09-19 12:32:04,023|I|main|Generated JUnit report for this execution: C:\projects\OnlineWebApplication\output\20190919_123127\junit.xml
2019-09-19 12:32:04,041|I|main|nexial mailer not enabled: nexial.enableEmail=false
2019-09-19 12:32:04,042|I|main|skipped email notification as configured
2019-09-19 12:32:04,044|I|main|Exiting Nexial...
2019-09-19 12:32:04,045|I|main|shutdown starts...
2019-09-19 12:32:04,048|I|main|Shutting down 'chrome' webdriver...
2019-09-19 12:32:12,798|I|main|shutdown ends...
2019-09-19 12:32:12,807|I|main|

/-END OF EXECUTION--------------------------------------------------------------
| » Execution Time: 35 sec.
| » Test Steps:     16
| » Passed:         14
| » Failed:         2
| » Success Rate:   87.50%
\---------------------------------------------------------------nexial-core 2.2_0488-

2019-09-19 12:32:12,819|E|main|failure found; success rate is 87.50%
2019-09-19 12:32:12,833|I|main|End of Execution:
OUTPUT:       C:\projects\OnlineWebApplication\output\20190919_123127
EXECUTION:    C:\projects\OnlineWebApplication\output\20190919_123127\execution-output.html
JUNIT XML:    C:\projects\OnlineWebApplication\output\20190919_123127\junit.xml
SUCCESS RATE: 87.50%
EXIT STATUS:  -13
2019-09-19 12:32:12,836|I|main|End of Execution:
NEXIAL_OUTPUT:         C:\projects\OnlineWebApplication\output\20190919_123127
NEXIAL_EXECUTION_HTML: C:\projects\OnlineWebApplication\output\20190919_123127\execution-output.html
NEXIAL_JUNIT_XML:      C:\projects\OnlineWebApplication\output\20190919_123127\junit.xml
NEXIAL_SUCCESS_RATE:   87.50%
NEXIAL_EXIT_STATUS:    -13
