2019-09-19 12:11:04,299|I|Thread-1|(DELAYED) nexial-core 2.2_0488 starting up...
2019-09-19 12:11:04,305|I|Thread-1|(DELAYED) data file resolved as C:\Users\SANDHI~1.MUN\AppData\Local\Temp\uBGEe\gmail.data.xlsx
2019-09-19 12:11:04,305|I|Thread-1|(DELAYED) input files and output directory resolved...
2019-09-19 12:11:04,305|I|Thread-1|(DELAYED) No predefined nexial-setup found
2019-09-19 12:11:04,305|I|Thread-1|(DELAYED) [20190919_121104] [C:\projects\OnlineWebApplication\artifact\script\gmail.xlsx] resolve RUN ID as 20190919_121104
2019-09-19 12:11:04,305|I|Thread-1|(DELAYED) [20190919_121104] [C:\projects\OnlineWebApplication\artifact\script\gmail.xlsx] new thread started
2019-09-19 12:11:04,306|I|Thread-1|No predefined nexial-setup found
2019-09-19 12:11:04,411|I|Thread-1|outputBase not set; output-to-cloud DISABLED!
2019-09-19 12:11:04,412|I|Thread-1|accessKey not set; output-to-cloud DISABLED!
2019-09-19 12:11:04,413|I|Thread-1|secretKey not set; output-to-cloud DISABLED!
2019-09-19 12:11:04,446|I|Thread-1|missing REQUIRED configuration; sms DISABLED!
2019-09-19 12:11:05,317|I|Thread-1|[20190919_121104] executing C:\projects\OnlineWebApplication\artifact\script\gmail.xlsx with 1 iteration(s)
2019-09-19 12:11:05,324|I|Thread-1|[20190919_121104] create directory C:\projects\OnlineWebApplication\output\20190919_121104\captures
2019-09-19 12:11:05,326|I|Thread-1|[20190919_121104] create directory C:\projects\OnlineWebApplication\output\20190919_121104\logs
2019-09-19 12:11:06,131|I|Thread-1|[20190919_121104] merging test data to tmp file C:\projects\OnlineWebApplication\output\20190919_121104\gmail.20190919_121105.001.xlsx
2019-09-19 12:11:06,133|I|Thread-1|refetching data from C:\projects\OnlineWebApplication\artifact\data\gmail.data.xlsx
2019-09-19 12:11:06,490|I|Thread-1|[20190919_121104] test script and test data merged to C:\projects\OnlineWebApplication\output\20190919_121104\gmail.20190919_121105.001.xlsx
2019-09-19 12:11:07,409|I|Thread-1|STARTS
2019-09-19 12:11:07,441|I|Thread-1|gmail.20190919_121105.001 - executing iteration #1 of 1; Iteration Id 1
2019-09-19 12:11:07,450|I|Thread-1|gmail.20190919_121105.001|Scenario - executing test scenario
2019-09-19 12:11:07,452|I|Thread-1|gmail.20190919_121105.001|Scenario|Activity 1 - executing activity
2019-09-19 12:11:08,056|I|Thread-1|gmail.20190919_121105.001|Scenario|Activity 1|#  5|base.verbose(text) - executing verbose(text)(Hello World! It's now $(sysdate|now|yyyy-MM-dd HH:mm:ss.S))
2019-09-19 12:11:08,171|I|Thread-1|gmail.20190919_121105.001|Scenario|Activity 1|#  5|base.verbose(text) - Hello World! It's now 2019-09-19 12:11:08.83
2019-09-19 12:11:08,375|I|Thread-1|gmail.20190919_121105.001|Scenario|Activity 1|#  5|base.verbose(text) - PASS 
2019-09-19 12:11:08,378|I|Thread-1|gmail.20190919_121105.001|Scenario|openUrl - executing activity
2019-09-19 12:11:08,981|I|Thread-1|gmail.20190919_121105.001|Scenario|openUrl|#  6|web.open(url) - executing open(url)(https://accounts.google.com)
2019-09-19 12:11:08,990|I|Thread-1|No valid instance of webdriver, initializing...
2019-09-19 12:11:08,998|I|Thread-1|init chrome
2019-09-19 12:11:12,270|I|Thread-1|browser initialization completed for 'chrome'
2019-09-19 12:11:12,303|I|Thread-1|setting browser polling wait time to 800 ms
2019-09-19 12:11:12,323|I|Thread-1|setting browser page load timeout to 10000 ms
2019-09-19 12:11:12,367|I|Thread-1|gmail.20190919_121105.001|Scenario|openUrl|#  6|web.open(url) - default browser stability wait time is 3000 ms
2019-09-19 12:11:15,428|I|Thread-1|current browser window handle:CDwindow-C7C1CFBD43CCDE43ABB8775C69F0925F
2019-09-19 12:11:15,466|I|Thread-1|gmail.20190919_121105.001|Scenario|openUrl|#  6|web.open(url) - PASS opened URL https://accounts.google.com
2019-09-19 12:11:15,469|I|Thread-1|gmail.20190919_121105.001|Scenario|Email - executing activity
2019-09-19 12:11:16,070|I|Thread-1|gmail.20190919_121105.001|Scenario|Email|#  7|web.type(locator,value) - executing type(locator,value)(${txt.email.loc}, ${email})
2019-09-19 12:11:16,577|I|Thread-1|gmail.20190919_121105.001|Scenario|Email|#  7|web.type(locator,value) - PASS typed text at '//div[@class='Xb9hP']/input[@id='identifierId']'
2019-09-19 12:11:16,581|I|Thread-1|gmail.20190919_121105.001|Scenario|NextButton - executing activity
2019-09-19 12:11:17,183|I|Thread-1|gmail.20190919_121105.001|Scenario|NextButton|#  8|web.click(locator) - executing click(locator)(${btn.next.loc})
2019-09-19 12:11:17,221|I|Thread-1|clicking '//span[@class='CwaK9']'...
2019-09-19 12:11:17,252|I|Thread-1|click target via JS, @id=
2019-09-19 12:11:17,413|I|Thread-1|clicked -> true
2019-09-19 12:11:17,416|I|Thread-1|gmail.20190919_121105.001|Scenario|NextButton|#  8|web.click(locator) - PASS click via JS event
2019-09-19 12:11:17,418|I|Thread-1|gmail.20190919_121105.001|Scenario|password - executing activity
2019-09-19 12:11:18,021|I|Thread-1|gmail.20190919_121105.001|Scenario|password|#  9|web.type(locator,value) - executing type(locator,value)(${txt.pass.loc}, ${TopSecret})
2019-09-19 12:11:18,735|I|Thread-1|gmail.20190919_121105.001|Scenario|password|#  9|web.type(locator,value) - PASS typed text at '//div[@class='Xb9hP']/input[@type='password']'
2019-09-19 12:11:18,739|I|Thread-1|gmail.20190919_121105.001|Scenario|submitButton - executing activity
2019-09-19 12:11:19,341|I|Thread-1|gmail.20190919_121105.001|Scenario|submitButton|# 10|web.click(locator) - executing click(locator)(${btn.submit.loc})
2019-09-19 12:11:19,383|I|Thread-1|clicking '//span[@class='CwaK9']/span[text()='Next']'...
2019-09-19 12:11:19,415|I|Thread-1|click target via JS, @id=
2019-09-19 12:11:19,555|I|Thread-1|clicked -> true
2019-09-19 12:11:22,997|I|Thread-1|gmail.20190919_121105.001|Scenario|submitButton|# 10|web.click(locator) - PASS click via JS event
2019-09-19 12:11:23,181|I|Thread-1|[gmail.20190919_121105.001|Scenario] saving test scenario
2019-09-19 12:11:23,588|I|Thread-1|[20190919_121104] 
/-TEST COMPLETE-----------------------------------------------------------------
| Test Output:    C:\projects\OnlineWebApplication\output\20190919_121104\gmail.20190919_121105.001.xlsx
| Iteration:      1
\-------------------------------------------------------------------------------
» Execution Time: 16128 ms
» Test Steps:     6
» Error(s):       0



2019-09-19 12:11:26,084|I|Thread-1|[20190919_121104] 
/-TEST COMPLETE-----------------------------------------------------------------
| Test Script:    C:\projects\OnlineWebApplication\artifact\script\gmail.xlsx
\-------------------------------------------------------------------------------
» Execution Time: 21981 ms
» Iterations:     [1] total 1
» Test Steps:     6
» Passed:         6
» Error(s):       0
» Iteration 1 of 1: C:\projects\OnlineWebApplication\output\20190919_121104\gmail.20190919_121105.001.xlsx



2019-09-19 12:11:26,184|I|main|[20190919_121104] [C:\projects\OnlineWebApplication\artifact\script\gmail.xlsx] now completed
2019-09-19 12:11:26,186|I|main|[20190919_121104] all execution thread(s) have terminated
2019-09-19 12:11:26,187|I|main|[20190919_121104] test run completed in about 22 seconds
2019-09-19 12:11:26,356|I|main|No predefined nexial-setup found
2019-09-19 12:11:26,389|I|main|outputBase not set; output-to-cloud DISABLED!
2019-09-19 12:11:26,389|I|main|accessKey not set; output-to-cloud DISABLED!
2019-09-19 12:11:26,390|I|main|secretKey not set; output-to-cloud DISABLED!
2019-09-19 12:11:26,392|I|main|generating HTML output for this execution to C:\projects\OnlineWebApplication\output\20190919_121104\execution-output.html
2019-09-19 12:11:27,113|I|main|generating JUnit XML output for this execution to C:\projects\OnlineWebApplication\output\20190919_121104\junit.xml
2019-09-19 12:11:27,163|I|main|Generated JUnit report for this execution: C:\projects\OnlineWebApplication\output\20190919_121104\junit.xml
2019-09-19 12:11:27,181|I|main|nexial mailer not enabled: nexial.enableEmail=false
2019-09-19 12:11:27,182|I|main|skipped email notification as configured
2019-09-19 12:11:27,183|I|main|Exiting Nexial...
2019-09-19 12:11:27,184|I|main|shutdown starts...
2019-09-19 12:11:27,186|I|main|Shutting down 'chrome' webdriver...
2019-09-19 12:11:35,885|I|main|shutdown ends...
2019-09-19 12:11:35,888|I|main|

/-END OF EXECUTION--------------------------------------------------------------
| » Execution Time: 22 sec.
| » Test Steps:     6
| » Passed:         6
| » Failed:         0
| » Success Rate:   100.00%
\---------------------------------------------------------------nexial-core 2.2_0488-

2019-09-19 12:11:35,890|I|main|ALL PASSED!
2019-09-19 12:11:35,893|I|main|End of Execution:
OUTPUT:       C:\projects\OnlineWebApplication\output\20190919_121104
EXECUTION:    C:\projects\OnlineWebApplication\output\20190919_121104\execution-output.html
JUNIT XML:    C:\projects\OnlineWebApplication\output\20190919_121104\junit.xml
SUCCESS RATE: 100.00%
EXIT STATUS:  0
2019-09-19 12:11:35,905|I|main|End of Execution:
NEXIAL_OUTPUT:         C:\projects\OnlineWebApplication\output\20190919_121104
NEXIAL_EXECUTION_HTML: C:\projects\OnlineWebApplication\output\20190919_121104\execution-output.html
NEXIAL_JUNIT_XML:      C:\projects\OnlineWebApplication\output\20190919_121104\junit.xml
NEXIAL_SUCCESS_RATE:   100.00%
NEXIAL_EXIT_STATUS:    0
