2019-09-19 12:18:59,086|I|Thread-1|(DELAYED) nexial-core 2.2_0488 starting up...
2019-09-19 12:18:59,091|I|Thread-1|(DELAYED) data file resolved as C:\Users\SANDHI~1.MUN\AppData\Local\Temp\YateZ\OrangeHRM.data.xlsx
2019-09-19 12:18:59,093|I|Thread-1|(DELAYED) input files and output directory resolved...
2019-09-19 12:18:59,094|I|Thread-1|(DELAYED) No predefined nexial-setup found
2019-09-19 12:18:59,094|I|Thread-1|(DELAYED) [20190919_121858] [C:\projects\OnlineWebApplication\artifact\script\OrangeHRM.xlsx] resolve RUN ID as 20190919_121858
2019-09-19 12:18:59,094|I|Thread-1|(DELAYED) [20190919_121858] [C:\projects\OnlineWebApplication\artifact\script\OrangeHRM.xlsx] new thread started
2019-09-19 12:18:59,095|I|Thread-1|No predefined nexial-setup found
2019-09-19 12:18:59,202|I|Thread-1|outputBase not set; output-to-cloud DISABLED!
2019-09-19 12:18:59,203|I|Thread-1|accessKey not set; output-to-cloud DISABLED!
2019-09-19 12:18:59,203|I|Thread-1|secretKey not set; output-to-cloud DISABLED!
2019-09-19 12:18:59,232|I|Thread-1|missing REQUIRED configuration; sms DISABLED!
2019-09-19 12:19:00,194|I|Thread-1|[20190919_121858] executing C:\projects\OnlineWebApplication\artifact\script\OrangeHRM.xlsx with 1 iteration(s)
2019-09-19 12:19:00,199|I|Thread-1|[20190919_121858] create directory C:\projects\OnlineWebApplication\output\20190919_121858\captures
2019-09-19 12:19:00,201|I|Thread-1|[20190919_121858] create directory C:\projects\OnlineWebApplication\output\20190919_121858\logs
2019-09-19 12:19:00,958|I|Thread-1|[20190919_121858] merging test data to tmp file C:\projects\OnlineWebApplication\output\20190919_121858\OrangeHRM.20190919_121900.001.xlsx
2019-09-19 12:19:00,960|I|Thread-1|refetching data from C:\projects\OnlineWebApplication\artifact\data\OrangeHRM.data.xlsx
2019-09-19 12:19:01,390|I|Thread-1|[20190919_121858] test script and test data merged to C:\projects\OnlineWebApplication\output\20190919_121858\OrangeHRM.20190919_121900.001.xlsx
2019-09-19 12:19:02,198|I|Thread-1|STARTS
2019-09-19 12:19:02,223|I|Thread-1|OrangeHRM.20190919_121900.001 - executing iteration #1 of 1; Iteration Id 1
2019-09-19 12:19:02,232|I|Thread-1|OrangeHRM.20190919_121900.001|Scenario - executing test scenario
2019-09-19 12:19:02,235|I|Thread-1|OrangeHRM.20190919_121900.001|Scenario|Openurl - executing activity
2019-09-19 12:19:02,837|I|Thread-1|OrangeHRM.20190919_121900.001|Scenario|Openurl|#  5|web.open(url) - executing open(url)(${url})
2019-09-19 12:19:02,842|I|Thread-1|No valid instance of webdriver, initializing...
2019-09-19 12:19:02,845|I|Thread-1|init chrome
2019-09-19 12:19:06,132|I|Thread-1|browser initialization completed for 'chrome'
2019-09-19 12:19:06,167|I|Thread-1|setting browser polling wait time to 800 ms
2019-09-19 12:19:06,185|I|Thread-1|setting browser page load timeout to 10000 ms
2019-09-19 12:19:06,237|I|Thread-1|OrangeHRM.20190919_121900.001|Scenario|Openurl|#  5|web.open(url) - default browser stability wait time is 3000 ms
2019-09-19 12:19:10,280|I|Thread-1|current browser window handle:CDwindow-72C61D3BA7D08D6441186972395005BA
2019-09-19 12:19:10,588|I|Thread-1|OrangeHRM.20190919_121900.001|Scenario|Openurl|#  5|web.open(url) - PASS opened URL https://opensource-demo.orangehrmlive.com/index.php/auth/validateCredentials
2019-09-19 12:19:10,594|I|Thread-1|OrangeHRM.20190919_121900.001|Scenario|MaximizeWindow - executing activity
2019-09-19 12:19:11,199|I|Thread-1|OrangeHRM.20190919_121900.001|Scenario|MaximizeWindow|#  6|web.maximizeWindow() - executing maximizeWindow()()
2019-09-19 12:19:12,370|I|Thread-1|OrangeHRM.20190919_121900.001|Scenario|MaximizeWindow|#  6|web.maximizeWindow() - PASS browser window maximized
2019-09-19 12:19:12,373|I|Thread-1|OrangeHRM.20190919_121900.001|Scenario|ClickUsername - executing activity
2019-09-19 12:19:12,976|I|Thread-1|OrangeHRM.20190919_121900.001|Scenario|ClickUsername|#  7|web.click(locator) - executing click(locator)(${txt.username.loc})
2019-09-19 12:19:13,022|I|Thread-1|clicking '//div[@id='divUsername']/input'...
2019-09-19 12:19:13,062|I|Thread-1|click target via JS, @id=txtUsername
2019-09-19 12:19:13,105|I|Thread-1|clicked -> true
2019-09-19 12:19:13,107|I|Thread-1|OrangeHRM.20190919_121900.001|Scenario|ClickUsername|#  7|web.click(locator) - PASS click via JS event
2019-09-19 12:19:13,109|I|Thread-1|OrangeHRM.20190919_121900.001|Scenario|EnterUserName - executing activity
2019-09-19 12:19:13,712|I|Thread-1|OrangeHRM.20190919_121900.001|Scenario|EnterUserName|#  8|web.type(locator,value) - executing type(locator,value)(${txt.username.loc}, ${username})
2019-09-19 12:19:13,973|I|Thread-1|OrangeHRM.20190919_121900.001|Scenario|EnterUserName|#  8|web.type(locator,value) - PASS typed text at '//div[@id='divUsername']/input'
2019-09-19 12:19:13,977|I|Thread-1|OrangeHRM.20190919_121900.001|Scenario|ClickPassword - executing activity
2019-09-19 12:19:14,578|I|Thread-1|OrangeHRM.20190919_121900.001|Scenario|ClickPassword|#  9|web.click(locator) - executing click(locator)(${txt.pass.loc})
2019-09-19 12:19:15,451|I|Thread-1|OrangeHRM.20190919_121900.001|Scenario|ClickPassword|#  9|web.click(locator) - FAIL No element via locator '//div[@class='Xb9hP']/input[@type='password']'
2019-09-19 12:19:15,454|I|Thread-1|OrangeHRM.20190919_121900.001|Scenario|EnterPassword - executing activity
2019-09-19 12:19:16,056|I|Thread-1|OrangeHRM.20190919_121900.001|Scenario|EnterPassword|# 10|web.type(locator,value) - executing type(locator,value)(${txt.pass.loc}, ${password})
2019-09-19 12:19:16,945|E|Thread-1|[20190919_121858] EXECUTING COMMAND: web.type(locator,value)('//div[@class='Xb9hP']/input[@type='password']', '${password}')
Specified element not found: no such element: Unable to locate element: {"method":"xpath","selector":"//div[@class='Xb9hP']/input[@type='password']"}   (Session info: chrome=77.0.3865.90)...
2019-09-19 12:19:16,948|I|Thread-1|OrangeHRM.20190919_121900.001|Scenario|EnterPassword|# 10|web.type(locator,value) - FAIL EXECUTING COMMAND: web.type(locator,value)('//div[@class='Xb9hP']/input[@type='password']', '${password}')
Specified element not found: no such element: Unable to locate element: {"method":"xpath","selector":"//div[@class='Xb9hP']/input[@type='password']"}   (Session info: chrome=77.0.3865.90)...
2019-09-19 12:19:16,952|I|Thread-1|OrangeHRM.20190919_121900.001|Scenario|signin - executing activity
2019-09-19 12:19:17,556|I|Thread-1|OrangeHRM.20190919_121900.001|Scenario|signin|# 11|web.click(locator) - executing click(locator)(${btn.login.loc})
2019-09-19 12:19:17,595|I|Thread-1|clicking '//div[@id='divLoginButton']/input'...
2019-09-19 12:19:17,626|I|Thread-1|click target via JS, @id=btnLogin
2019-09-19 12:19:17,673|I|Thread-1|clicked -> true
2019-09-19 12:19:17,677|I|Thread-1|OrangeHRM.20190919_121900.001|Scenario|signin|# 11|web.click(locator) - PASS click via JS event
2019-09-19 12:19:17,849|I|Thread-1|[OrangeHRM.20190919_121900.001|Scenario] saving test scenario
2019-09-19 12:19:18,140|I|Thread-1|[20190919_121858] 
/-TEST COMPLETE-----------------------------------------------------------------
| Test Output:    C:\projects\OnlineWebApplication\output\20190919_121858\OrangeHRM.20190919_121900.001.xlsx
| Iteration:      1
\-------------------------------------------------------------------------------
» Execution Time: 15883 ms
» Test Steps:     7
» Error(s):       2



2019-09-19 12:19:20,288|I|Thread-1|[20190919_121858] 
/-TEST COMPLETE-----------------------------------------------------------------
| Test Script:    C:\projects\OnlineWebApplication\artifact\script\OrangeHRM.xlsx
\-------------------------------------------------------------------------------
» Execution Time: 21441 ms
» Iterations:     [1] total 1
» Test Steps:     7
» Passed:         5
» Error(s):       2
» Iteration 1 of 1: C:\projects\OnlineWebApplication\output\20190919_121858\OrangeHRM.20190919_121900.001.xlsx



2019-09-19 12:19:20,840|I|main|[20190919_121858] [C:\projects\OnlineWebApplication\artifact\script\OrangeHRM.xlsx] now completed
2019-09-19 12:19:20,841|I|main|[20190919_121858] all execution thread(s) have terminated
2019-09-19 12:19:20,842|I|main|[20190919_121858] test run completed in about 22 seconds
2019-09-19 12:19:20,937|I|main|No predefined nexial-setup found
2019-09-19 12:19:20,968|I|main|outputBase not set; output-to-cloud DISABLED!
2019-09-19 12:19:20,969|I|main|accessKey not set; output-to-cloud DISABLED!
2019-09-19 12:19:20,971|I|main|secretKey not set; output-to-cloud DISABLED!
2019-09-19 12:19:20,972|I|main|generating HTML output for this execution to C:\projects\OnlineWebApplication\output\20190919_121858\execution-output.html
2019-09-19 12:19:21,589|I|main|generating JUnit XML output for this execution to C:\projects\OnlineWebApplication\output\20190919_121858\junit.xml
2019-09-19 12:19:21,634|I|main|Generated JUnit report for this execution: C:\projects\OnlineWebApplication\output\20190919_121858\junit.xml
2019-09-19 12:19:21,660|I|main|nexial mailer not enabled: nexial.enableEmail=false
2019-09-19 12:19:21,661|I|main|skipped email notification as configured
2019-09-19 12:19:21,663|I|main|Exiting Nexial...
2019-09-19 12:19:21,663|I|main|shutdown starts...
2019-09-19 12:19:21,665|I|main|Shutting down 'chrome' webdriver...
2019-09-19 12:19:28,459|I|main|shutdown ends...
2019-09-19 12:19:28,464|I|main|

/-END OF EXECUTION--------------------------------------------------------------
| » Execution Time: 22 sec.
| » Test Steps:     7
| » Passed:         5
| » Failed:         2
| » Success Rate:   71.43%
\---------------------------------------------------------------nexial-core 2.2_0488-

2019-09-19 12:19:28,465|E|main|failure found; success rate is 71.43%
2019-09-19 12:19:28,471|I|main|End of Execution:
OUTPUT:       C:\projects\OnlineWebApplication\output\20190919_121858
EXECUTION:    C:\projects\OnlineWebApplication\output\20190919_121858\execution-output.html
JUNIT XML:    C:\projects\OnlineWebApplication\output\20190919_121858\junit.xml
SUCCESS RATE: 71.43%
EXIT STATUS:  -13
2019-09-19 12:19:28,480|I|main|End of Execution:
NEXIAL_OUTPUT:         C:\projects\OnlineWebApplication\output\20190919_121858
NEXIAL_EXECUTION_HTML: C:\projects\OnlineWebApplication\output\20190919_121858\execution-output.html
NEXIAL_JUNIT_XML:      C:\projects\OnlineWebApplication\output\20190919_121858\junit.xml
NEXIAL_SUCCESS_RATE:   71.43%
NEXIAL_EXIT_STATUS:    -13
