2019-09-19 13:02:50,000|I|Thread-1|(DELAYED) nexial-core 2.2_0488 starting up...
2019-09-19 13:02:50,007|I|Thread-1|(DELAYED) data file resolved as C:\Users\SANDHI~1.MUN\AppData\Local\Temp\AySff\OnlineFlightBooking.data.xlsx
2019-09-19 13:02:50,007|I|Thread-1|(DELAYED) input files and output directory resolved...
2019-09-19 13:02:50,007|I|Thread-1|(DELAYED) No predefined nexial-setup found
2019-09-19 13:02:50,007|I|Thread-1|(DELAYED) [20190919_130249] [C:\projects\OnlineWebApplication\artifact\script\OnlineFlightBooking.xlsx] resolve RUN ID as 20190919_130249
2019-09-19 13:02:50,008|I|Thread-1|(DELAYED) [20190919_130249] [C:\projects\OnlineWebApplication\artifact\script\OnlineFlightBooking.xlsx] new thread started
2019-09-19 13:02:50,008|I|Thread-1|No predefined nexial-setup found
2019-09-19 13:02:50,102|I|Thread-1|outputBase not set; output-to-cloud DISABLED!
2019-09-19 13:02:50,103|I|Thread-1|accessKey not set; output-to-cloud DISABLED!
2019-09-19 13:02:50,104|I|Thread-1|secretKey not set; output-to-cloud DISABLED!
2019-09-19 13:02:50,133|I|Thread-1|missing REQUIRED configuration; sms DISABLED!
2019-09-19 13:02:51,097|I|Thread-1|[20190919_130249] executing C:\projects\OnlineWebApplication\artifact\script\OnlineFlightBooking.xlsx with 1 iteration(s)
2019-09-19 13:02:51,104|I|Thread-1|[20190919_130249] create directory C:\projects\OnlineWebApplication\output\20190919_130249\captures
2019-09-19 13:02:51,106|I|Thread-1|[20190919_130249] create directory C:\projects\OnlineWebApplication\output\20190919_130249\logs
2019-09-19 13:02:52,172|I|Thread-1|[20190919_130249] merging test data to tmp file C:\projects\OnlineWebApplication\output\20190919_130249\OnlineFlightBooking.20190919_130251.001.xlsx
2019-09-19 13:02:52,174|I|Thread-1|refetching data from C:\projects\OnlineWebApplication\artifact\data\OnlineFlightBooking.data.xlsx
2019-09-19 13:02:52,520|I|Thread-1|[20190919_130249] test script and test data merged to C:\projects\OnlineWebApplication\output\20190919_130249\OnlineFlightBooking.20190919_130251.001.xlsx
2019-09-19 13:02:53,311|I|Thread-1|STARTS
2019-09-19 13:02:53,386|I|Thread-1|OnlineFlightBooking.20190919_130251.001 - executing iteration #1 of 1; Iteration Id 1
2019-09-19 13:02:53,399|I|Thread-1|OnlineFlightBooking.20190919_130251.001|BookingFlight - executing test scenario
2019-09-19 13:02:53,401|I|Thread-1|OnlineFlightBooking.20190919_130251.001|BookingFlight|OpenUrl - executing activity
2019-09-19 13:02:54,006|I|Thread-1|OnlineFlightBooking.20190919_130251.001|BookingFlight|OpenUrl|#  5|web.open(url) - executing open(url)(https://www.goibibo.com/)
2019-09-19 13:02:54,011|I|Thread-1|No valid instance of webdriver, initializing...
2019-09-19 13:02:54,013|I|Thread-1|init chrome
2019-09-19 13:02:57,351|I|Thread-1|browser initialization completed for 'chrome'
2019-09-19 13:02:57,382|I|Thread-1|setting browser polling wait time to 800 ms
2019-09-19 13:02:57,402|I|Thread-1|setting browser page load timeout to 10000 ms
2019-09-19 13:02:57,475|I|Thread-1|OnlineFlightBooking.20190919_130251.001|BookingFlight|OpenUrl|#  5|web.open(url) - default browser stability wait time is 3000 ms
2019-09-19 13:03:07,561|E|Thread-1|[20190919_130249] EXECUTING COMMAND: web.open(url)('https://www.goibibo.com/')
UNKNOWN ERROR: timeout   (Session info: chrome=77.0.3865.90)...
2019-09-19 13:03:07,808|I|Thread-1|OnlineFlightBooking.20190919_130251.001|BookingFlight|OpenUrl|#  5|web.open(url) - FAIL EXECUTING COMMAND: web.open(url)('https://www.goibibo.com/')
UNKNOWN ERROR: timeout   (Session info: chrome=77.0.3865.90)...
2019-09-19 13:03:07,838|I|Thread-1|OnlineFlightBooking.20190919_130251.001|BookingFlight|OpenUrl|#  5|web.open(url) - test stopping due to failure on fail-fast command: web.open(url)
2019-09-19 13:03:07,886|I|Thread-1|OnlineFlightBooking.20190919_130251.001|BookingFlight - test activity execution failed. Because of this, all subsequent test case will be skipped
2019-09-19 13:03:07,891|I|Thread-1|OnlineFlightBooking.20190919_130251.001|BookingFlight - test activity execution ending due to EndLoopIf() flow control activated or unrecoverable execution failure.
2019-09-19 13:03:07,895|I|Thread-1|OnlineFlightBooking.20190919_130251.001|BookingFlight - skipping test activity due to previous failure
2019-09-19 13:03:07,899|I|Thread-1|OnlineFlightBooking.20190919_130251.001|BookingFlight - skipping test activity due to previous failure
2019-09-19 13:03:07,900|I|Thread-1|OnlineFlightBooking.20190919_130251.001|BookingFlight - skipping test activity due to previous failure
2019-09-19 13:03:07,902|I|Thread-1|OnlineFlightBooking.20190919_130251.001|BookingFlight - skipping test activity due to previous failure
2019-09-19 13:03:07,903|I|Thread-1|OnlineFlightBooking.20190919_130251.001|BookingFlight - skipping test activity due to previous failure
2019-09-19 13:03:07,904|I|Thread-1|OnlineFlightBooking.20190919_130251.001|BookingFlight - skipping test activity due to previous failure
2019-09-19 13:03:07,905|I|Thread-1|OnlineFlightBooking.20190919_130251.001|BookingFlight - skipping test activity due to previous failure
2019-09-19 13:03:07,909|I|Thread-1|OnlineFlightBooking.20190919_130251.001|BookingFlight - skipping test activity due to previous failure
2019-09-19 13:03:07,911|I|Thread-1|OnlineFlightBooking.20190919_130251.001|BookingFlight - skipping test activity due to previous failure
2019-09-19 13:03:07,912|I|Thread-1|OnlineFlightBooking.20190919_130251.001|BookingFlight - skipping test activity due to previous failure
2019-09-19 13:03:07,913|I|Thread-1|OnlineFlightBooking.20190919_130251.001|BookingFlight - skipping test activity due to previous failure
2019-09-19 13:03:07,915|I|Thread-1|OnlineFlightBooking.20190919_130251.001|BookingFlight - skipping test activity due to previous failure
2019-09-19 13:03:07,916|I|Thread-1|OnlineFlightBooking.20190919_130251.001|BookingFlight - skipping test activity due to previous failure
2019-09-19 13:03:07,917|I|Thread-1|OnlineFlightBooking.20190919_130251.001|BookingFlight - skipping test activity due to previous failure
2019-09-19 13:03:07,920|I|Thread-1|OnlineFlightBooking.20190919_130251.001|BookingFlight - skipping test activity due to previous failure
2019-09-19 13:03:07,922|I|Thread-1|OnlineFlightBooking.20190919_130251.001|BookingFlight - skipping test activity due to previous failure
2019-09-19 13:03:07,923|I|Thread-1|OnlineFlightBooking.20190919_130251.001|BookingFlight - skipping test activity due to previous failure
2019-09-19 13:03:08,134|I|Thread-1|[OnlineFlightBooking.20190919_130251.001|BookingFlight] saving test scenario
2019-09-19 13:03:08,337|I|Thread-1|OnlineFlightBooking.20190919_130251.001|BookingFlight - test scenario execution failed, and fail-immediate in effect. Hence all subsequent test scenarios will be skipped
2019-09-19 13:03:08,347|I|Thread-1|[20190919_130249] 
/-TEST COMPLETE-----------------------------------------------------------------
| Test Output:    C:\projects\OnlineWebApplication\output\20190919_130249\OnlineFlightBooking.20190919_130251.001.xlsx
| Iteration:      1
\-------------------------------------------------------------------------------
» Execution Time: 14950 ms
» Test Steps:     1
» Error(s):       1



2019-09-19 13:03:08,347|I|Thread-1|OnlineFlightBooking.20190919_130251.001 - fail-immediate in effect - test execution will stop now.
2019-09-19 13:03:10,759|I|Thread-1|[20190919_130249] 
/-TEST COMPLETE-----------------------------------------------------------------
| Test Script:    C:\projects\OnlineWebApplication\artifact\script\OnlineFlightBooking.xlsx
\-------------------------------------------------------------------------------
» Execution Time: 20953 ms
» Iterations:     [1] total 1
» Test Steps:     1
» Passed:         0
» Error(s):       1
» Iteration 1 of 1: C:\projects\OnlineWebApplication\output\20190919_130249\OnlineFlightBooking.20190919_130251.001.xlsx



2019-09-19 13:03:10,780|I|main|[20190919_130249] [C:\projects\OnlineWebApplication\artifact\script\OnlineFlightBooking.xlsx] now completed
2019-09-19 13:03:10,781|I|main|[20190919_130249] all execution thread(s) have terminated
2019-09-19 13:03:10,782|I|main|[20190919_130249] test run completed in about 21 seconds
2019-09-19 13:03:10,920|I|main|No predefined nexial-setup found
2019-09-19 13:03:10,973|I|main|outputBase not set; output-to-cloud DISABLED!
2019-09-19 13:03:10,974|I|main|accessKey not set; output-to-cloud DISABLED!
2019-09-19 13:03:10,976|I|main|secretKey not set; output-to-cloud DISABLED!
2019-09-19 13:03:10,978|I|main|generating HTML output for this execution to C:\projects\OnlineWebApplication\output\20190919_130249\execution-output.html
2019-09-19 13:03:11,770|I|main|generating JUnit XML output for this execution to C:\projects\OnlineWebApplication\output\20190919_130249\junit.xml
2019-09-19 13:03:11,845|I|main|Generated JUnit report for this execution: C:\projects\OnlineWebApplication\output\20190919_130249\junit.xml
2019-09-19 13:03:11,873|I|main|nexial mailer not enabled: nexial.enableEmail=false
2019-09-19 13:03:11,876|I|main|skipped email notification as configured
2019-09-19 13:03:11,879|I|main|Exiting Nexial...
2019-09-19 13:03:11,885|I|main|shutdown starts...
2019-09-19 13:03:11,887|I|main|Shutting down 'chrome' webdriver...
2019-09-19 13:03:20,581|I|main|shutdown ends...
2019-09-19 13:03:20,588|I|main|

/-END OF EXECUTION--------------------------------------------------------------
| » Execution Time: 21 sec.
| » Test Steps:     1
| » Passed:         0
| » Failed:         1
| » Success Rate:   0.00%
\---------------------------------------------------------------nexial-core 2.2_0488-

2019-09-19 13:03:20,600|E|main|failure found; success rate is 0.00%
2019-09-19 13:03:20,603|I|main|End of Execution:
OUTPUT:       C:\projects\OnlineWebApplication\output\20190919_130249
EXECUTION:    C:\projects\OnlineWebApplication\output\20190919_130249\execution-output.html
JUNIT XML:    C:\projects\OnlineWebApplication\output\20190919_130249\junit.xml
SUCCESS RATE: 0.00%
EXIT STATUS:  -13
2019-09-19 13:03:20,619|I|main|End of Execution:
NEXIAL_OUTPUT:         C:\projects\OnlineWebApplication\output\20190919_130249
NEXIAL_EXECUTION_HTML: C:\projects\OnlineWebApplication\output\20190919_130249\execution-output.html
NEXIAL_JUNIT_XML:      C:\projects\OnlineWebApplication\output\20190919_130249\junit.xml
NEXIAL_SUCCESS_RATE:   0.00%
NEXIAL_EXIT_STATUS:    -13
