2019-09-19 13:06:56,019|I|Thread-1|(DELAYED) nexial-core 2.2_0488 starting up...
2019-09-19 13:06:56,024|I|Thread-1|(DELAYED) data file resolved as C:\Users\SANDHI~1.MUN\AppData\Local\Temp\rzLYL\OnlineFlightBooking.data.xlsx
2019-09-19 13:06:56,025|I|Thread-1|(DELAYED) input files and output directory resolved...
2019-09-19 13:06:56,025|I|Thread-1|(DELAYED) No predefined nexial-setup found
2019-09-19 13:06:56,025|I|Thread-1|(DELAYED) [20190919_130655] [C:\projects\OnlineWebApplication\artifact\script\OnlineFlightBooking.xlsx] resolve RUN ID as 20190919_130655
2019-09-19 13:06:56,026|I|Thread-1|(DELAYED) [20190919_130655] [C:\projects\OnlineWebApplication\artifact\script\OnlineFlightBooking.xlsx] new thread started
2019-09-19 13:06:56,026|I|Thread-1|No predefined nexial-setup found
2019-09-19 13:06:56,178|I|Thread-1|outputBase not set; output-to-cloud DISABLED!
2019-09-19 13:06:56,182|I|Thread-1|accessKey not set; output-to-cloud DISABLED!
2019-09-19 13:06:56,185|I|Thread-1|secretKey not set; output-to-cloud DISABLED!
2019-09-19 13:06:56,220|I|Thread-1|missing REQUIRED configuration; sms DISABLED!
2019-09-19 13:06:57,225|I|Thread-1|[20190919_130655] executing C:\projects\OnlineWebApplication\artifact\script\OnlineFlightBooking.xlsx with 1 iteration(s)
2019-09-19 13:06:57,233|I|Thread-1|[20190919_130655] create directory C:\projects\OnlineWebApplication\output\20190919_130655\captures
2019-09-19 13:06:57,236|I|Thread-1|[20190919_130655] create directory C:\projects\OnlineWebApplication\output\20190919_130655\logs
2019-09-19 13:06:58,119|I|Thread-1|[20190919_130655] merging test data to tmp file C:\projects\OnlineWebApplication\output\20190919_130655\OnlineFlightBooking.20190919_130657.001.xlsx
2019-09-19 13:06:58,122|I|Thread-1|refetching data from C:\projects\OnlineWebApplication\artifact\data\OnlineFlightBooking.data.xlsx
2019-09-19 13:06:58,531|I|Thread-1|[20190919_130655] test script and test data merged to C:\projects\OnlineWebApplication\output\20190919_130655\OnlineFlightBooking.20190919_130657.001.xlsx
2019-09-19 13:06:59,685|I|Thread-1|STARTS
2019-09-19 13:06:59,712|I|Thread-1|OnlineFlightBooking.20190919_130657.001 - executing iteration #1 of 1; Iteration Id 1
2019-09-19 13:06:59,722|I|Thread-1|OnlineFlightBooking.20190919_130657.001|BookingFlight - executing test scenario
2019-09-19 13:06:59,726|I|Thread-1|OnlineFlightBooking.20190919_130657.001|BookingFlight|OpenUrl - executing activity
2019-09-19 13:07:00,329|I|Thread-1|OnlineFlightBooking.20190919_130657.001|BookingFlight|OpenUrl|#  5|web.open(url) - executing open(url)(https://www.goibibo.com/)
2019-09-19 13:07:00,344|I|Thread-1|No valid instance of webdriver, initializing...
2019-09-19 13:07:00,354|I|Thread-1|init chrome
2019-09-19 13:07:03,855|I|Thread-1|browser initialization completed for 'chrome'
2019-09-19 13:07:03,886|I|Thread-1|setting browser polling wait time to 800 ms
2019-09-19 13:07:03,901|I|Thread-1|setting browser page load timeout to 10000 ms
2019-09-19 13:07:03,962|I|Thread-1|OnlineFlightBooking.20190919_130657.001|BookingFlight|OpenUrl|#  5|web.open(url) - default browser stability wait time is 3000 ms
2019-09-19 13:07:09,250|I|Thread-1|current browser window handle:CDwindow-D23D579EC8F89CAE8CA55A1127F9056A
2019-09-19 13:07:09,298|I|Thread-1|OnlineFlightBooking.20190919_130657.001|BookingFlight|OpenUrl|#  5|web.open(url) - PASS opened URL https://www.goibibo.com/
2019-09-19 13:07:09,306|I|Thread-1|OnlineFlightBooking.20190919_130657.001|BookingFlight|maximize - executing activity
2019-09-19 13:07:09,909|I|Thread-1|OnlineFlightBooking.20190919_130657.001|BookingFlight|maximize|#  6|web.maximizeWindow() - executing maximizeWindow()()
2019-09-19 13:07:11,162|I|Thread-1|OnlineFlightBooking.20190919_130657.001|BookingFlight|maximize|#  6|web.maximizeWindow() - PASS browser window maximized
2019-09-19 13:07:11,166|I|Thread-1|OnlineFlightBooking.20190919_130657.001|BookingFlight|AssertLogo - executing activity
2019-09-19 13:07:11,768|I|Thread-1|OnlineFlightBooking.20190919_130657.001|BookingFlight|AssertLogo|#  7|web.assertTextPresent(tex - executing assertTextPresent(text)(${img.logo.loc})
2019-09-19 13:07:12,739|E|Thread-1|[20190919_130655] EXECUTING COMMAND: web.assertTextPresent(text)('//div[@id='content']/div/div/div/div/a/img')
Specified element not found: no such element: Unable to locate element: {"method":"xpath","selector":"//*[contains(normalize-space(string(.)), normalize-space(concat('//div[@id=',"'",'content',"'",']/div/div/div/div/a/img')))]"}   (Session info: chrome=77.0.3865.90)...
2019-09-19 13:07:13,112|I|Thread-1|OnlineFlightBooking.20190919_130657.001|BookingFlight|AssertLogo|#  7|web.assertTextPresent(tex - FAIL EXECUTING COMMAND: web.assertTextPresent(text)('//div[@id='content']/div/div/div/div/a/img')
Specified element not found: no such element: Unable to locate element: {"method":"xpath","selector":"//*[contains(normalize-space(string(.)), normalize-space(concat('//div[@id=',"'",'content',"'",']/div/div/div/div/a/img')))]"}   (Session info: chrome=77.0.3865.90)...
2019-09-19 13:07:13,144|I|Thread-1|OnlineFlightBooking.20190919_130657.001|BookingFlight|AssertTitle - executing activity
2019-09-19 13:07:13,756|I|Thread-1|OnlineFlightBooking.20190919_130657.001|BookingFlight|AssertTitle|#  8|web.waitForTitle(text) - executing waitForTitle(text)(Flight Ticket Booking)
2019-09-19 13:07:14,586|E|Thread-1|[20190919_130655] EXECUTING COMMAND: web.waitForTitle(text)('Flight Ticket Booking')
UNKNOWN ERROR: Expected condition failed: waiting for title to be "Flight Ticket Booking". Current title: "Online flight booking, Hotels, Bus &amp; Holiday Packages at Goibibo" (tried for 0 second(s) with 10 milliseconds interval) Build info: version: '3.141.59', revision: 'e82be7d358', time: '2018-11-14T08:17:03'...
2019-09-19 13:07:14,588|I|Thread-1|OnlineFlightBooking.20190919_130657.001|BookingFlight|AssertTitle|#  8|web.waitForTitle(text) - FAIL EXECUTING COMMAND: web.waitForTitle(text)('Flight Ticket Booking')
UNKNOWN ERROR: Expected condition failed: waiting for title to be "Flight Ticket Booking". Current title: "Online flight booking, Hotels, Bus &amp; Holiday Packages at Goibibo" (tried for 0 second(s) with 10 milliseconds interval) Build info: version: '3.141.59', revision: 'e82be7d358', time: '2018-11-14T08:17:03'...
2019-09-19 13:07:14,597|I|Thread-1|OnlineFlightBooking.20190919_130657.001|BookingFlight|ClickOnSource - executing activity
2019-09-19 13:07:15,198|I|Thread-1|OnlineFlightBooking.20190919_130657.001|BookingFlight|ClickOnSource|#  9|web.click(locator) - executing click(locator)(${txt.source.loc})
2019-09-19 13:07:15,248|I|Thread-1|clicking '//input[@id='gosuggest_inputSrc']'...
2019-09-19 13:07:15,296|I|Thread-1|click target via JS, @id=gosuggest_inputSrc
2019-09-19 13:07:15,344|I|Thread-1|clicked -> true
2019-09-19 13:07:15,347|I|Thread-1|OnlineFlightBooking.20190919_130657.001|BookingFlight|ClickOnSource|#  9|web.click(locator) - PASS click via JS event
2019-09-19 13:07:15,350|I|Thread-1|OnlineFlightBooking.20190919_130657.001|BookingFlight|TypeSource - executing activity
2019-09-19 13:07:15,952|I|Thread-1|OnlineFlightBooking.20190919_130657.001|BookingFlight|TypeSource|# 10|web.type(locator,value) - executing type(locator,value)(${txt.source.loc}, ${sourceLocation})
2019-09-19 13:07:16,383|I|Thread-1|OnlineFlightBooking.20190919_130657.001|BookingFlight|TypeSource|# 10|web.type(locator,value) - PASS typed text at '//input[@id='gosuggest_inputSrc']'
2019-09-19 13:07:16,388|I|Thread-1|OnlineFlightBooking.20190919_130657.001|BookingFlight|ClickDownArrowSrc - executing activity
2019-09-19 13:07:16,990|I|Thread-1|OnlineFlightBooking.20190919_130657.001|BookingFlight|ClickDownArrowSrc|# 11|web.typeKeys(locator,valu - executing typeKeys(locator,value)(${txt.source.loc}, ${downArrow})
2019-09-19 13:07:17,661|I|Thread-1|OnlineFlightBooking.20190919_130657.001|BookingFlight|ClickDownArrowSrc|# 11|web.typeKeys(locator,valu - PASS typed text at '//input[@id='gosuggest_inputSrc']'
2019-09-19 13:07:17,667|I|Thread-1|OnlineFlightBooking.20190919_130657.001|BookingFlight|ClickEnterSrc - executing activity
2019-09-19 13:07:18,270|I|Thread-1|OnlineFlightBooking.20190919_130657.001|BookingFlight|ClickEnterSrc|# 12|web.typeKeys(locator,valu - executing typeKeys(locator,value)(${txt.source.loc}, ${enterKey})
2019-09-19 13:07:18,959|I|Thread-1|OnlineFlightBooking.20190919_130657.001|BookingFlight|ClickEnterSrc|# 12|web.typeKeys(locator,valu - PASS typed text at '//input[@id='gosuggest_inputSrc']'
2019-09-19 13:07:18,962|I|Thread-1|OnlineFlightBooking.20190919_130657.001|BookingFlight|TypeDestination - executing activity
2019-09-19 13:07:19,565|I|Thread-1|OnlineFlightBooking.20190919_130657.001|BookingFlight|TypeDestination|# 13|web.type(locator,value) - executing type(locator,value)(${txt.destination.loc}, ${destinationLocation})
2019-09-19 13:07:19,830|I|Thread-1|OnlineFlightBooking.20190919_130657.001|BookingFlight|TypeDestination|# 13|web.type(locator,value) - PASS typed text at '//input[@id='gosuggest_inputDest']'
2019-09-19 13:07:19,834|I|Thread-1|OnlineFlightBooking.20190919_130657.001|BookingFlight|ClickDownArrowDest - executing activity
2019-09-19 13:07:20,439|I|Thread-1|OnlineFlightBooking.20190919_130657.001|BookingFlight|ClickDownArrowDest|# 14|web.typeKeys(locator,valu - executing typeKeys(locator,value)(${txt.destination.loc}, ${downArrow})
2019-09-19 13:07:21,078|I|Thread-1|OnlineFlightBooking.20190919_130657.001|BookingFlight|ClickDownArrowDest|# 14|web.typeKeys(locator,valu - PASS typed text at '//input[@id='gosuggest_inputDest']'
2019-09-19 13:07:21,080|I|Thread-1|OnlineFlightBooking.20190919_130657.001|BookingFlight|ClickEnterDes - executing activity
2019-09-19 13:07:21,681|I|Thread-1|OnlineFlightBooking.20190919_130657.001|BookingFlight|ClickEnterDes|# 15|web.typeKeys(locator,valu - executing typeKeys(locator,value)(${txt.destination.loc}, ${enterKey})
