2019-09-19 12:46:19,081|I|Thread-1|(DELAYED) nexial-core 2.2_0488 starting up...
2019-09-19 12:46:19,085|I|Thread-1|(DELAYED) data file resolved as C:\Users\SANDHI~1.MUN\AppData\Local\Temp\upMJF\OnlineFlightBooking.data.xlsx
2019-09-19 12:46:19,085|I|Thread-1|(DELAYED) input files and output directory resolved...
2019-09-19 12:46:19,085|I|Thread-1|(DELAYED) No predefined nexial-setup found
2019-09-19 12:46:19,085|I|Thread-1|(DELAYED) [20190919_124618] [C:\projects\OnlineWebApplication\artifact\script\OnlineFlightBooking.xlsx] resolve RUN ID as 20190919_124618
2019-09-19 12:46:19,085|I|Thread-1|(DELAYED) [20190919_124618] [C:\projects\OnlineWebApplication\artifact\script\OnlineFlightBooking.xlsx] new thread started
2019-09-19 12:46:19,086|I|Thread-1|No predefined nexial-setup found
2019-09-19 12:46:19,169|I|Thread-1|outputBase not set; output-to-cloud DISABLED!
2019-09-19 12:46:19,169|I|Thread-1|accessKey not set; output-to-cloud DISABLED!
2019-09-19 12:46:19,171|I|Thread-1|secretKey not set; output-to-cloud DISABLED!
2019-09-19 12:46:19,201|I|Thread-1|missing REQUIRED configuration; sms DISABLED!
2019-09-19 12:46:20,091|I|Thread-1|[20190919_124618] executing C:\projects\OnlineWebApplication\artifact\script\OnlineFlightBooking.xlsx with 1 iteration(s)
2019-09-19 12:46:20,096|I|Thread-1|[20190919_124618] create directory C:\projects\OnlineWebApplication\output\20190919_124618\captures
2019-09-19 12:46:20,098|I|Thread-1|[20190919_124618] create directory C:\projects\OnlineWebApplication\output\20190919_124618\logs
2019-09-19 12:46:20,987|I|Thread-1|[20190919_124618] merging test data to tmp file C:\projects\OnlineWebApplication\output\20190919_124618\OnlineFlightBooking.20190919_124620.001.xlsx
2019-09-19 12:46:20,988|I|Thread-1|refetching data from C:\projects\OnlineWebApplication\artifact\data\OnlineFlightBooking.data.xlsx
2019-09-19 12:46:21,408|I|Thread-1|[20190919_124618] test script and test data merged to C:\projects\OnlineWebApplication\output\20190919_124618\OnlineFlightBooking.20190919_124620.001.xlsx
2019-09-19 12:46:22,271|I|Thread-1|STARTS
2019-09-19 12:46:22,297|I|Thread-1|OnlineFlightBooking.20190919_124620.001 - executing iteration #1 of 1; Iteration Id 1
2019-09-19 12:46:22,305|I|Thread-1|OnlineFlightBooking.20190919_124620.001|BookingFlight - executing test scenario
2019-09-19 12:46:22,309|I|Thread-1|OnlineFlightBooking.20190919_124620.001|BookingFlight|OpenUrl - executing activity
2019-09-19 12:46:22,913|I|Thread-1|OnlineFlightBooking.20190919_124620.001|BookingFlight|OpenUrl|#  5|web.open(url) - executing open(url)(https://www.goibibo.com/)
2019-09-19 12:46:22,918|I|Thread-1|No valid instance of webdriver, initializing...
2019-09-19 12:46:22,920|I|Thread-1|init chrome
2019-09-19 12:46:26,161|I|Thread-1|browser initialization completed for 'chrome'
2019-09-19 12:46:26,189|I|Thread-1|setting browser polling wait time to 800 ms
2019-09-19 12:46:26,210|I|Thread-1|setting browser page load timeout to 10000 ms
2019-09-19 12:46:26,264|I|Thread-1|OnlineFlightBooking.20190919_124620.001|BookingFlight|OpenUrl|#  5|web.open(url) - default browser stability wait time is 3000 ms
2019-09-19 12:46:31,551|I|Thread-1|current browser window handle:CDwindow-378DDA9A401688C868B005E9B561CFD1
2019-09-19 12:46:31,605|I|Thread-1|OnlineFlightBooking.20190919_124620.001|BookingFlight|OpenUrl|#  5|web.open(url) - PASS opened URL https://www.goibibo.com/
2019-09-19 12:46:31,609|I|Thread-1|OnlineFlightBooking.20190919_124620.001|BookingFlight|maximize - executing activity
2019-09-19 12:46:32,212|I|Thread-1|OnlineFlightBooking.20190919_124620.001|BookingFlight|maximize|#  6|web.maximizeWindow() - executing maximizeWindow()()
2019-09-19 12:46:33,407|I|Thread-1|OnlineFlightBooking.20190919_124620.001|BookingFlight|maximize|#  6|web.maximizeWindow() - PASS browser window maximized
2019-09-19 12:46:33,419|I|Thread-1|OnlineFlightBooking.20190919_124620.001|BookingFlight|AssertLogo - executing activity
2019-09-19 12:46:34,023|I|Thread-1|OnlineFlightBooking.20190919_124620.001|BookingFlight|AssertLogo|#  7|web.assertVisible(locator - executing assertVisible(locator)(${img.logo.loc})
2019-09-19 12:46:34,050|E|Thread-1|invalid locator:
2019-09-19 12:46:34,050|E|Thread-1|invalid locator:
2019-09-19 12:46:34,397|I|Thread-1|OnlineFlightBooking.20190919_124620.001|BookingFlight|AssertLogo|#  7|web.assertVisible(locator - FAIL invalid locator:
2019-09-19 12:46:34,459|I|Thread-1|OnlineFlightBooking.20190919_124620.001|BookingFlight|AssertTitle - executing activity
2019-09-19 12:46:35,091|I|Thread-1|OnlineFlightBooking.20190919_124620.001|BookingFlight|AssertTitle|#  8|web.asserttitle(text) - executing asserttitle(text)(${txt.title.loc})
2019-09-19 12:46:35,104|E|Thread-1|Unknown command asserttitle(text)
2019-09-19 12:46:35,105|E|Thread-1|Unknown command asserttitle(text)
2019-09-19 12:46:35,107|I|Thread-1|OnlineFlightBooking.20190919_124620.001|BookingFlight|AssertTitle|#  8|web.asserttitle(text) - FAIL Unknown command asserttitle(text)
2019-09-19 12:46:35,111|I|Thread-1|OnlineFlightBooking.20190919_124620.001|BookingFlight|ClickOnSource - executing activity
2019-09-19 12:46:35,717|I|Thread-1|OnlineFlightBooking.20190919_124620.001|BookingFlight|ClickOnSource|#  9|web.click(locator) - executing click(locator)(${txt.source.loc})
2019-09-19 12:46:35,775|I|Thread-1|clicking '//input[@id='gosuggest_inputSrc']'...
2019-09-19 12:46:35,828|I|Thread-1|click target via JS, @id=gosuggest_inputSrc
2019-09-19 12:46:35,887|I|Thread-1|clicked -> true
2019-09-19 12:46:35,889|I|Thread-1|OnlineFlightBooking.20190919_124620.001|BookingFlight|ClickOnSource|#  9|web.click(locator) - PASS click via JS event
2019-09-19 12:46:35,894|I|Thread-1|OnlineFlightBooking.20190919_124620.001|BookingFlight|TypeSource - executing activity
2019-09-19 12:46:36,497|I|Thread-1|OnlineFlightBooking.20190919_124620.001|BookingFlight|TypeSource|# 10|web.type(locator,value) - executing type(locator,value)(${txt.source.loc}, ${sourceLocation})
2019-09-19 12:46:36,910|I|Thread-1|OnlineFlightBooking.20190919_124620.001|BookingFlight|TypeSource|# 10|web.type(locator,value) - PASS typed text at '//input[@id='gosuggest_inputSrc']'
2019-09-19 12:46:36,919|I|Thread-1|OnlineFlightBooking.20190919_124620.001|BookingFlight|ClickDownArrowSrc - executing activity
2019-09-19 12:46:37,521|I|Thread-1|OnlineFlightBooking.20190919_124620.001|BookingFlight|ClickDownArrowSrc|# 11|web.typeKeys(locator,valu - executing typeKeys(locator,value)(${txt.source.loc}, ${downArrow})
2019-09-19 12:46:38,211|I|Thread-1|OnlineFlightBooking.20190919_124620.001|BookingFlight|ClickDownArrowSrc|# 11|web.typeKeys(locator,valu - PASS typed text at '//input[@id='gosuggest_inputSrc']'
2019-09-19 12:46:38,222|I|Thread-1|OnlineFlightBooking.20190919_124620.001|BookingFlight|ClickEnterSrc - executing activity
2019-09-19 12:46:38,823|I|Thread-1|OnlineFlightBooking.20190919_124620.001|BookingFlight|ClickEnterSrc|# 12|web.typeKeys(locator,valu - executing typeKeys(locator,value)(${txt.source.loc}, ${enterKey})
2019-09-19 12:46:39,479|I|Thread-1|OnlineFlightBooking.20190919_124620.001|BookingFlight|ClickEnterSrc|# 12|web.typeKeys(locator,valu - PASS typed text at '//input[@id='gosuggest_inputSrc']'
2019-09-19 12:46:39,486|I|Thread-1|OnlineFlightBooking.20190919_124620.001|BookingFlight|TypeDestination - executing activity
2019-09-19 12:46:40,088|I|Thread-1|OnlineFlightBooking.20190919_124620.001|BookingFlight|TypeDestination|# 13|web.type(locator,value) - executing type(locator,value)(${txt.destination.loc}, ${destinationLocation})
2019-09-19 12:46:40,361|I|Thread-1|OnlineFlightBooking.20190919_124620.001|BookingFlight|TypeDestination|# 13|web.type(locator,value) - PASS typed text at '//input[@id='gosuggest_inputDest']'
2019-09-19 12:46:40,365|I|Thread-1|OnlineFlightBooking.20190919_124620.001|BookingFlight|ClickDownArrowDest - executing activity
2019-09-19 12:46:40,967|I|Thread-1|OnlineFlightBooking.20190919_124620.001|BookingFlight|ClickDownArrowDest|# 14|web.typeKeys(locator,valu - executing typeKeys(locator,value)(${txt.destination.loc}, ${downArrow})
2019-09-19 12:46:41,595|I|Thread-1|OnlineFlightBooking.20190919_124620.001|BookingFlight|ClickDownArrowDest|# 14|web.typeKeys(locator,valu - PASS typed text at '//input[@id='gosuggest_inputDest']'
2019-09-19 12:46:41,600|I|Thread-1|OnlineFlightBooking.20190919_124620.001|BookingFlight|ClickEnterDes - executing activity
2019-09-19 12:46:42,204|I|Thread-1|OnlineFlightBooking.20190919_124620.001|BookingFlight|ClickEnterDes|# 15|web.typeKeys(locator,valu - executing typeKeys(locator,value)(${txt.destination.loc}, ${enterKey})
2019-09-19 12:46:42,866|I|Thread-1|OnlineFlightBooking.20190919_124620.001|BookingFlight|ClickEnterDes|# 15|web.typeKeys(locator,valu - PASS typed text at '//input[@id='gosuggest_inputDest']'
2019-09-19 12:46:42,870|I|Thread-1|OnlineFlightBooking.20190919_124620.001|BookingFlight|SelectDepartureDate - executing activity
2019-09-19 12:46:43,472|I|Thread-1|OnlineFlightBooking.20190919_124620.001|BookingFlight|SelectDepartureDate|# 16|web.click(locator) - executing click(locator)(${btn.departdate.loc})
2019-09-19 12:46:43,511|I|Thread-1|clicking '//div[@class='DayPicker-Body']/div[4]/div[5]/div'...
2019-09-19 12:46:43,542|I|Thread-1|click target via JS, @id=fare_20190926
2019-09-19 12:46:43,604|I|Thread-1|clicked -> true
2019-09-19 12:46:43,609|I|Thread-1|OnlineFlightBooking.20190919_124620.001|BookingFlight|SelectDepartureDate|# 16|web.click(locator) - PASS click via JS event
2019-09-19 12:46:43,611|I|Thread-1|OnlineFlightBooking.20190919_124620.001|BookingFlight|ClickReturnDate - executing activity
2019-09-19 12:46:44,213|I|Thread-1|OnlineFlightBooking.20190919_124620.001|BookingFlight|ClickReturnDate|# 17|web.click(locator) - executing click(locator)(${txt.returndate.loc})
2019-09-19 12:46:44,254|I|Thread-1|clicking '//input[@id='returnCalendar']'...
2019-09-19 12:46:44,285|I|Thread-1|click target via JS, @id=returnCalendar
2019-09-19 12:46:44,373|I|Thread-1|clicked -> true
2019-09-19 12:46:44,375|I|Thread-1|OnlineFlightBooking.20190919_124620.001|BookingFlight|ClickReturnDate|# 17|web.click(locator) - PASS click via JS event
2019-09-19 12:46:44,377|I|Thread-1|OnlineFlightBooking.20190919_124620.001|BookingFlight|SelectReturnDate - executing activity
2019-09-19 12:46:44,979|I|Thread-1|OnlineFlightBooking.20190919_124620.001|BookingFlight|SelectReturnDate|# 18|web.click(locator) - executing click(locator)(${btn.returndate.loc})
2019-09-19 12:46:45,019|I|Thread-1|clicking '//div[@class='DayPicker-Week'][5]/div[2]/div'...
2019-09-19 12:46:45,041|I|Thread-1|click target via JS, @id=fare_20190930
2019-09-19 12:46:45,094|I|Thread-1|clicked -> true
2019-09-19 12:46:45,096|I|Thread-1|OnlineFlightBooking.20190919_124620.001|BookingFlight|SelectReturnDate|# 18|web.click(locator) - PASS click via JS event
2019-09-19 12:46:45,100|I|Thread-1|OnlineFlightBooking.20190919_124620.001|BookingFlight|ClickSearch - executing activity
2019-09-19 12:46:45,702|I|Thread-1|OnlineFlightBooking.20190919_124620.001|BookingFlight|ClickSearch|# 19|web.click(locator) - executing click(locator)(${btn.search.loc})
2019-09-19 12:46:45,743|I|Thread-1|clicking '//div[@class='justifyCenter col-md-1 col-sm-12 dF padLR0']/button'...
2019-09-19 12:46:45,768|I|Thread-1|click target via JS, @id=gi_search_btn
2019-09-19 12:46:45,930|I|Thread-1|clicked -> true
2019-09-19 12:46:45,932|I|Thread-1|OnlineFlightBooking.20190919_124620.001|BookingFlight|ClickSearch|# 19|web.click(locator) - PASS click via JS event
2019-09-19 12:46:45,942|I|Thread-1|OnlineFlightBooking.20190919_124620.001|BookingFlight|clickFlight - executing activity
2019-09-19 12:46:46,544|I|Thread-1|OnlineFlightBooking.20190919_124620.001|BookingFlight|clickFlight|# 20|web.click(locator) - executing click(locator)(${btn.flight.loc})
2019-09-19 12:46:47,070|I|Thread-1|clicking '(//span[@class='custRad'])[5]/label'...
2019-09-19 12:46:47,174|I|Thread-1|click target via JS, @id=
2019-09-19 12:46:47,294|I|Thread-1|clicked -> true
2019-09-19 12:46:47,297|I|Thread-1|OnlineFlightBooking.20190919_124620.001|BookingFlight|clickFlight|# 20|web.click(locator) - PASS click via JS event
2019-09-19 12:46:47,300|I|Thread-1|OnlineFlightBooking.20190919_124620.001|BookingFlight|ClickBook - executing activity
2019-09-19 12:46:47,903|I|Thread-1|OnlineFlightBooking.20190919_124620.001|BookingFlight|ClickBook|# 21|web.click(locator) - executing click(locator)(${btn.book.loc})
2019-09-19 12:46:48,069|I|Thread-1|clicking '//div[@class='dF alignItemsEnd width30 padL5 padB3 justifyEnd fltHpySumryPrc']/span[2]/span/input'...
2019-09-19 12:46:48,093|I|Thread-1|click target via JS, @id=
2019-09-19 12:46:48,245|I|Thread-1|clicked -> true
2019-09-19 12:46:48,248|I|Thread-1|OnlineFlightBooking.20190919_124620.001|BookingFlight|ClickBook|# 21|web.click(locator) - PASS click via JS event
2019-09-19 12:46:48,260|I|Thread-1|OnlineFlightBooking.20190919_124620.001|BookingFlight|writedatatocsv - executing activity
2019-09-19 12:46:48,862|I|Thread-1|OnlineFlightBooking.20190919_124620.001|BookingFlight|writedatatocsv|# 22|csv.fromExcel(excel,works - executing fromExcel(excel,worksheet,csvFile)(${DataFileLocation}, BookingFlight, ${CSVFileLocation})
2019-09-19 12:46:49,954|I|Thread-1|OnlineFlightBooking.20190919_124620.001|BookingFlight|writedatatocsv|# 22|csv.fromExcel(excel,works - PASS File converted to CSV
2019-09-19 12:46:50,216|I|Thread-1|[OnlineFlightBooking.20190919_124620.001|BookingFlight] saving test scenario
2019-09-19 12:46:50,459|I|Thread-1|[20190919_124618] 
/-TEST COMPLETE-----------------------------------------------------------------
| Test Output:    C:\projects\OnlineWebApplication\output\20190919_124618\OnlineFlightBooking.20190919_124620.001.xlsx
| Iteration:      1
\-------------------------------------------------------------------------------
» Execution Time: 28152 ms
» Test Steps:     18
» Error(s):       2



2019-09-19 12:46:52,898|I|Thread-1|[20190919_124618] 
/-TEST COMPLETE-----------------------------------------------------------------
| Test Script:    C:\projects\OnlineWebApplication\artifact\script\OnlineFlightBooking.xlsx
\-------------------------------------------------------------------------------
» Execution Time: 34035 ms
» Iterations:     [1] total 1
» Test Steps:     18
» Passed:         16
» Error(s):       2
» Iteration 1 of 1: C:\projects\OnlineWebApplication\output\20190919_124618\OnlineFlightBooking.20190919_124620.001.xlsx



2019-09-19 12:46:53,873|I|main|[20190919_124618] [C:\projects\OnlineWebApplication\artifact\script\OnlineFlightBooking.xlsx] now completed
2019-09-19 12:46:53,874|I|main|[20190919_124618] all execution thread(s) have terminated
2019-09-19 12:46:53,875|I|main|[20190919_124618] test run completed in about 35 seconds
2019-09-19 12:46:54,013|I|main|No predefined nexial-setup found
2019-09-19 12:46:54,075|I|main|outputBase not set; output-to-cloud DISABLED!
2019-09-19 12:46:54,076|I|main|accessKey not set; output-to-cloud DISABLED!
2019-09-19 12:46:54,077|I|main|secretKey not set; output-to-cloud DISABLED!
2019-09-19 12:46:54,078|I|main|generating HTML output for this execution to C:\projects\OnlineWebApplication\output\20190919_124618\execution-output.html
2019-09-19 12:46:54,876|I|main|generating JUnit XML output for this execution to C:\projects\OnlineWebApplication\output\20190919_124618\junit.xml
2019-09-19 12:46:54,966|I|main|Generated JUnit report for this execution: C:\projects\OnlineWebApplication\output\20190919_124618\junit.xml
2019-09-19 12:46:54,988|I|main|nexial mailer not enabled: nexial.enableEmail=false
2019-09-19 12:46:54,990|I|main|skipped email notification as configured
2019-09-19 12:46:54,992|I|main|Exiting Nexial...
2019-09-19 12:46:54,993|I|main|shutdown starts...
2019-09-19 12:46:54,996|I|main|Shutting down 'chrome' webdriver...
2019-09-19 12:47:03,670|I|main|shutdown ends...
2019-09-19 12:47:03,688|I|main|

/-END OF EXECUTION--------------------------------------------------------------
| » Execution Time: 35 sec.
| » Test Steps:     18
| » Passed:         16
| » Failed:         2
| » Success Rate:   88.89%
\---------------------------------------------------------------nexial-core 2.2_0488-

2019-09-19 12:47:03,690|E|main|failure found; success rate is 88.89%
2019-09-19 12:47:03,697|I|main|End of Execution:
OUTPUT:       C:\projects\OnlineWebApplication\output\20190919_124618
EXECUTION:    C:\projects\OnlineWebApplication\output\20190919_124618\execution-output.html
JUNIT XML:    C:\projects\OnlineWebApplication\output\20190919_124618\junit.xml
SUCCESS RATE: 88.89%
EXIT STATUS:  -13
2019-09-19 12:47:03,701|I|main|End of Execution:
NEXIAL_OUTPUT:         C:\projects\OnlineWebApplication\output\20190919_124618
NEXIAL_EXECUTION_HTML: C:\projects\OnlineWebApplication\output\20190919_124618\execution-output.html
NEXIAL_JUNIT_XML:      C:\projects\OnlineWebApplication\output\20190919_124618\junit.xml
NEXIAL_SUCCESS_RATE:   88.89%
NEXIAL_EXIT_STATUS:    -13
