2019-09-19 12:13:55,296|I|Thread-1|(DELAYED) nexial-core 2.2_0488 starting up...
2019-09-19 12:13:55,301|I|Thread-1|(DELAYED) data file resolved as C:\Users\SANDHI~1.MUN\AppData\Local\Temp\zhBrZ\OrangeHRM.data.xlsx
2019-09-19 12:13:55,301|I|Thread-1|(DELAYED) input files and output directory resolved...
2019-09-19 12:13:55,302|I|Thread-1|(DELAYED) No predefined nexial-setup found
2019-09-19 12:13:55,302|I|Thread-1|(DELAYED) [20190919_121355] [C:\projects\OnlineWebApplication\artifact\script\OrangeHRM.xlsx] resolve RUN ID as 20190919_121355
2019-09-19 12:13:55,302|I|Thread-1|(DELAYED) [20190919_121355] [C:\projects\OnlineWebApplication\artifact\script\OrangeHRM.xlsx] new thread started
2019-09-19 12:13:55,302|I|Thread-1|No predefined nexial-setup found
2019-09-19 12:13:55,393|I|Thread-1|outputBase not set; output-to-cloud DISABLED!
2019-09-19 12:13:55,394|I|Thread-1|accessKey not set; output-to-cloud DISABLED!
2019-09-19 12:13:55,395|I|Thread-1|secretKey not set; output-to-cloud DISABLED!
2019-09-19 12:13:55,427|I|Thread-1|missing REQUIRED configuration; sms DISABLED!
2019-09-19 12:13:56,301|I|Thread-1|[20190919_121355] executing C:\projects\OnlineWebApplication\artifact\script\OrangeHRM.xlsx with 1 iteration(s)
2019-09-19 12:13:56,306|I|Thread-1|[20190919_121355] create directory C:\projects\OnlineWebApplication\output\20190919_121355\captures
2019-09-19 12:13:56,308|I|Thread-1|[20190919_121355] create directory C:\projects\OnlineWebApplication\output\20190919_121355\logs
2019-09-19 12:13:57,160|I|Thread-1|[20190919_121355] merging test data to tmp file C:\projects\OnlineWebApplication\output\20190919_121355\OrangeHRM.20190919_121356.001.xlsx
2019-09-19 12:13:57,162|I|Thread-1|refetching data from C:\projects\OnlineWebApplication\artifact\data\OrangeHRM.data.xlsx
2019-09-19 12:13:57,527|I|Thread-1|[20190919_121355] test script and test data merged to C:\projects\OnlineWebApplication\output\20190919_121355\OrangeHRM.20190919_121356.001.xlsx
2019-09-19 12:13:58,366|I|Thread-1|STARTS
2019-09-19 12:13:58,391|I|Thread-1|OrangeHRM.20190919_121356.001 - executing iteration #1 of 1; Iteration Id 1
2019-09-19 12:13:58,400|I|Thread-1|OrangeHRM.20190919_121356.001|Scenario - executing test scenario
2019-09-19 12:13:58,403|I|Thread-1|OrangeHRM.20190919_121356.001|Scenario|Activity 1 - executing activity
2019-09-19 12:13:59,006|I|Thread-1|OrangeHRM.20190919_121356.001|Scenario|Activity 1|#  5|base.verbose(text) - executing verbose(text)(Hello World! It's now $(sysdate|now|yyyy-MM-dd HH:mm:ss.S))
2019-09-19 12:13:59,083|I|Thread-1|OrangeHRM.20190919_121356.001|Scenario|Activity 1|#  5|base.verbose(text) - Hello World! It's now 2019-09-19 12:13:59.16
2019-09-19 12:13:59,283|I|Thread-1|OrangeHRM.20190919_121356.001|Scenario|Activity 1|#  5|base.verbose(text) - PASS 
2019-09-19 12:13:59,286|I|Thread-1|OrangeHRM.20190919_121356.001|Scenario|Openurl - executing activity
2019-09-19 12:13:59,888|I|Thread-1|OrangeHRM.20190919_121356.001|Scenario|Openurl|#  6|web.open(url) - executing open(url)(https://opensource-demo.orangehrmlive.com/index.php/auth/validateCredentials)
2019-09-19 12:13:59,901|I|Thread-1|No valid instance of webdriver, initializing...
2019-09-19 12:13:59,915|I|Thread-1|init chrome
2019-09-19 12:14:02,911|I|Thread-1|browser initialization completed for 'chrome'
2019-09-19 12:14:02,935|I|Thread-1|setting browser polling wait time to 800 ms
2019-09-19 12:14:02,961|I|Thread-1|setting browser page load timeout to 10000 ms
2019-09-19 12:14:03,032|I|Thread-1|OrangeHRM.20190919_121356.001|Scenario|Openurl|#  6|web.open(url) - default browser stability wait time is 3000 ms
2019-09-19 12:14:09,036|I|Thread-1|current browser window handle:CDwindow-DD03248D1C4DF0260AE9105F401B566A
2019-09-19 12:14:09,098|I|Thread-1|OrangeHRM.20190919_121356.001|Scenario|Openurl|#  6|web.open(url) - PASS opened URL https://opensource-demo.orangehrmlive.com/index.php/auth/validateCredentials
2019-09-19 12:14:09,106|I|Thread-1|OrangeHRM.20190919_121356.001|Scenario|MaximizeWindow - executing activity
2019-09-19 12:14:09,707|I|Thread-1|OrangeHRM.20190919_121356.001|Scenario|MaximizeWindow|#  7|web.maximizeWindow() - executing maximizeWindow()()
2019-09-19 12:14:10,871|I|Thread-1|OrangeHRM.20190919_121356.001|Scenario|MaximizeWindow|#  7|web.maximizeWindow() - PASS browser window maximized
2019-09-19 12:14:10,874|I|Thread-1|OrangeHRM.20190919_121356.001|Scenario|ClickUsername - executing activity
2019-09-19 12:14:11,476|I|Thread-1|OrangeHRM.20190919_121356.001|Scenario|ClickUsername|#  8|web.click(locator) - executing click(locator)(${txt.username.loc})
2019-09-19 12:14:11,533|I|Thread-1|clicking '//div[@id='divUsername']/input'...
2019-09-19 12:14:11,578|I|Thread-1|click target via JS, @id=txtUsername
2019-09-19 12:14:11,620|I|Thread-1|clicked -> true
2019-09-19 12:14:11,623|I|Thread-1|OrangeHRM.20190919_121356.001|Scenario|ClickUsername|#  8|web.click(locator) - PASS click via JS event
2019-09-19 12:14:11,628|I|Thread-1|OrangeHRM.20190919_121356.001|Scenario|EnterUserName - executing activity
2019-09-19 12:14:12,231|I|Thread-1|OrangeHRM.20190919_121356.001|Scenario|EnterUserName|#  9|web.type(locator,value) - executing type(locator,value)(${txt.username.loc}, ${username})
2019-09-19 12:14:12,576|I|Thread-1|OrangeHRM.20190919_121356.001|Scenario|EnterUserName|#  9|web.type(locator,value) - PASS typed text at '//div[@id='divUsername']/input'
2019-09-19 12:14:12,580|I|Thread-1|OrangeHRM.20190919_121356.001|Scenario|ClickPassword - executing activity
2019-09-19 12:14:13,182|I|Thread-1|OrangeHRM.20190919_121356.001|Scenario|ClickPassword|# 10|web.click(locator) - executing click(locator)(${txt.pass.loc})
2019-09-19 12:14:14,064|I|Thread-1|OrangeHRM.20190919_121356.001|Scenario|ClickPassword|# 10|web.click(locator) - FAIL No element via locator '//div[@class='Xb9hP']/input[@type='password']'
2019-09-19 12:14:14,068|I|Thread-1|OrangeHRM.20190919_121356.001|Scenario|EnterPassword - executing activity
2019-09-19 12:14:14,670|I|Thread-1|OrangeHRM.20190919_121356.001|Scenario|EnterPassword|# 11|web.type(locator,value) - executing type(locator,value)(${txt.pass.loc}, ${password})
2019-09-19 12:14:15,551|E|Thread-1|[20190919_121355] EXECUTING COMMAND: web.type(locator,value)('//div[@class='Xb9hP']/input[@type='password']', '${password}')
Specified element not found: no such element: Unable to locate element: {"method":"xpath","selector":"//div[@class='Xb9hP']/input[@type='password']"}   (Session info: chrome=77.0.3865.90)...
2019-09-19 12:14:15,553|I|Thread-1|OrangeHRM.20190919_121356.001|Scenario|EnterPassword|# 11|web.type(locator,value) - FAIL EXECUTING COMMAND: web.type(locator,value)('//div[@class='Xb9hP']/input[@type='password']', '${password}')
Specified element not found: no such element: Unable to locate element: {"method":"xpath","selector":"//div[@class='Xb9hP']/input[@type='password']"}   (Session info: chrome=77.0.3865.90)...
2019-09-19 12:14:15,557|I|Thread-1|OrangeHRM.20190919_121356.001|Scenario|signin - executing activity
2019-09-19 12:14:16,158|I|Thread-1|OrangeHRM.20190919_121356.001|Scenario|signin|# 12|web.click(locator) - executing click(locator)(${btn.login.loc})
2019-09-19 12:14:16,198|I|Thread-1|clicking '//div[@id='divLoginButton']/input'...
2019-09-19 12:14:16,227|I|Thread-1|click target via JS, @id=btnLogin
2019-09-19 12:14:16,270|I|Thread-1|clicked -> true
2019-09-19 12:14:16,272|I|Thread-1|OrangeHRM.20190919_121356.001|Scenario|signin|# 12|web.click(locator) - PASS click via JS event
2019-09-19 12:14:16,602|I|Thread-1|[OrangeHRM.20190919_121356.001|Scenario] saving test scenario
2019-09-19 12:14:16,826|I|Thread-1|[20190919_121355] 
/-TEST COMPLETE-----------------------------------------------------------------
| Test Output:    C:\projects\OnlineWebApplication\output\20190919_121355\OrangeHRM.20190919_121356.001.xlsx
| Iteration:      1
\-------------------------------------------------------------------------------
» Execution Time: 18426 ms
» Test Steps:     8
» Error(s):       2



2019-09-19 12:14:19,079|I|Thread-1|[20190919_121355] 
/-TEST COMPLETE-----------------------------------------------------------------
| Test Script:    C:\projects\OnlineWebApplication\artifact\script\OrangeHRM.xlsx
\-------------------------------------------------------------------------------
» Execution Time: 23989 ms
» Iterations:     [1] total 1
» Test Steps:     8
» Passed:         6
» Error(s):       2
» Iteration 1 of 1: C:\projects\OnlineWebApplication\output\20190919_121355\OrangeHRM.20190919_121356.001.xlsx



2019-09-19 12:14:20,070|I|main|[20190919_121355] [C:\projects\OnlineWebApplication\artifact\script\OrangeHRM.xlsx] now completed
2019-09-19 12:14:20,071|I|main|[20190919_121355] all execution thread(s) have terminated
2019-09-19 12:14:20,072|I|main|[20190919_121355] test run completed in about 25 seconds
2019-09-19 12:14:20,181|I|main|No predefined nexial-setup found
2019-09-19 12:14:20,218|I|main|outputBase not set; output-to-cloud DISABLED!
2019-09-19 12:14:20,219|I|main|accessKey not set; output-to-cloud DISABLED!
2019-09-19 12:14:20,220|I|main|secretKey not set; output-to-cloud DISABLED!
2019-09-19 12:14:20,222|I|main|generating HTML output for this execution to C:\projects\OnlineWebApplication\output\20190919_121355\execution-output.html
2019-09-19 12:14:20,859|I|main|generating JUnit XML output for this execution to C:\projects\OnlineWebApplication\output\20190919_121355\junit.xml
2019-09-19 12:14:20,928|I|main|Generated JUnit report for this execution: C:\projects\OnlineWebApplication\output\20190919_121355\junit.xml
2019-09-19 12:14:20,971|I|main|nexial mailer not enabled: nexial.enableEmail=false
2019-09-19 12:14:20,971|I|main|skipped email notification as configured
2019-09-19 12:14:20,973|I|main|Exiting Nexial...
2019-09-19 12:14:20,974|I|main|shutdown starts...
2019-09-19 12:14:20,976|I|main|Shutting down 'chrome' webdriver...
2019-09-19 12:14:27,854|I|main|shutdown ends...
2019-09-19 12:14:27,861|I|main|

/-END OF EXECUTION--------------------------------------------------------------
| » Execution Time: 25 sec.
| » Test Steps:     8
| » Passed:         6
| » Failed:         2
| » Success Rate:   75.00%
\---------------------------------------------------------------nexial-core 2.2_0488-

2019-09-19 12:14:27,872|E|main|failure found; success rate is 75.00%
2019-09-19 12:14:27,880|I|main|End of Execution:
OUTPUT:       C:\projects\OnlineWebApplication\output\20190919_121355
EXECUTION:    C:\projects\OnlineWebApplication\output\20190919_121355\execution-output.html
JUNIT XML:    C:\projects\OnlineWebApplication\output\20190919_121355\junit.xml
SUCCESS RATE: 75.00%
EXIT STATUS:  -13
2019-09-19 12:14:27,888|I|main|End of Execution:
NEXIAL_OUTPUT:         C:\projects\OnlineWebApplication\output\20190919_121355
NEXIAL_EXECUTION_HTML: C:\projects\OnlineWebApplication\output\20190919_121355\execution-output.html
NEXIAL_JUNIT_XML:      C:\projects\OnlineWebApplication\output\20190919_121355\junit.xml
NEXIAL_SUCCESS_RATE:   75.00%
NEXIAL_EXIT_STATUS:    -13
