2019-09-19 13:01:35,125|I|Thread-1|(DELAYED) nexial-core 2.2_0488 starting up...
2019-09-19 13:01:35,131|I|Thread-1|(DELAYED) data file resolved as C:\Users\SANDHI~1.MUN\AppData\Local\Temp\VrzGH\OnlineFlightBooking.data.xlsx
2019-09-19 13:01:35,131|I|Thread-1|(DELAYED) input files and output directory resolved...
2019-09-19 13:01:35,131|I|Thread-1|(DELAYED) No predefined nexial-setup found
2019-09-19 13:01:35,131|I|Thread-1|(DELAYED) [20190919_130134] [C:\projects\OnlineWebApplication\artifact\script\OnlineFlightBooking.xlsx] resolve RUN ID as 20190919_130134
2019-09-19 13:01:35,131|I|Thread-1|(DELAYED) [20190919_130134] [C:\projects\OnlineWebApplication\artifact\script\OnlineFlightBooking.xlsx] new thread started
2019-09-19 13:01:35,132|I|Thread-1|No predefined nexial-setup found
2019-09-19 13:01:35,300|I|Thread-1|outputBase not set; output-to-cloud DISABLED!
2019-09-19 13:01:35,302|I|Thread-1|accessKey not set; output-to-cloud DISABLED!
2019-09-19 13:01:35,303|I|Thread-1|secretKey not set; output-to-cloud DISABLED!
2019-09-19 13:01:35,347|I|Thread-1|missing REQUIRED configuration; sms DISABLED!
2019-09-19 13:01:36,841|I|Thread-1|[20190919_130134] executing C:\projects\OnlineWebApplication\artifact\script\OnlineFlightBooking.xlsx with 1 iteration(s)
2019-09-19 13:01:36,848|I|Thread-1|[20190919_130134] create directory C:\projects\OnlineWebApplication\output\20190919_130134\captures
2019-09-19 13:01:36,850|I|Thread-1|[20190919_130134] create directory C:\projects\OnlineWebApplication\output\20190919_130134\logs
2019-09-19 13:01:38,091|I|Thread-1|[20190919_130134] merging test data to tmp file C:\projects\OnlineWebApplication\output\20190919_130134\OnlineFlightBooking.20190919_130136.001.xlsx
2019-09-19 13:01:38,092|I|Thread-1|refetching data from C:\projects\OnlineWebApplication\artifact\data\OnlineFlightBooking.data.xlsx
2019-09-19 13:01:38,534|I|Thread-1|[20190919_130134] test script and test data merged to C:\projects\OnlineWebApplication\output\20190919_130134\OnlineFlightBooking.20190919_130136.001.xlsx
2019-09-19 13:01:39,369|I|Thread-1|STARTS
2019-09-19 13:01:39,402|I|Thread-1|OnlineFlightBooking.20190919_130136.001 - executing iteration #1 of 1; Iteration Id 1
2019-09-19 13:01:39,412|I|Thread-1|OnlineFlightBooking.20190919_130136.001|BookingFlight - executing test scenario
2019-09-19 13:01:39,415|I|Thread-1|OnlineFlightBooking.20190919_130136.001|BookingFlight|OpenUrl - executing activity
2019-09-19 13:01:40,019|I|Thread-1|OnlineFlightBooking.20190919_130136.001|BookingFlight|OpenUrl|#  5|web.open(url) - executing open(url)(https://www.goibibo.com/)
2019-09-19 13:01:40,025|I|Thread-1|No valid instance of webdriver, initializing...
2019-09-19 13:01:40,028|I|Thread-1|init chrome
2019-09-19 13:01:43,534|I|Thread-1|browser initialization completed for 'chrome'
2019-09-19 13:01:43,575|I|Thread-1|setting browser polling wait time to 800 ms
2019-09-19 13:01:43,600|I|Thread-1|setting browser page load timeout to 10000 ms
2019-09-19 13:01:43,664|I|Thread-1|OnlineFlightBooking.20190919_130136.001|BookingFlight|OpenUrl|#  5|web.open(url) - default browser stability wait time is 3000 ms
2019-09-19 13:01:48,858|I|Thread-1|current browser window handle:CDwindow-408ABD1AE31B80AE249D8F14728152F3
2019-09-19 13:01:48,910|I|Thread-1|OnlineFlightBooking.20190919_130136.001|BookingFlight|OpenUrl|#  5|web.open(url) - PASS opened URL https://www.goibibo.com/
2019-09-19 13:01:48,915|I|Thread-1|OnlineFlightBooking.20190919_130136.001|BookingFlight|maximize - executing activity
2019-09-19 13:01:49,518|I|Thread-1|OnlineFlightBooking.20190919_130136.001|BookingFlight|maximize|#  6|web.maximizeWindow() - executing maximizeWindow()()
2019-09-19 13:01:50,856|I|Thread-1|OnlineFlightBooking.20190919_130136.001|BookingFlight|maximize|#  6|web.maximizeWindow() - PASS browser window maximized
2019-09-19 13:01:50,860|I|Thread-1|OnlineFlightBooking.20190919_130136.001|BookingFlight|AssertLogo - executing activity
2019-09-19 13:01:51,462|I|Thread-1|OnlineFlightBooking.20190919_130136.001|BookingFlight|AssertLogo|#  7|web.assertVisible(locator - executing assertVisible(locator)(${img.logo.loc})
2019-09-19 13:01:51,965|I|Thread-1|OnlineFlightBooking.20190919_130136.001|BookingFlight|AssertLogo|#  7|web.assertVisible(locator - PASS EXPECTED visible element '//div[@id='content']/div/div/div/div/a/img' found
2019-09-19 13:01:51,989|I|Thread-1|OnlineFlightBooking.20190919_130136.001|BookingFlight|AssertTitle - executing activity
2019-09-19 13:01:52,593|I|Thread-1|OnlineFlightBooking.20190919_130136.001|BookingFlight|AssertTitle|#  8|web.asserttitle(text) - executing asserttitle(text)(${txt.title.loc})
2019-09-19 13:01:52,602|E|Thread-1|Unknown command asserttitle(text)
2019-09-19 13:01:52,604|E|Thread-1|Unknown command asserttitle(text)
2019-09-19 13:01:52,606|I|Thread-1|OnlineFlightBooking.20190919_130136.001|BookingFlight|AssertTitle|#  8|web.asserttitle(text) - FAIL Unknown command asserttitle(text)
2019-09-19 13:01:52,609|I|Thread-1|OnlineFlightBooking.20190919_130136.001|BookingFlight|ClickOnSource - executing activity
2019-09-19 13:01:53,211|I|Thread-1|OnlineFlightBooking.20190919_130136.001|BookingFlight|ClickOnSource|#  9|web.click(locator) - executing click(locator)(${txt.source.loc})
2019-09-19 13:01:53,248|I|Thread-1|clicking '//input[@id='gosuggest_inputSrc']'...
2019-09-19 13:01:53,278|I|Thread-1|click target via JS, @id=gosuggest_inputSrc
2019-09-19 13:01:53,319|I|Thread-1|clicked -> true
2019-09-19 13:01:53,321|I|Thread-1|OnlineFlightBooking.20190919_130136.001|BookingFlight|ClickOnSource|#  9|web.click(locator) - PASS click via JS event
2019-09-19 13:01:53,323|I|Thread-1|OnlineFlightBooking.20190919_130136.001|BookingFlight|TypeSource - executing activity
2019-09-19 13:01:53,925|I|Thread-1|OnlineFlightBooking.20190919_130136.001|BookingFlight|TypeSource|# 10|web.type(locator,value) - executing type(locator,value)(${txt.source.loc}, ${sourceLocation})
2019-09-19 13:01:54,264|I|Thread-1|OnlineFlightBooking.20190919_130136.001|BookingFlight|TypeSource|# 10|web.type(locator,value) - PASS typed text at '//input[@id='gosuggest_inputSrc']'
2019-09-19 13:01:54,272|I|Thread-1|OnlineFlightBooking.20190919_130136.001|BookingFlight|ClickDownArrowSrc - executing activity
2019-09-19 13:01:54,876|I|Thread-1|OnlineFlightBooking.20190919_130136.001|BookingFlight|ClickDownArrowSrc|# 11|web.typeKeys(locator,valu - executing typeKeys(locator,value)(${txt.source.loc}, ${downArrow})
2019-09-19 13:01:55,519|I|Thread-1|OnlineFlightBooking.20190919_130136.001|BookingFlight|ClickDownArrowSrc|# 11|web.typeKeys(locator,valu - PASS typed text at '//input[@id='gosuggest_inputSrc']'
2019-09-19 13:01:55,523|I|Thread-1|OnlineFlightBooking.20190919_130136.001|BookingFlight|ClickEnterSrc - executing activity
2019-09-19 13:01:56,125|I|Thread-1|OnlineFlightBooking.20190919_130136.001|BookingFlight|ClickEnterSrc|# 12|web.typeKeys(locator,valu - executing typeKeys(locator,value)(${txt.source.loc}, ${enterKey})
2019-09-19 13:01:56,782|I|Thread-1|OnlineFlightBooking.20190919_130136.001|BookingFlight|ClickEnterSrc|# 12|web.typeKeys(locator,valu - PASS typed text at '//input[@id='gosuggest_inputSrc']'
2019-09-19 13:01:56,786|I|Thread-1|OnlineFlightBooking.20190919_130136.001|BookingFlight|TypeDestination - executing activity
2019-09-19 13:01:57,387|I|Thread-1|OnlineFlightBooking.20190919_130136.001|BookingFlight|TypeDestination|# 13|web.type(locator,value) - executing type(locator,value)(${txt.destination.loc}, ${destinationLocation})
2019-09-19 13:01:57,654|I|Thread-1|OnlineFlightBooking.20190919_130136.001|BookingFlight|TypeDestination|# 13|web.type(locator,value) - PASS typed text at '//input[@id='gosuggest_inputDest']'
2019-09-19 13:01:57,658|I|Thread-1|OnlineFlightBooking.20190919_130136.001|BookingFlight|ClickDownArrowDest - executing activity
2019-09-19 13:01:58,260|I|Thread-1|OnlineFlightBooking.20190919_130136.001|BookingFlight|ClickDownArrowDest|# 14|web.typeKeys(locator,valu - executing typeKeys(locator,value)(${txt.destination.loc}, ${downArrow})
2019-09-19 13:01:58,894|I|Thread-1|OnlineFlightBooking.20190919_130136.001|BookingFlight|ClickDownArrowDest|# 14|web.typeKeys(locator,valu - PASS typed text at '//input[@id='gosuggest_inputDest']'
2019-09-19 13:01:58,897|I|Thread-1|OnlineFlightBooking.20190919_130136.001|BookingFlight|ClickEnterDes - executing activity
2019-09-19 13:01:59,499|I|Thread-1|OnlineFlightBooking.20190919_130136.001|BookingFlight|ClickEnterDes|# 15|web.typeKeys(locator,valu - executing typeKeys(locator,value)(${txt.destination.loc}, ${enterKey})
2019-09-19 13:02:00,144|I|Thread-1|OnlineFlightBooking.20190919_130136.001|BookingFlight|ClickEnterDes|# 15|web.typeKeys(locator,valu - PASS typed text at '//input[@id='gosuggest_inputDest']'
2019-09-19 13:02:00,151|I|Thread-1|OnlineFlightBooking.20190919_130136.001|BookingFlight|SelectDepartureDate - executing activity
2019-09-19 13:02:00,753|I|Thread-1|OnlineFlightBooking.20190919_130136.001|BookingFlight|SelectDepartureDate|# 16|web.click(locator) - executing click(locator)(${btn.departdate.loc})
2019-09-19 13:02:01,642|I|Thread-1|OnlineFlightBooking.20190919_130136.001|BookingFlight|SelectDepartureDate|# 16|web.click(locator) - FAIL No element via locator '//div[@class='DayPicker-Body']/div[4]/div[5]/div'
2019-09-19 13:02:01,649|I|Thread-1|OnlineFlightBooking.20190919_130136.001|BookingFlight|ClickReturnDate - executing activity
2019-09-19 13:02:02,251|I|Thread-1|OnlineFlightBooking.20190919_130136.001|BookingFlight|ClickReturnDate|# 17|web.click(locator) - executing click(locator)(${txt.returndate.loc})
2019-09-19 13:02:02,295|I|Thread-1|clicking '//input[@id='returnCalendar']'...
2019-09-19 13:02:02,328|I|Thread-1|click target via JS, @id=returnCalendar
2019-09-19 13:02:02,430|I|Thread-1|clicked -> true
2019-09-19 13:02:02,432|I|Thread-1|OnlineFlightBooking.20190919_130136.001|BookingFlight|ClickReturnDate|# 17|web.click(locator) - PASS click via JS event
2019-09-19 13:02:02,434|I|Thread-1|OnlineFlightBooking.20190919_130136.001|BookingFlight|SelectReturnDate - executing activity
2019-09-19 13:02:03,036|I|Thread-1|OnlineFlightBooking.20190919_130136.001|BookingFlight|SelectReturnDate|# 18|web.click(locator) - executing click(locator)(${btn.returndate.loc})
2019-09-19 13:02:03,082|I|Thread-1|clicking '//div[@class='DayPicker-Week'][5]/div[2]/div'...
2019-09-19 13:02:03,113|I|Thread-1|click target via JS, @id=fare_20190930
2019-09-19 13:02:03,180|I|Thread-1|clicked -> true
2019-09-19 13:02:03,182|I|Thread-1|OnlineFlightBooking.20190919_130136.001|BookingFlight|SelectReturnDate|# 18|web.click(locator) - PASS click via JS event
2019-09-19 13:02:03,184|I|Thread-1|OnlineFlightBooking.20190919_130136.001|BookingFlight|ClickSearch - executing activity
2019-09-19 13:02:03,785|I|Thread-1|OnlineFlightBooking.20190919_130136.001|BookingFlight|ClickSearch|# 19|web.click(locator) - executing click(locator)(${btn.search.loc})
2019-09-19 13:02:03,834|I|Thread-1|clicking '//div[@class='justifyCenter col-md-1 col-sm-12 dF padLR0']/button'...
2019-09-19 13:02:03,869|I|Thread-1|click target via JS, @id=gi_search_btn
2019-09-19 13:02:03,916|I|Thread-1|clicked -> true
2019-09-19 13:02:03,918|I|Thread-1|OnlineFlightBooking.20190919_130136.001|BookingFlight|ClickSearch|# 19|web.click(locator) - PASS click via JS event
2019-09-19 13:02:03,920|I|Thread-1|OnlineFlightBooking.20190919_130136.001|BookingFlight|clickFlight - executing activity
2019-09-19 13:02:04,523|I|Thread-1|OnlineFlightBooking.20190919_130136.001|BookingFlight|clickFlight|# 20|web.click(locator) - executing click(locator)(${btn.flight.loc})
2019-09-19 13:02:05,396|I|Thread-1|OnlineFlightBooking.20190919_130136.001|BookingFlight|clickFlight|# 20|web.click(locator) - FAIL No element via locator '(//span[@class='custRad'])[5]/label'
2019-09-19 13:02:05,399|I|Thread-1|OnlineFlightBooking.20190919_130136.001|BookingFlight|ClickBook - executing activity
2019-09-19 13:02:06,000|I|Thread-1|OnlineFlightBooking.20190919_130136.001|BookingFlight|ClickBook|# 21|web.click(locator) - executing click(locator)(${btn.book.loc})
2019-09-19 13:02:06,881|I|Thread-1|OnlineFlightBooking.20190919_130136.001|BookingFlight|ClickBook|# 21|web.click(locator) - FAIL No element via locator '//div[@class='dF alignItemsEnd width30 padL5 padB3 justifyEnd fltHpySumryPrc']/span[2]/span/input'
2019-09-19 13:02:06,884|I|Thread-1|OnlineFlightBooking.20190919_130136.001|BookingFlight|writedatatocsv - executing activity
2019-09-19 13:02:07,486|I|Thread-1|OnlineFlightBooking.20190919_130136.001|BookingFlight|writedatatocsv|# 22|csv.fromExcel(excel,works - executing fromExcel(excel,worksheet,csvFile)(${DataFileLocation}, BookingFlight, ${CSVFileLocation})
2019-09-19 13:02:07,978|I|Thread-1|OnlineFlightBooking.20190919_130136.001|BookingFlight|writedatatocsv|# 22|csv.fromExcel(excel,works - PASS File converted to CSV
2019-09-19 13:02:08,192|I|Thread-1|[OnlineFlightBooking.20190919_130136.001|BookingFlight] saving test scenario
2019-09-19 13:02:08,468|I|Thread-1|[20190919_130134] 
/-TEST COMPLETE-----------------------------------------------------------------
| Test Output:    C:\projects\OnlineWebApplication\output\20190919_130134\OnlineFlightBooking.20190919_130136.001.xlsx
| Iteration:      1
\-------------------------------------------------------------------------------
» Execution Time: 29049 ms
» Test Steps:     18
» Error(s):       4



2019-09-19 13:02:10,783|I|Thread-1|[20190919_130134] 
/-TEST COMPLETE-----------------------------------------------------------------
| Test Script:    C:\projects\OnlineWebApplication\artifact\script\OnlineFlightBooking.xlsx
\-------------------------------------------------------------------------------
» Execution Time: 36192 ms
» Iterations:     [1] total 1
» Test Steps:     18
» Passed:         14
» Error(s):       4
» Iteration 1 of 1: C:\projects\OnlineWebApplication\output\20190919_130134\OnlineFlightBooking.20190919_130136.001.xlsx



2019-09-19 13:02:11,655|I|main|[20190919_130134] [C:\projects\OnlineWebApplication\artifact\script\OnlineFlightBooking.xlsx] now completed
2019-09-19 13:02:11,658|I|main|[20190919_130134] all execution thread(s) have terminated
2019-09-19 13:02:11,659|I|main|[20190919_130134] test run completed in about 37 seconds
2019-09-19 13:02:11,751|I|main|No predefined nexial-setup found
2019-09-19 13:02:11,769|I|main|outputBase not set; output-to-cloud DISABLED!
2019-09-19 13:02:11,769|I|main|accessKey not set; output-to-cloud DISABLED!
2019-09-19 13:02:11,770|I|main|secretKey not set; output-to-cloud DISABLED!
2019-09-19 13:02:11,770|I|main|generating HTML output for this execution to C:\projects\OnlineWebApplication\output\20190919_130134\execution-output.html
2019-09-19 13:02:12,260|I|main|generating JUnit XML output for this execution to C:\projects\OnlineWebApplication\output\20190919_130134\junit.xml
2019-09-19 13:02:12,301|I|main|Generated JUnit report for this execution: C:\projects\OnlineWebApplication\output\20190919_130134\junit.xml
2019-09-19 13:02:12,315|I|main|nexial mailer not enabled: nexial.enableEmail=false
2019-09-19 13:02:12,315|I|main|skipped email notification as configured
2019-09-19 13:02:12,316|I|main|Exiting Nexial...
2019-09-19 13:02:12,317|I|main|shutdown starts...
2019-09-19 13:02:12,318|I|main|Shutting down 'chrome' webdriver...
2019-09-19 13:02:20,974|I|main|shutdown ends...
2019-09-19 13:02:20,979|I|main|

/-END OF EXECUTION--------------------------------------------------------------
| » Execution Time: 37 sec.
| » Test Steps:     18
| » Passed:         14
| » Failed:         4
| » Success Rate:   77.78%
\---------------------------------------------------------------nexial-core 2.2_0488-

2019-09-19 13:02:20,981|E|main|failure found; success rate is 77.78%
2019-09-19 13:02:20,984|I|main|End of Execution:
OUTPUT:       C:\projects\OnlineWebApplication\output\20190919_130134
EXECUTION:    C:\projects\OnlineWebApplication\output\20190919_130134\execution-output.html
JUNIT XML:    C:\projects\OnlineWebApplication\output\20190919_130134\junit.xml
SUCCESS RATE: 77.78%
EXIT STATUS:  -13
2019-09-19 13:02:20,989|I|main|End of Execution:
NEXIAL_OUTPUT:         C:\projects\OnlineWebApplication\output\20190919_130134
NEXIAL_EXECUTION_HTML: C:\projects\OnlineWebApplication\output\20190919_130134\execution-output.html
NEXIAL_JUNIT_XML:      C:\projects\OnlineWebApplication\output\20190919_130134\junit.xml
NEXIAL_SUCCESS_RATE:   77.78%
NEXIAL_EXIT_STATUS:    -13
