2019-09-19 13:03:33,155|I|Thread-1|(DELAYED) nexial-core 2.2_0488 starting up...
2019-09-19 13:03:33,161|I|Thread-1|(DELAYED) data file resolved as C:\Users\SANDHI~1.MUN\AppData\Local\Temp\kknjv\OnlineFlightBooking.data.xlsx
2019-09-19 13:03:33,162|I|Thread-1|(DELAYED) input files and output directory resolved...
2019-09-19 13:03:33,162|I|Thread-1|(DELAYED) No predefined nexial-setup found
2019-09-19 13:03:33,162|I|Thread-1|(DELAYED) [20190919_130332] [C:\projects\OnlineWebApplication\artifact\script\OnlineFlightBooking.xlsx] resolve RUN ID as 20190919_130332
2019-09-19 13:03:33,162|I|Thread-1|(DELAYED) [20190919_130332] [C:\projects\OnlineWebApplication\artifact\script\OnlineFlightBooking.xlsx] new thread started
2019-09-19 13:03:33,162|I|Thread-1|No predefined nexial-setup found
2019-09-19 13:03:33,261|I|Thread-1|outputBase not set; output-to-cloud DISABLED!
2019-09-19 13:03:33,262|I|Thread-1|accessKey not set; output-to-cloud DISABLED!
2019-09-19 13:03:33,263|I|Thread-1|secretKey not set; output-to-cloud DISABLED!
2019-09-19 13:03:33,295|I|Thread-1|missing REQUIRED configuration; sms DISABLED!
2019-09-19 13:03:34,185|I|Thread-1|[20190919_130332] executing C:\projects\OnlineWebApplication\artifact\script\OnlineFlightBooking.xlsx with 1 iteration(s)
2019-09-19 13:03:34,192|I|Thread-1|[20190919_130332] create directory C:\projects\OnlineWebApplication\output\20190919_130332\captures
2019-09-19 13:03:34,194|I|Thread-1|[20190919_130332] create directory C:\projects\OnlineWebApplication\output\20190919_130332\logs
2019-09-19 13:03:35,185|I|Thread-1|[20190919_130332] merging test data to tmp file C:\projects\OnlineWebApplication\output\20190919_130332\OnlineFlightBooking.20190919_130334.001.xlsx
2019-09-19 13:03:35,187|I|Thread-1|refetching data from C:\projects\OnlineWebApplication\artifact\data\OnlineFlightBooking.data.xlsx
2019-09-19 13:03:35,534|I|Thread-1|[20190919_130332] test script and test data merged to C:\projects\OnlineWebApplication\output\20190919_130332\OnlineFlightBooking.20190919_130334.001.xlsx
2019-09-19 13:03:36,379|I|Thread-1|STARTS
2019-09-19 13:03:36,433|I|Thread-1|OnlineFlightBooking.20190919_130334.001 - executing iteration #1 of 1; Iteration Id 1
2019-09-19 13:03:36,443|I|Thread-1|OnlineFlightBooking.20190919_130334.001|BookingFlight - executing test scenario
2019-09-19 13:03:36,446|I|Thread-1|OnlineFlightBooking.20190919_130334.001|BookingFlight|OpenUrl - executing activity
2019-09-19 13:03:37,049|I|Thread-1|OnlineFlightBooking.20190919_130334.001|BookingFlight|OpenUrl|#  5|web.open(url) - executing open(url)(https://www.goibibo.com/)
2019-09-19 13:03:37,054|I|Thread-1|No valid instance of webdriver, initializing...
2019-09-19 13:03:37,056|I|Thread-1|init chrome
2019-09-19 13:03:40,155|I|Thread-1|browser initialization completed for 'chrome'
2019-09-19 13:03:40,177|I|Thread-1|setting browser polling wait time to 800 ms
2019-09-19 13:03:40,196|I|Thread-1|setting browser page load timeout to 10000 ms
2019-09-19 13:03:40,248|I|Thread-1|OnlineFlightBooking.20190919_130334.001|BookingFlight|OpenUrl|#  5|web.open(url) - default browser stability wait time is 3000 ms
2019-09-19 13:03:46,124|I|Thread-1|current browser window handle:CDwindow-805F3457CB27FA2C5C04ED376D760609
2019-09-19 13:03:46,187|I|Thread-1|OnlineFlightBooking.20190919_130334.001|BookingFlight|OpenUrl|#  5|web.open(url) - PASS opened URL https://www.goibibo.com/
2019-09-19 13:03:46,191|I|Thread-1|OnlineFlightBooking.20190919_130334.001|BookingFlight|maximize - executing activity
2019-09-19 13:03:46,794|I|Thread-1|OnlineFlightBooking.20190919_130334.001|BookingFlight|maximize|#  6|web.maximizeWindow() - executing maximizeWindow()()
2019-09-19 13:03:48,028|I|Thread-1|OnlineFlightBooking.20190919_130334.001|BookingFlight|maximize|#  6|web.maximizeWindow() - PASS browser window maximized
2019-09-19 13:03:48,032|I|Thread-1|OnlineFlightBooking.20190919_130334.001|BookingFlight|AssertLogo - executing activity
2019-09-19 13:03:48,633|I|Thread-1|OnlineFlightBooking.20190919_130334.001|BookingFlight|AssertLogo|#  7|web.assertVisible(locator - executing assertVisible(locator)(${img.logo.loc})
2019-09-19 13:03:49,089|I|Thread-1|OnlineFlightBooking.20190919_130334.001|BookingFlight|AssertLogo|#  7|web.assertVisible(locator - PASS EXPECTED visible element '//div[@id='content']/div/div/div/div/a/img' found
2019-09-19 13:03:49,095|I|Thread-1|OnlineFlightBooking.20190919_130334.001|BookingFlight|AssertTitle - executing activity
2019-09-19 13:03:49,697|I|Thread-1|OnlineFlightBooking.20190919_130334.001|BookingFlight|AssertTitle|#  8|web.asserttitle(text) - executing asserttitle(text)(Flight Ticket Booking)
2019-09-19 13:03:49,706|E|Thread-1|Unknown command asserttitle(text)
2019-09-19 13:03:49,708|E|Thread-1|Unknown command asserttitle(text)
2019-09-19 13:03:49,710|I|Thread-1|OnlineFlightBooking.20190919_130334.001|BookingFlight|AssertTitle|#  8|web.asserttitle(text) - FAIL Unknown command asserttitle(text)
2019-09-19 13:03:49,713|I|Thread-1|OnlineFlightBooking.20190919_130334.001|BookingFlight|ClickOnSource - executing activity
2019-09-19 13:03:50,315|I|Thread-1|OnlineFlightBooking.20190919_130334.001|BookingFlight|ClickOnSource|#  9|web.click(locator) - executing click(locator)(${txt.source.loc})
2019-09-19 13:03:50,355|I|Thread-1|clicking '//input[@id='gosuggest_inputSrc']'...
2019-09-19 13:03:50,387|I|Thread-1|click target via JS, @id=gosuggest_inputSrc
2019-09-19 13:03:50,433|I|Thread-1|clicked -> true
2019-09-19 13:03:50,435|I|Thread-1|OnlineFlightBooking.20190919_130334.001|BookingFlight|ClickOnSource|#  9|web.click(locator) - PASS click via JS event
2019-09-19 13:03:50,438|I|Thread-1|OnlineFlightBooking.20190919_130334.001|BookingFlight|TypeSource - executing activity
2019-09-19 13:03:51,040|I|Thread-1|OnlineFlightBooking.20190919_130334.001|BookingFlight|TypeSource|# 10|web.type(locator,value) - executing type(locator,value)(${txt.source.loc}, ${sourceLocation})
2019-09-19 13:03:51,345|I|Thread-1|OnlineFlightBooking.20190919_130334.001|BookingFlight|TypeSource|# 10|web.type(locator,value) - PASS typed text at '//input[@id='gosuggest_inputSrc']'
2019-09-19 13:03:51,349|I|Thread-1|OnlineFlightBooking.20190919_130334.001|BookingFlight|ClickDownArrowSrc - executing activity
2019-09-19 13:03:51,950|I|Thread-1|OnlineFlightBooking.20190919_130334.001|BookingFlight|ClickDownArrowSrc|# 11|web.typeKeys(locator,valu - executing typeKeys(locator,value)(${txt.source.loc}, ${downArrow})
2019-09-19 13:03:52,602|I|Thread-1|OnlineFlightBooking.20190919_130334.001|BookingFlight|ClickDownArrowSrc|# 11|web.typeKeys(locator,valu - PASS typed text at '//input[@id='gosuggest_inputSrc']'
2019-09-19 13:03:52,608|I|Thread-1|OnlineFlightBooking.20190919_130334.001|BookingFlight|ClickEnterSrc - executing activity
2019-09-19 13:03:53,209|I|Thread-1|OnlineFlightBooking.20190919_130334.001|BookingFlight|ClickEnterSrc|# 12|web.typeKeys(locator,valu - executing typeKeys(locator,value)(${txt.source.loc}, ${enterKey})
2019-09-19 13:03:53,856|I|Thread-1|OnlineFlightBooking.20190919_130334.001|BookingFlight|ClickEnterSrc|# 12|web.typeKeys(locator,valu - PASS typed text at '//input[@id='gosuggest_inputSrc']'
2019-09-19 13:03:53,860|I|Thread-1|OnlineFlightBooking.20190919_130334.001|BookingFlight|TypeDestination - executing activity
2019-09-19 13:03:54,463|I|Thread-1|OnlineFlightBooking.20190919_130334.001|BookingFlight|TypeDestination|# 13|web.type(locator,value) - executing type(locator,value)(${txt.destination.loc}, ${destinationLocation})
2019-09-19 13:03:54,718|I|Thread-1|OnlineFlightBooking.20190919_130334.001|BookingFlight|TypeDestination|# 13|web.type(locator,value) - PASS typed text at '//input[@id='gosuggest_inputDest']'
2019-09-19 13:03:54,721|I|Thread-1|OnlineFlightBooking.20190919_130334.001|BookingFlight|ClickDownArrowDest - executing activity
2019-09-19 13:03:55,324|I|Thread-1|OnlineFlightBooking.20190919_130334.001|BookingFlight|ClickDownArrowDest|# 14|web.typeKeys(locator,valu - executing typeKeys(locator,value)(${txt.destination.loc}, ${downArrow})
2019-09-19 13:03:55,965|I|Thread-1|OnlineFlightBooking.20190919_130334.001|BookingFlight|ClickDownArrowDest|# 14|web.typeKeys(locator,valu - PASS typed text at '//input[@id='gosuggest_inputDest']'
2019-09-19 13:03:55,969|I|Thread-1|OnlineFlightBooking.20190919_130334.001|BookingFlight|ClickEnterDes - executing activity
2019-09-19 13:03:56,572|I|Thread-1|OnlineFlightBooking.20190919_130334.001|BookingFlight|ClickEnterDes|# 15|web.typeKeys(locator,valu - executing typeKeys(locator,value)(${txt.destination.loc}, ${enterKey})
2019-09-19 13:03:57,259|I|Thread-1|OnlineFlightBooking.20190919_130334.001|BookingFlight|ClickEnterDes|# 15|web.typeKeys(locator,valu - PASS typed text at '//input[@id='gosuggest_inputDest']'
2019-09-19 13:03:57,267|I|Thread-1|OnlineFlightBooking.20190919_130334.001|BookingFlight|SelectDepartureDate - executing activity
2019-09-19 13:03:57,869|I|Thread-1|OnlineFlightBooking.20190919_130334.001|BookingFlight|SelectDepartureDate|# 16|web.click(locator) - executing click(locator)(${btn.departdate.loc})
2019-09-19 13:03:57,911|I|Thread-1|clicking '//div[@class='DayPicker-Body']/div[4]/div[5]/div'...
2019-09-19 13:03:57,940|I|Thread-1|click target via JS, @id=fare_20190926
2019-09-19 13:03:58,002|I|Thread-1|clicked -> true
2019-09-19 13:03:58,007|I|Thread-1|OnlineFlightBooking.20190919_130334.001|BookingFlight|SelectDepartureDate|# 16|web.click(locator) - PASS click via JS event
2019-09-19 13:03:58,010|I|Thread-1|OnlineFlightBooking.20190919_130334.001|BookingFlight|ClickReturnDate - executing activity
2019-09-19 13:03:58,613|I|Thread-1|OnlineFlightBooking.20190919_130334.001|BookingFlight|ClickReturnDate|# 17|web.click(locator) - executing click(locator)(${txt.returndate.loc})
2019-09-19 13:03:58,650|I|Thread-1|clicking '//input[@id='returnCalendar']'...
2019-09-19 13:03:58,678|I|Thread-1|click target via JS, @id=returnCalendar
2019-09-19 13:03:58,756|I|Thread-1|clicked -> true
2019-09-19 13:03:58,759|I|Thread-1|OnlineFlightBooking.20190919_130334.001|BookingFlight|ClickReturnDate|# 17|web.click(locator) - PASS click via JS event
2019-09-19 13:03:58,762|I|Thread-1|OnlineFlightBooking.20190919_130334.001|BookingFlight|SelectReturnDate - executing activity
2019-09-19 13:03:59,364|I|Thread-1|OnlineFlightBooking.20190919_130334.001|BookingFlight|SelectReturnDate|# 18|web.click(locator) - executing click(locator)(${btn.returndate.loc})
2019-09-19 13:03:59,405|I|Thread-1|clicking '//div[@class='DayPicker-Week'][5]/div[2]/div'...
2019-09-19 13:03:59,433|I|Thread-1|click target via JS, @id=fare_20190930
2019-09-19 13:03:59,495|I|Thread-1|clicked -> true
2019-09-19 13:03:59,497|I|Thread-1|OnlineFlightBooking.20190919_130334.001|BookingFlight|SelectReturnDate|# 18|web.click(locator) - PASS click via JS event
2019-09-19 13:03:59,500|I|Thread-1|OnlineFlightBooking.20190919_130334.001|BookingFlight|ClickSearch - executing activity
2019-09-19 13:04:00,101|I|Thread-1|OnlineFlightBooking.20190919_130334.001|BookingFlight|ClickSearch|# 19|web.click(locator) - executing click(locator)(${btn.search.loc})
2019-09-19 13:04:00,145|I|Thread-1|clicking '//div[@class='justifyCenter col-md-1 col-sm-12 dF padLR0']/button'...
2019-09-19 13:04:00,178|I|Thread-1|click target via JS, @id=gi_search_btn
2019-09-19 13:04:00,339|I|Thread-1|clicked -> true
2019-09-19 13:04:00,341|I|Thread-1|OnlineFlightBooking.20190919_130334.001|BookingFlight|ClickSearch|# 19|web.click(locator) - PASS click via JS event
2019-09-19 13:04:00,345|I|Thread-1|OnlineFlightBooking.20190919_130334.001|BookingFlight|clickFlight - executing activity
2019-09-19 13:04:00,947|I|Thread-1|OnlineFlightBooking.20190919_130334.001|BookingFlight|clickFlight|# 20|web.click(locator) - executing click(locator)(${btn.flight.loc})
2019-09-19 13:04:02,159|I|Thread-1|clicking '(//span[@class='custRad'])[5]/label'...
2019-09-19 13:04:02,189|I|Thread-1|click target via JS, @id=
2019-09-19 13:04:02,282|I|Thread-1|clicked -> true
2019-09-19 13:04:02,285|I|Thread-1|OnlineFlightBooking.20190919_130334.001|BookingFlight|clickFlight|# 20|web.click(locator) - PASS click via JS event
2019-09-19 13:04:02,287|I|Thread-1|OnlineFlightBooking.20190919_130334.001|BookingFlight|ClickBook - executing activity
2019-09-19 13:04:02,889|I|Thread-1|OnlineFlightBooking.20190919_130334.001|BookingFlight|ClickBook|# 21|web.click(locator) - executing click(locator)(${btn.book.loc})
2019-09-19 13:04:03,227|I|Thread-1|clicking '//div[@class='dF alignItemsEnd width30 padL5 padB3 justifyEnd fltHpySumryPrc']/span[2]/span/input'...
2019-09-19 13:04:03,288|I|Thread-1|click target via JS, @id=
2019-09-19 13:04:03,487|I|Thread-1|clicked -> true
2019-09-19 13:04:03,489|I|Thread-1|OnlineFlightBooking.20190919_130334.001|BookingFlight|ClickBook|# 21|web.click(locator) - PASS click via JS event
2019-09-19 13:04:03,493|I|Thread-1|OnlineFlightBooking.20190919_130334.001|BookingFlight|writedatatocsv - executing activity
2019-09-19 13:04:04,096|I|Thread-1|OnlineFlightBooking.20190919_130334.001|BookingFlight|writedatatocsv|# 22|csv.fromExcel(excel,works - executing fromExcel(excel,worksheet,csvFile)(${DataFileLocation}, BookingFlight, ${CSVFileLocation})
2019-09-19 13:04:04,875|I|Thread-1|OnlineFlightBooking.20190919_130334.001|BookingFlight|writedatatocsv|# 22|csv.fromExcel(excel,works - PASS File converted to CSV
2019-09-19 13:04:05,338|I|Thread-1|[OnlineFlightBooking.20190919_130334.001|BookingFlight] saving test scenario
2019-09-19 13:04:05,749|I|Thread-1|[20190919_130332] 
/-TEST COMPLETE-----------------------------------------------------------------
| Test Output:    C:\projects\OnlineWebApplication\output\20190919_130332\OnlineFlightBooking.20190919_130334.001.xlsx
| Iteration:      1
\-------------------------------------------------------------------------------
» Execution Time: 29307 ms
» Test Steps:     18
» Error(s):       1



2019-09-19 13:04:08,294|I|Thread-1|[20190919_130332] 
/-TEST COMPLETE-----------------------------------------------------------------
| Test Script:    C:\projects\OnlineWebApplication\artifact\script\OnlineFlightBooking.xlsx
\-------------------------------------------------------------------------------
» Execution Time: 35409 ms
» Iterations:     [1] total 1
» Test Steps:     18
» Passed:         17
» Error(s):       1
» Iteration 1 of 1: C:\projects\OnlineWebApplication\output\20190919_130332\OnlineFlightBooking.20190919_130334.001.xlsx



2019-09-19 13:04:08,922|I|main|[20190919_130332] [C:\projects\OnlineWebApplication\artifact\script\OnlineFlightBooking.xlsx] now completed
2019-09-19 13:04:08,923|I|main|[20190919_130332] all execution thread(s) have terminated
2019-09-19 13:04:08,924|I|main|[20190919_130332] test run completed in about 36 seconds
2019-09-19 13:04:09,053|I|main|No predefined nexial-setup found
2019-09-19 13:04:09,102|I|main|outputBase not set; output-to-cloud DISABLED!
2019-09-19 13:04:09,103|I|main|accessKey not set; output-to-cloud DISABLED!
2019-09-19 13:04:09,104|I|main|secretKey not set; output-to-cloud DISABLED!
2019-09-19 13:04:09,106|I|main|generating HTML output for this execution to C:\projects\OnlineWebApplication\output\20190919_130332\execution-output.html
2019-09-19 13:04:09,925|I|main|generating JUnit XML output for this execution to C:\projects\OnlineWebApplication\output\20190919_130332\junit.xml
2019-09-19 13:04:09,986|I|main|Generated JUnit report for this execution: C:\projects\OnlineWebApplication\output\20190919_130332\junit.xml
2019-09-19 13:04:10,007|I|main|nexial mailer not enabled: nexial.enableEmail=false
2019-09-19 13:04:10,008|I|main|skipped email notification as configured
2019-09-19 13:04:10,011|I|main|Exiting Nexial...
2019-09-19 13:04:10,012|I|main|shutdown starts...
2019-09-19 13:04:10,014|I|main|Shutting down 'chrome' webdriver...
2019-09-19 13:04:17,029|I|main|shutdown ends...
2019-09-19 13:04:17,035|I|main|

/-END OF EXECUTION--------------------------------------------------------------
| » Execution Time: 36 sec.
| » Test Steps:     18
| » Passed:         17
| » Failed:         1
| » Success Rate:   94.44%
\---------------------------------------------------------------nexial-core 2.2_0488-

2019-09-19 13:04:17,047|E|main|failure found; success rate is 94.44%
2019-09-19 13:04:17,051|I|main|End of Execution:
OUTPUT:       C:\projects\OnlineWebApplication\output\20190919_130332
EXECUTION:    C:\projects\OnlineWebApplication\output\20190919_130332\execution-output.html
JUNIT XML:    C:\projects\OnlineWebApplication\output\20190919_130332\junit.xml
SUCCESS RATE: 94.44%
EXIT STATUS:  -13
2019-09-19 13:04:17,061|I|main|End of Execution:
NEXIAL_OUTPUT:         C:\projects\OnlineWebApplication\output\20190919_130332
NEXIAL_EXECUTION_HTML: C:\projects\OnlineWebApplication\output\20190919_130332\execution-output.html
NEXIAL_JUNIT_XML:      C:\projects\OnlineWebApplication\output\20190919_130332\junit.xml
NEXIAL_SUCCESS_RATE:   94.44%
NEXIAL_EXIT_STATUS:    -13
