2019-09-19 13:04:57,490|I|Thread-1|(DELAYED) nexial-core 2.2_0488 starting up...
2019-09-19 13:04:57,496|I|Thread-1|(DELAYED) data file resolved as C:\Users\SANDHI~1.MUN\AppData\Local\Temp\UoYQI\OnlineFlightBooking.data.xlsx
2019-09-19 13:04:57,496|I|Thread-1|(DELAYED) input files and output directory resolved...
2019-09-19 13:04:57,496|I|Thread-1|(DELAYED) No predefined nexial-setup found
2019-09-19 13:04:57,496|I|Thread-1|(DELAYED) [20190919_130457] [C:\projects\OnlineWebApplication\artifact\script\OnlineFlightBooking.xlsx] resolve RUN ID as 20190919_130457
2019-09-19 13:04:57,496|I|Thread-1|(DELAYED) [20190919_130457] [C:\projects\OnlineWebApplication\artifact\script\OnlineFlightBooking.xlsx] new thread started
2019-09-19 13:04:57,497|I|Thread-1|No predefined nexial-setup found
2019-09-19 13:04:57,593|I|Thread-1|outputBase not set; output-to-cloud DISABLED!
2019-09-19 13:04:57,594|I|Thread-1|accessKey not set; output-to-cloud DISABLED!
2019-09-19 13:04:57,594|I|Thread-1|secretKey not set; output-to-cloud DISABLED!
2019-09-19 13:04:57,621|I|Thread-1|missing REQUIRED configuration; sms DISABLED!
2019-09-19 13:04:58,547|I|Thread-1|[20190919_130457] executing C:\projects\OnlineWebApplication\artifact\script\OnlineFlightBooking.xlsx with 1 iteration(s)
2019-09-19 13:04:58,553|I|Thread-1|[20190919_130457] create directory C:\projects\OnlineWebApplication\output\20190919_130457\captures
2019-09-19 13:04:58,556|I|Thread-1|[20190919_130457] create directory C:\projects\OnlineWebApplication\output\20190919_130457\logs
2019-09-19 13:04:59,316|I|Thread-1|[20190919_130457] merging test data to tmp file C:\projects\OnlineWebApplication\output\20190919_130457\OnlineFlightBooking.20190919_130458.001.xlsx
2019-09-19 13:04:59,318|I|Thread-1|refetching data from C:\projects\OnlineWebApplication\artifact\data\OnlineFlightBooking.data.xlsx
2019-09-19 13:04:59,687|I|Thread-1|[20190919_130457] test script and test data merged to C:\projects\OnlineWebApplication\output\20190919_130457\OnlineFlightBooking.20190919_130458.001.xlsx
2019-09-19 13:05:00,611|I|Thread-1|STARTS
2019-09-19 13:05:00,640|I|Thread-1|OnlineFlightBooking.20190919_130458.001 - executing iteration #1 of 1; Iteration Id 1
2019-09-19 13:05:00,653|I|Thread-1|OnlineFlightBooking.20190919_130458.001|BookingFlight - executing test scenario
2019-09-19 13:05:00,655|I|Thread-1|OnlineFlightBooking.20190919_130458.001|BookingFlight|OpenUrl - executing activity
2019-09-19 13:05:01,257|I|Thread-1|OnlineFlightBooking.20190919_130458.001|BookingFlight|OpenUrl|#  5|web.open(url) - executing open(url)(https://www.goibibo.com/)
2019-09-19 13:05:01,265|I|Thread-1|No valid instance of webdriver, initializing...
2019-09-19 13:05:01,270|I|Thread-1|init chrome
2019-09-19 13:05:04,552|I|Thread-1|browser initialization completed for 'chrome'
2019-09-19 13:05:04,571|I|Thread-1|setting browser polling wait time to 800 ms
2019-09-19 13:05:04,589|I|Thread-1|setting browser page load timeout to 10000 ms
2019-09-19 13:05:04,641|I|Thread-1|OnlineFlightBooking.20190919_130458.001|BookingFlight|OpenUrl|#  5|web.open(url) - default browser stability wait time is 3000 ms
2019-09-19 13:05:09,855|I|Thread-1|current browser window handle:CDwindow-66FAFA813A062DFB09C5D4C19D998B1C
2019-09-19 13:05:09,895|I|Thread-1|OnlineFlightBooking.20190919_130458.001|BookingFlight|OpenUrl|#  5|web.open(url) - PASS opened URL https://www.goibibo.com/
2019-09-19 13:05:09,900|I|Thread-1|OnlineFlightBooking.20190919_130458.001|BookingFlight|maximize - executing activity
2019-09-19 13:05:10,501|I|Thread-1|OnlineFlightBooking.20190919_130458.001|BookingFlight|maximize|#  6|web.maximizeWindow() - executing maximizeWindow()()
2019-09-19 13:05:11,676|I|Thread-1|OnlineFlightBooking.20190919_130458.001|BookingFlight|maximize|#  6|web.maximizeWindow() - PASS browser window maximized
2019-09-19 13:05:11,683|I|Thread-1|OnlineFlightBooking.20190919_130458.001|BookingFlight|AssertLogo - executing activity
2019-09-19 13:05:12,285|I|Thread-1|OnlineFlightBooking.20190919_130458.001|BookingFlight|AssertLogo|#  7|web.assertVisible(locator - executing assertVisible(locator)(${img.logo.loc})
2019-09-19 13:05:12,732|I|Thread-1|OnlineFlightBooking.20190919_130458.001|BookingFlight|AssertLogo|#  7|web.assertVisible(locator - PASS EXPECTED visible element '//div[@id='content']/div/div/div/div/a/img' found
2019-09-19 13:05:12,749|I|Thread-1|OnlineFlightBooking.20190919_130458.001|BookingFlight|AssertTitle - executing activity
2019-09-19 13:05:13,350|I|Thread-1|OnlineFlightBooking.20190919_130458.001|BookingFlight|AssertTitle|#  8|web.waitForTitle(text) - executing waitForTitle(text)(Flight Ticket Booking)
2019-09-19 13:05:14,192|E|Thread-1|[20190919_130457] EXECUTING COMMAND: web.waitForTitle(text)('Flight Ticket Booking')
UNKNOWN ERROR: Expected condition failed: waiting for title to be "Flight Ticket Booking". Current title: "Online flight booking, Hotels, Bus &amp; Holiday Packages at Goibibo" (tried for 0 second(s) with 10 milliseconds interval) Build info: version: '3.141.59', revision: 'e82be7d358', time: '2018-11-14T08:17:03'...
2019-09-19 13:05:14,195|I|Thread-1|OnlineFlightBooking.20190919_130458.001|BookingFlight|AssertTitle|#  8|web.waitForTitle(text) - FAIL EXECUTING COMMAND: web.waitForTitle(text)('Flight Ticket Booking')
UNKNOWN ERROR: Expected condition failed: waiting for title to be "Flight Ticket Booking". Current title: "Online flight booking, Hotels, Bus &amp; Holiday Packages at Goibibo" (tried for 0 second(s) with 10 milliseconds interval) Build info: version: '3.141.59', revision: 'e82be7d358', time: '2018-11-14T08:17:03'...
2019-09-19 13:05:14,200|I|Thread-1|OnlineFlightBooking.20190919_130458.001|BookingFlight|ClickOnSource - executing activity
2019-09-19 13:05:14,803|I|Thread-1|OnlineFlightBooking.20190919_130458.001|BookingFlight|ClickOnSource|#  9|web.click(locator) - executing click(locator)(${txt.source.loc})
2019-09-19 13:05:14,850|I|Thread-1|clicking '//input[@id='gosuggest_inputSrc']'...
2019-09-19 13:05:14,889|I|Thread-1|click target via JS, @id=gosuggest_inputSrc
2019-09-19 13:05:14,940|I|Thread-1|clicked -> true
2019-09-19 13:05:14,942|I|Thread-1|OnlineFlightBooking.20190919_130458.001|BookingFlight|ClickOnSource|#  9|web.click(locator) - PASS click via JS event
2019-09-19 13:05:14,944|I|Thread-1|OnlineFlightBooking.20190919_130458.001|BookingFlight|TypeSource - executing activity
2019-09-19 13:05:15,548|I|Thread-1|OnlineFlightBooking.20190919_130458.001|BookingFlight|TypeSource|# 10|web.type(locator,value) - executing type(locator,value)(${txt.source.loc}, ${sourceLocation})
2019-09-19 13:05:15,975|I|Thread-1|OnlineFlightBooking.20190919_130458.001|BookingFlight|TypeSource|# 10|web.type(locator,value) - PASS typed text at '//input[@id='gosuggest_inputSrc']'
2019-09-19 13:05:15,980|I|Thread-1|OnlineFlightBooking.20190919_130458.001|BookingFlight|ClickDownArrowSrc - executing activity
2019-09-19 13:05:16,582|I|Thread-1|OnlineFlightBooking.20190919_130458.001|BookingFlight|ClickDownArrowSrc|# 11|web.typeKeys(locator,valu - executing typeKeys(locator,value)(${txt.source.loc}, ${downArrow})
2019-09-19 13:05:17,279|I|Thread-1|OnlineFlightBooking.20190919_130458.001|BookingFlight|ClickDownArrowSrc|# 11|web.typeKeys(locator,valu - PASS typed text at '//input[@id='gosuggest_inputSrc']'
2019-09-19 13:05:17,285|I|Thread-1|OnlineFlightBooking.20190919_130458.001|BookingFlight|ClickEnterSrc - executing activity
2019-09-19 13:05:17,887|I|Thread-1|OnlineFlightBooking.20190919_130458.001|BookingFlight|ClickEnterSrc|# 12|web.typeKeys(locator,valu - executing typeKeys(locator,value)(${txt.source.loc}, ${enterKey})
2019-09-19 13:05:18,587|I|Thread-1|OnlineFlightBooking.20190919_130458.001|BookingFlight|ClickEnterSrc|# 12|web.typeKeys(locator,valu - PASS typed text at '//input[@id='gosuggest_inputSrc']'
2019-09-19 13:05:18,595|I|Thread-1|OnlineFlightBooking.20190919_130458.001|BookingFlight|TypeDestination - executing activity
2019-09-19 13:05:19,197|I|Thread-1|OnlineFlightBooking.20190919_130458.001|BookingFlight|TypeDestination|# 13|web.type(locator,value) - executing type(locator,value)(${txt.destination.loc}, ${destinationLocation})
2019-09-19 13:05:19,475|I|Thread-1|OnlineFlightBooking.20190919_130458.001|BookingFlight|TypeDestination|# 13|web.type(locator,value) - PASS typed text at '//input[@id='gosuggest_inputDest']'
2019-09-19 13:05:19,478|I|Thread-1|OnlineFlightBooking.20190919_130458.001|BookingFlight|ClickDownArrowDest - executing activity
2019-09-19 13:05:20,080|I|Thread-1|OnlineFlightBooking.20190919_130458.001|BookingFlight|ClickDownArrowDest|# 14|web.typeKeys(locator,valu - executing typeKeys(locator,value)(${txt.destination.loc}, ${downArrow})
2019-09-19 13:05:20,708|I|Thread-1|OnlineFlightBooking.20190919_130458.001|BookingFlight|ClickDownArrowDest|# 14|web.typeKeys(locator,valu - PASS typed text at '//input[@id='gosuggest_inputDest']'
2019-09-19 13:05:20,711|I|Thread-1|OnlineFlightBooking.20190919_130458.001|BookingFlight|ClickEnterDes - executing activity
2019-09-19 13:05:21,313|I|Thread-1|OnlineFlightBooking.20190919_130458.001|BookingFlight|ClickEnterDes|# 15|web.typeKeys(locator,valu - executing typeKeys(locator,value)(${txt.destination.loc}, ${enterKey})
2019-09-19 13:05:21,984|I|Thread-1|OnlineFlightBooking.20190919_130458.001|BookingFlight|ClickEnterDes|# 15|web.typeKeys(locator,valu - PASS typed text at '//input[@id='gosuggest_inputDest']'
2019-09-19 13:05:21,993|I|Thread-1|OnlineFlightBooking.20190919_130458.001|BookingFlight|SelectDepartureDate - executing activity
2019-09-19 13:05:22,608|I|Thread-1|OnlineFlightBooking.20190919_130458.001|BookingFlight|SelectDepartureDate|# 16|web.click(locator) - executing click(locator)(${btn.departdate.loc})
2019-09-19 13:05:22,652|I|Thread-1|clicking '//div[@class='DayPicker-Body']/div[4]/div[5]/div'...
2019-09-19 13:05:22,677|I|Thread-1|click target via JS, @id=fare_20190926
2019-09-19 13:05:22,741|I|Thread-1|clicked -> true
2019-09-19 13:05:22,746|I|Thread-1|OnlineFlightBooking.20190919_130458.001|BookingFlight|SelectDepartureDate|# 16|web.click(locator) - PASS click via JS event
2019-09-19 13:05:22,748|I|Thread-1|OnlineFlightBooking.20190919_130458.001|BookingFlight|ClickReturnDate - executing activity
2019-09-19 13:05:23,349|I|Thread-1|OnlineFlightBooking.20190919_130458.001|BookingFlight|ClickReturnDate|# 17|web.click(locator) - executing click(locator)(${txt.returndate.loc})
2019-09-19 13:05:23,387|I|Thread-1|clicking '//input[@id='returnCalendar']'...
2019-09-19 13:05:23,412|I|Thread-1|click target via JS, @id=returnCalendar
2019-09-19 13:05:28,338|I|Thread-1|clicked -> true
2019-09-19 13:05:28,341|I|Thread-1|OnlineFlightBooking.20190919_130458.001|BookingFlight|ClickReturnDate|# 17|web.click(locator) - PASS click via JS event
2019-09-19 13:05:28,343|I|Thread-1|OnlineFlightBooking.20190919_130458.001|BookingFlight|SelectReturnDate - executing activity
2019-09-19 13:05:28,945|I|Thread-1|OnlineFlightBooking.20190919_130458.001|BookingFlight|SelectReturnDate|# 18|web.click(locator) - executing click(locator)(${btn.returndate.loc})
2019-09-19 13:05:29,030|I|Thread-1|clicking '//div[@class='DayPicker-Week'][5]/div[2]/div'...
2019-09-19 13:05:29,060|I|Thread-1|click target via JS, @id=fare_20190930
2019-09-19 13:05:29,130|I|Thread-1|clicked -> true
2019-09-19 13:05:29,133|I|Thread-1|OnlineFlightBooking.20190919_130458.001|BookingFlight|SelectReturnDate|# 18|web.click(locator) - PASS click via JS event
2019-09-19 13:05:29,137|I|Thread-1|OnlineFlightBooking.20190919_130458.001|BookingFlight|ClickSearch - executing activity
2019-09-19 13:05:29,738|I|Thread-1|OnlineFlightBooking.20190919_130458.001|BookingFlight|ClickSearch|# 19|web.click(locator) - executing click(locator)(${btn.search.loc})
2019-09-19 13:05:29,805|I|Thread-1|clicking '//div[@class='justifyCenter col-md-1 col-sm-12 dF padLR0']/button'...
2019-09-19 13:05:29,830|I|Thread-1|click target via JS, @id=gi_search_btn
2019-09-19 13:05:29,955|I|Thread-1|clicked -> true
2019-09-19 13:05:29,957|I|Thread-1|OnlineFlightBooking.20190919_130458.001|BookingFlight|ClickSearch|# 19|web.click(locator) - PASS click via JS event
2019-09-19 13:05:29,958|I|Thread-1|OnlineFlightBooking.20190919_130458.001|BookingFlight|clickFlight - executing activity
2019-09-19 13:05:30,558|I|Thread-1|OnlineFlightBooking.20190919_130458.001|BookingFlight|clickFlight|# 20|web.click(locator) - executing click(locator)(${btn.flight.loc})
2019-09-19 13:05:31,507|I|Thread-1|OnlineFlightBooking.20190919_130458.001|BookingFlight|clickFlight|# 20|web.click(locator) - FAIL No element via locator '(//span[@class='custRad'])[5]/label'
2019-09-19 13:05:31,516|I|Thread-1|OnlineFlightBooking.20190919_130458.001|BookingFlight|ClickBook - executing activity
2019-09-19 13:05:32,117|I|Thread-1|OnlineFlightBooking.20190919_130458.001|BookingFlight|ClickBook|# 21|web.click(locator) - executing click(locator)(${btn.book.loc})
2019-09-19 13:05:32,614|I|Thread-1|clicking '//div[@class='dF alignItemsEnd width30 padL5 padB3 justifyEnd fltHpySumryPrc']/span[2]/span/input'...
2019-09-19 13:05:32,640|I|Thread-1|click target via JS, @id=
2019-09-19 13:05:33,064|I|Thread-1|clicked -> true
2019-09-19 13:05:33,068|I|Thread-1|OnlineFlightBooking.20190919_130458.001|BookingFlight|ClickBook|# 21|web.click(locator) - PASS click via JS event
2019-09-19 13:05:33,071|I|Thread-1|OnlineFlightBooking.20190919_130458.001|BookingFlight|writedatatocsv - executing activity
2019-09-19 13:05:33,674|I|Thread-1|OnlineFlightBooking.20190919_130458.001|BookingFlight|writedatatocsv|# 22|csv.fromExcel(excel,works - executing fromExcel(excel,worksheet,csvFile)(${DataFileLocation}, BookingFlight, ${CSVFileLocation})
2019-09-19 13:05:34,601|I|Thread-1|OnlineFlightBooking.20190919_130458.001|BookingFlight|writedatatocsv|# 22|csv.fromExcel(excel,works - PASS File converted to CSV
2019-09-19 13:05:35,248|I|Thread-1|[OnlineFlightBooking.20190919_130458.001|BookingFlight] saving test scenario
2019-09-19 13:05:35,758|I|Thread-1|[20190919_130457] 
/-TEST COMPLETE-----------------------------------------------------------------
| Test Output:    C:\projects\OnlineWebApplication\output\20190919_130457\OnlineFlightBooking.20190919_130458.001.xlsx
| Iteration:      1
\-------------------------------------------------------------------------------
» Execution Time: 35030 ms
» Test Steps:     18
» Error(s):       2



2019-09-19 13:05:38,680|I|Thread-1|[20190919_130457] 
/-TEST COMPLETE-----------------------------------------------------------------
| Test Script:    C:\projects\OnlineWebApplication\artifact\script\OnlineFlightBooking.xlsx
\-------------------------------------------------------------------------------
» Execution Time: 41383 ms
» Iterations:     [1] total 1
» Test Steps:     18
» Passed:         16
» Error(s):       2
» Iteration 1 of 1: C:\projects\OnlineWebApplication\output\20190919_130457\OnlineFlightBooking.20190919_130458.001.xlsx



2019-09-19 13:05:39,379|I|main|[20190919_130457] [C:\projects\OnlineWebApplication\artifact\script\OnlineFlightBooking.xlsx] now completed
2019-09-19 13:05:39,380|I|main|[20190919_130457] all execution thread(s) have terminated
2019-09-19 13:05:39,381|I|main|[20190919_130457] test run completed in about 42 seconds
2019-09-19 13:05:39,502|I|main|No predefined nexial-setup found
2019-09-19 13:05:39,546|I|main|outputBase not set; output-to-cloud DISABLED!
2019-09-19 13:05:39,547|I|main|accessKey not set; output-to-cloud DISABLED!
2019-09-19 13:05:39,548|I|main|secretKey not set; output-to-cloud DISABLED!
2019-09-19 13:05:39,550|I|main|generating HTML output for this execution to C:\projects\OnlineWebApplication\output\20190919_130457\execution-output.html
2019-09-19 13:05:40,592|I|main|generating JUnit XML output for this execution to C:\projects\OnlineWebApplication\output\20190919_130457\junit.xml
2019-09-19 13:05:40,662|I|main|Generated JUnit report for this execution: C:\projects\OnlineWebApplication\output\20190919_130457\junit.xml
2019-09-19 13:05:40,685|I|main|nexial mailer not enabled: nexial.enableEmail=false
2019-09-19 13:05:40,695|I|main|skipped email notification as configured
2019-09-19 13:05:40,704|I|main|Exiting Nexial...
2019-09-19 13:05:40,710|I|main|shutdown starts...
2019-09-19 13:05:40,714|I|main|Shutting down 'chrome' webdriver...
2019-09-19 13:05:47,665|I|main|shutdown ends...
2019-09-19 13:05:47,671|I|main|

/-END OF EXECUTION--------------------------------------------------------------
| » Execution Time: 42 sec.
| » Test Steps:     18
| » Passed:         16
| » Failed:         2
| » Success Rate:   88.89%
\---------------------------------------------------------------nexial-core 2.2_0488-

2019-09-19 13:05:47,679|E|main|failure found; success rate is 88.89%
2019-09-19 13:05:47,682|I|main|End of Execution:
OUTPUT:       C:\projects\OnlineWebApplication\output\20190919_130457
EXECUTION:    C:\projects\OnlineWebApplication\output\20190919_130457\execution-output.html
JUNIT XML:    C:\projects\OnlineWebApplication\output\20190919_130457\junit.xml
SUCCESS RATE: 88.89%
EXIT STATUS:  -13
2019-09-19 13:05:47,685|I|main|End of Execution:
NEXIAL_OUTPUT:         C:\projects\OnlineWebApplication\output\20190919_130457
NEXIAL_EXECUTION_HTML: C:\projects\OnlineWebApplication\output\20190919_130457\execution-output.html
NEXIAL_JUNIT_XML:      C:\projects\OnlineWebApplication\output\20190919_130457\junit.xml
NEXIAL_SUCCESS_RATE:   88.89%
NEXIAL_EXIT_STATUS:    -13
