2019-09-19 13:14:00,529|I|Thread-1|(DELAYED) nexial-core 2.2_0488 starting up...
2019-09-19 13:14:00,534|I|Thread-1|(DELAYED) data file resolved as C:\Users\SANDHI~1.MUN\AppData\Local\Temp\mCggG\OnlineFlightBooking.data.xlsx
2019-09-19 13:14:00,535|I|Thread-1|(DELAYED) input files and output directory resolved...
2019-09-19 13:14:00,535|I|Thread-1|(DELAYED) No predefined nexial-setup found
2019-09-19 13:14:00,535|I|Thread-1|(DELAYED) [20190919_131400] [C:\projects\OnlineWebApplication\artifact\script\OnlineFlightBooking.xlsx] resolve RUN ID as 20190919_131400
2019-09-19 13:14:00,535|I|Thread-1|(DELAYED) [20190919_131400] [C:\projects\OnlineWebApplication\artifact\script\OnlineFlightBooking.xlsx] new thread started
2019-09-19 13:14:00,535|I|Thread-1|No predefined nexial-setup found
2019-09-19 13:14:00,634|I|Thread-1|outputBase not set; output-to-cloud DISABLED!
2019-09-19 13:14:00,635|I|Thread-1|accessKey not set; output-to-cloud DISABLED!
2019-09-19 13:14:00,636|I|Thread-1|secretKey not set; output-to-cloud DISABLED!
2019-09-19 13:14:00,665|I|Thread-1|missing REQUIRED configuration; sms DISABLED!
2019-09-19 13:14:01,583|I|Thread-1|[20190919_131400] executing C:\projects\OnlineWebApplication\artifact\script\OnlineFlightBooking.xlsx with 1 iteration(s)
2019-09-19 13:14:01,592|I|Thread-1|[20190919_131400] create directory C:\projects\OnlineWebApplication\output\20190919_131400\captures
2019-09-19 13:14:01,594|I|Thread-1|[20190919_131400] create directory C:\projects\OnlineWebApplication\output\20190919_131400\logs
2019-09-19 13:14:02,497|I|Thread-1|[20190919_131400] merging test data to tmp file C:\projects\OnlineWebApplication\output\20190919_131400\OnlineFlightBooking.20190919_131401.001.xlsx
2019-09-19 13:14:02,500|I|Thread-1|refetching data from C:\projects\OnlineWebApplication\artifact\data\OnlineFlightBooking.data.xlsx
2019-09-19 13:14:02,864|I|Thread-1|[20190919_131400] test script and test data merged to C:\projects\OnlineWebApplication\output\20190919_131400\OnlineFlightBooking.20190919_131401.001.xlsx
2019-09-19 13:14:03,686|I|Thread-1|STARTS
2019-09-19 13:14:03,713|I|Thread-1|OnlineFlightBooking.20190919_131401.001 - executing iteration #1 of 1; Iteration Id 1
2019-09-19 13:14:03,724|I|Thread-1|OnlineFlightBooking.20190919_131401.001|BookingFlight - executing test scenario
2019-09-19 13:14:03,726|I|Thread-1|OnlineFlightBooking.20190919_131401.001|BookingFlight|OpenUrl - executing activity
2019-09-19 13:14:04,330|I|Thread-1|OnlineFlightBooking.20190919_131401.001|BookingFlight|OpenUrl|#  5|web.open(url) - executing open(url)(https://www.goibibo.com/)
2019-09-19 13:14:04,335|I|Thread-1|No valid instance of webdriver, initializing...
2019-09-19 13:14:04,337|I|Thread-1|init chrome
2019-09-19 13:14:07,585|I|Thread-1|browser initialization completed for 'chrome'
2019-09-19 13:14:07,624|I|Thread-1|setting browser polling wait time to 800 ms
2019-09-19 13:14:07,647|I|Thread-1|setting browser page load timeout to 10000 ms
2019-09-19 13:14:07,720|I|Thread-1|OnlineFlightBooking.20190919_131401.001|BookingFlight|OpenUrl|#  5|web.open(url) - default browser stability wait time is 3000 ms
2019-09-19 13:14:12,454|I|Thread-1|current browser window handle:CDwindow-0E65C35D1145494E3BCC3FAAA0159E2D
2019-09-19 13:14:12,524|I|Thread-1|OnlineFlightBooking.20190919_131401.001|BookingFlight|OpenUrl|#  5|web.open(url) - PASS opened URL https://www.goibibo.com/
2019-09-19 13:14:12,539|I|Thread-1|OnlineFlightBooking.20190919_131401.001|BookingFlight|maximize - executing activity
2019-09-19 13:14:13,144|I|Thread-1|OnlineFlightBooking.20190919_131401.001|BookingFlight|maximize|#  6|web.maximizeWindow() - executing maximizeWindow()()
2019-09-19 13:14:14,354|I|Thread-1|OnlineFlightBooking.20190919_131401.001|BookingFlight|maximize|#  6|web.maximizeWindow() - PASS browser window maximized
2019-09-19 13:14:14,371|I|Thread-1|OnlineFlightBooking.20190919_131401.001|BookingFlight|AssertLogo - executing activity
2019-09-19 13:14:14,972|I|Thread-1|OnlineFlightBooking.20190919_131401.001|BookingFlight|AssertLogo|#  7|web.assertVisible(locator - executing assertVisible(locator)(${img.logo.loc})
2019-09-19 13:14:15,498|I|Thread-1|OnlineFlightBooking.20190919_131401.001|BookingFlight|AssertLogo|#  7|web.assertVisible(locator - PASS EXPECTED visible element '//div[@id='content']/div/div/div/div/a/img' found
2019-09-19 13:14:15,519|I|Thread-1|OnlineFlightBooking.20190919_131401.001|BookingFlight|AssertTitle - executing activity
2019-09-19 13:14:16,124|I|Thread-1|OnlineFlightBooking.20190919_131401.001|BookingFlight|AssertTitle|#  8|web.assertVisible(locator - executing assertVisible(locator)(${txt.title.loc})
2019-09-19 13:14:16,246|I|Thread-1|OnlineFlightBooking.20190919_131401.001|BookingFlight|AssertTitle|#  8|web.assertVisible(locator - PASS EXPECTED visible element '//div[@class='fltHypContain posRel']/h1' found
2019-09-19 13:14:16,251|I|Thread-1|OnlineFlightBooking.20190919_131401.001|BookingFlight|ClickOnSource - executing activity
2019-09-19 13:14:16,854|I|Thread-1|OnlineFlightBooking.20190919_131401.001|BookingFlight|ClickOnSource|#  9|web.click(locator) - executing click(locator)(${txt.source.loc})
2019-09-19 13:14:16,899|I|Thread-1|clicking '//input[@id='gosuggest_inputSrc']'...
2019-09-19 13:14:16,932|I|Thread-1|click target via JS, @id=gosuggest_inputSrc
2019-09-19 13:14:16,980|I|Thread-1|clicked -> true
2019-09-19 13:14:16,982|I|Thread-1|OnlineFlightBooking.20190919_131401.001|BookingFlight|ClickOnSource|#  9|web.click(locator) - PASS click via JS event
2019-09-19 13:14:16,984|I|Thread-1|OnlineFlightBooking.20190919_131401.001|BookingFlight|TypeSource - executing activity
2019-09-19 13:14:17,586|I|Thread-1|OnlineFlightBooking.20190919_131401.001|BookingFlight|TypeSource|# 10|web.type(locator,value) - executing type(locator,value)(${txt.source.loc}, ${sourceLocation})
2019-09-19 13:14:17,950|I|Thread-1|OnlineFlightBooking.20190919_131401.001|BookingFlight|TypeSource|# 10|web.type(locator,value) - PASS typed text at '//input[@id='gosuggest_inputSrc']'
2019-09-19 13:14:17,958|I|Thread-1|OnlineFlightBooking.20190919_131401.001|BookingFlight|ClickDownArrowSrc - executing activity
2019-09-19 13:14:18,560|I|Thread-1|OnlineFlightBooking.20190919_131401.001|BookingFlight|ClickDownArrowSrc|# 11|web.typeKeys(locator,valu - executing typeKeys(locator,value)(${txt.source.loc}, ${downArrow})
2019-09-19 13:14:19,222|I|Thread-1|OnlineFlightBooking.20190919_131401.001|BookingFlight|ClickDownArrowSrc|# 11|web.typeKeys(locator,valu - PASS typed text at '//input[@id='gosuggest_inputSrc']'
2019-09-19 13:14:19,226|I|Thread-1|OnlineFlightBooking.20190919_131401.001|BookingFlight|ClickEnterSrc - executing activity
2019-09-19 13:14:19,829|I|Thread-1|OnlineFlightBooking.20190919_131401.001|BookingFlight|ClickEnterSrc|# 12|web.typeKeys(locator,valu - executing typeKeys(locator,value)(${txt.source.loc}, ${enterKey})
2019-09-19 13:14:20,495|I|Thread-1|OnlineFlightBooking.20190919_131401.001|BookingFlight|ClickEnterSrc|# 12|web.typeKeys(locator,valu - PASS typed text at '//input[@id='gosuggest_inputSrc']'
2019-09-19 13:14:20,505|I|Thread-1|OnlineFlightBooking.20190919_131401.001|BookingFlight|TypeDestination - executing activity
2019-09-19 13:14:21,108|I|Thread-1|OnlineFlightBooking.20190919_131401.001|BookingFlight|TypeDestination|# 13|web.type(locator,value) - executing type(locator,value)(${txt.destination.loc}, ${destinationLocation})
2019-09-19 13:14:21,427|I|Thread-1|OnlineFlightBooking.20190919_131401.001|BookingFlight|TypeDestination|# 13|web.type(locator,value) - PASS typed text at '//input[@id='gosuggest_inputDest']'
2019-09-19 13:14:21,431|I|Thread-1|OnlineFlightBooking.20190919_131401.001|BookingFlight|ClickDownArrowDest - executing activity
2019-09-19 13:14:22,033|I|Thread-1|OnlineFlightBooking.20190919_131401.001|BookingFlight|ClickDownArrowDest|# 14|web.typeKeys(locator,valu - executing typeKeys(locator,value)(${txt.destination.loc}, ${downArrow})
2019-09-19 13:14:22,671|I|Thread-1|OnlineFlightBooking.20190919_131401.001|BookingFlight|ClickDownArrowDest|# 14|web.typeKeys(locator,valu - PASS typed text at '//input[@id='gosuggest_inputDest']'
2019-09-19 13:14:22,676|I|Thread-1|OnlineFlightBooking.20190919_131401.001|BookingFlight|ClickEnterDes - executing activity
2019-09-19 13:14:23,278|I|Thread-1|OnlineFlightBooking.20190919_131401.001|BookingFlight|ClickEnterDes|# 15|web.typeKeys(locator,valu - executing typeKeys(locator,value)(${txt.destination.loc}, ${enterKey})
2019-09-19 13:14:23,929|I|Thread-1|OnlineFlightBooking.20190919_131401.001|BookingFlight|ClickEnterDes|# 15|web.typeKeys(locator,valu - PASS typed text at '//input[@id='gosuggest_inputDest']'
2019-09-19 13:14:23,934|I|Thread-1|OnlineFlightBooking.20190919_131401.001|BookingFlight|SelectDepartureDate - executing activity
2019-09-19 13:14:24,537|I|Thread-1|OnlineFlightBooking.20190919_131401.001|BookingFlight|SelectDepartureDate|# 16|web.click(locator) - executing click(locator)(${btn.departdate.loc})
2019-09-19 13:14:24,583|I|Thread-1|clicking '//div[@class='DayPicker-Body']/div[4]/div[5]/div'...
2019-09-19 13:14:24,620|I|Thread-1|click target via JS, @id=fare_20190926
2019-09-19 13:14:24,685|I|Thread-1|clicked -> true
2019-09-19 13:14:24,689|I|Thread-1|OnlineFlightBooking.20190919_131401.001|BookingFlight|SelectDepartureDate|# 16|web.click(locator) - PASS click via JS event
2019-09-19 13:14:24,693|I|Thread-1|OnlineFlightBooking.20190919_131401.001|BookingFlight|ClickReturnDate - executing activity
2019-09-19 13:14:25,298|I|Thread-1|OnlineFlightBooking.20190919_131401.001|BookingFlight|ClickReturnDate|# 17|web.click(locator) - executing click(locator)(${txt.returndate.loc})
2019-09-19 13:14:25,347|I|Thread-1|clicking '//input[@id='returnCalendar']'...
2019-09-19 13:14:25,384|I|Thread-1|click target via JS, @id=returnCalendar
2019-09-19 13:14:25,478|I|Thread-1|clicked -> true
2019-09-19 13:14:25,480|I|Thread-1|OnlineFlightBooking.20190919_131401.001|BookingFlight|ClickReturnDate|# 17|web.click(locator) - PASS click via JS event
2019-09-19 13:14:25,483|I|Thread-1|OnlineFlightBooking.20190919_131401.001|BookingFlight|SelectReturnDate - executing activity
2019-09-19 13:14:26,084|I|Thread-1|OnlineFlightBooking.20190919_131401.001|BookingFlight|SelectReturnDate|# 18|web.click(locator) - executing click(locator)(${btn.returndate.loc})
2019-09-19 13:14:26,124|I|Thread-1|clicking '//div[@class='DayPicker-Week'][5]/div[2]/div'...
2019-09-19 13:14:26,151|I|Thread-1|click target via JS, @id=fare_20190930
2019-09-19 13:14:26,208|I|Thread-1|clicked -> true
2019-09-19 13:14:26,211|I|Thread-1|OnlineFlightBooking.20190919_131401.001|BookingFlight|SelectReturnDate|# 18|web.click(locator) - PASS click via JS event
2019-09-19 13:14:26,213|I|Thread-1|OnlineFlightBooking.20190919_131401.001|BookingFlight|ClickSearch - executing activity
2019-09-19 13:14:26,814|I|Thread-1|OnlineFlightBooking.20190919_131401.001|BookingFlight|ClickSearch|# 19|web.click(locator) - executing click(locator)(${btn.search.loc})
2019-09-19 13:14:26,861|I|Thread-1|clicking '//div[@class='justifyCenter col-md-1 col-sm-12 dF padLR0']/button'...
2019-09-19 13:14:26,894|I|Thread-1|click target via JS, @id=gi_search_btn
2019-09-19 13:14:27,124|I|Thread-1|clicked -> true
2019-09-19 13:14:27,128|I|Thread-1|OnlineFlightBooking.20190919_131401.001|BookingFlight|ClickSearch|# 19|web.click(locator) - PASS click via JS event
2019-09-19 13:14:27,135|I|Thread-1|OnlineFlightBooking.20190919_131401.001|BookingFlight|clickFlight - executing activity
2019-09-19 13:14:27,738|I|Thread-1|OnlineFlightBooking.20190919_131401.001|BookingFlight|clickFlight|# 20|web.click(locator) - executing click(locator)(${btn.flight.loc})
2019-09-19 13:14:28,404|I|Thread-1|clicking '(//span[@class='custRad'])[5]/label'...
2019-09-19 13:14:28,840|I|Thread-1|OnlineFlightBooking.20190919_131401.001|BookingFlight|clickFlight|# 20|web.click(locator) - FAIL stale element reference: element is not attached to the page document
  (Session info: chrome=77.0.3865.90)
For documentation on this error, please visit: https://www.seleniumhq.org/exceptions/stale_element_reference.html
Build info: version: '3.141.59', revision: 'e82be7d358', time: '2018-11-14T08:17:03'
System info: host: 'ATMECSINDT-055', ip: '192.168.90.2', os.name: 'Windows 10', os.arch: 'amd64', os.version: '10.0', java.version: '12.0.1'
Driver info: org.openqa.selenium.chrome.ChromeDriver
Capabilities {acceptInsecureCerts: false, acceptSslCerts: true, browserName: chrome, browserVersion: 77.0.3865.90, chrome: {chromedriverVersion: 77.0.3865.40 (f484704e052e0..., userDataDir: C:\Users\SANDHI~1.MUN\AppDa...}, chrome.prefs: {multiple-automatic-downloads: 1, profile.content_settings.pattern_pairs.*.multiple-automatic-downloads: 1, profile.content_settings.pattern_pairs.,.multiple-automatic-downloads: 1}, goog:chromeOptions: {debuggerAddress: localhost:56704}, handlesAlerts: true, honorSystemProxy: false, javascriptEnabled: true, locationContextEnabled: false, nativeEvents: true, networkConnectionEnabled: false, pageLoadStrategy: normal, platform: XP, platformName: XP, proxy: Proxy(), setWindowRect: true, strictFileInteractability: false, timeouts: {implicit: 0, pageLoad: 300000, script: 30000}, unexpectedAlertBehaviour: accept, unhandledPromptBehavior: accept, webStorageEnabled: true}
Session ID: 69d40f29f50f338231d0f3c44d424787
2019-09-19 13:14:28,861|I|Thread-1|OnlineFlightBooking.20190919_131401.001|BookingFlight|ClickBook - executing activity
2019-09-19 13:14:29,463|I|Thread-1|OnlineFlightBooking.20190919_131401.001|BookingFlight|ClickBook|# 21|web.click(locator) - executing click(locator)(${btn.book.loc})
2019-09-19 13:14:29,851|I|Thread-1|clicking '//div[@class='dF alignItemsEnd width30 padL5 padB3 justifyEnd fltHpySumryPrc']/span[2]/span/input'...
2019-09-19 13:14:29,902|I|Thread-1|click target via JS, @id=
2019-09-19 13:14:30,257|I|Thread-1|clicked -> true
2019-09-19 13:14:30,261|I|Thread-1|OnlineFlightBooking.20190919_131401.001|BookingFlight|ClickBook|# 21|web.click(locator) - PASS click via JS event
2019-09-19 13:14:30,264|I|Thread-1|OnlineFlightBooking.20190919_131401.001|BookingFlight|writedatatocsv - executing activity
2019-09-19 13:14:30,870|I|Thread-1|OnlineFlightBooking.20190919_131401.001|BookingFlight|writedatatocsv|# 22|csv.fromExcel(excel,works - executing fromExcel(excel,worksheet,csvFile)(${DataFileLocation}, BookingFlight, ${CSVFileLocation})
2019-09-19 13:14:31,801|I|Thread-1|OnlineFlightBooking.20190919_131401.001|BookingFlight|writedatatocsv|# 22|csv.fromExcel(excel,works - PASS File converted to CSV
2019-09-19 13:14:32,336|I|Thread-1|[OnlineFlightBooking.20190919_131401.001|BookingFlight] saving test scenario
2019-09-19 13:14:32,761|I|Thread-1|[20190919_131400] 
/-TEST COMPLETE-----------------------------------------------------------------
| Test Output:    C:\projects\OnlineWebApplication\output\20190919_131400\OnlineFlightBooking.20190919_131401.001.xlsx
| Iteration:      1
\-------------------------------------------------------------------------------
» Execution Time: 29033 ms
» Test Steps:     18
» Error(s):       1



2019-09-19 13:14:35,640|I|Thread-1|[20190919_131400] 
/-TEST COMPLETE-----------------------------------------------------------------
| Test Script:    C:\projects\OnlineWebApplication\artifact\script\OnlineFlightBooking.xlsx
\-------------------------------------------------------------------------------
» Execution Time: 35313 ms
» Iterations:     [1] total 1
» Test Steps:     18
» Passed:         17
» Error(s):       1
» Iteration 1 of 1: C:\projects\OnlineWebApplication\output\20190919_131400\OnlineFlightBooking.20190919_131401.001.xlsx



2019-09-19 13:14:36,417|I|main|[20190919_131400] [C:\projects\OnlineWebApplication\artifact\script\OnlineFlightBooking.xlsx] now completed
2019-09-19 13:14:36,418|I|main|[20190919_131400] all execution thread(s) have terminated
2019-09-19 13:14:36,419|I|main|[20190919_131400] test run completed in about 36 seconds
2019-09-19 13:14:36,529|I|main|No predefined nexial-setup found
2019-09-19 13:14:36,591|I|main|outputBase not set; output-to-cloud DISABLED!
2019-09-19 13:14:36,595|I|main|accessKey not set; output-to-cloud DISABLED!
2019-09-19 13:14:36,596|I|main|secretKey not set; output-to-cloud DISABLED!
2019-09-19 13:14:36,603|I|main|generating HTML output for this execution to C:\projects\OnlineWebApplication\output\20190919_131400\execution-output.html
2019-09-19 13:14:37,510|I|main|generating JUnit XML output for this execution to C:\projects\OnlineWebApplication\output\20190919_131400\junit.xml
2019-09-19 13:14:37,582|I|main|Generated JUnit report for this execution: C:\projects\OnlineWebApplication\output\20190919_131400\junit.xml
2019-09-19 13:14:37,607|I|main|nexial mailer not enabled: nexial.enableEmail=false
2019-09-19 13:14:37,610|I|main|skipped email notification as configured
2019-09-19 13:14:37,612|I|main|Exiting Nexial...
2019-09-19 13:14:37,614|I|main|shutdown starts...
2019-09-19 13:14:37,618|I|main|Shutting down 'chrome' webdriver...
2019-09-19 13:14:44,832|I|main|shutdown ends...
2019-09-19 13:14:44,837|I|main|

/-END OF EXECUTION--------------------------------------------------------------
| » Execution Time: 36 sec.
| » Test Steps:     18
| » Passed:         17
| » Failed:         1
| » Success Rate:   94.44%
\---------------------------------------------------------------nexial-core 2.2_0488-

2019-09-19 13:14:44,840|E|main|failure found; success rate is 94.44%
2019-09-19 13:14:44,855|I|main|End of Execution:
OUTPUT:       C:\projects\OnlineWebApplication\output\20190919_131400
EXECUTION:    C:\projects\OnlineWebApplication\output\20190919_131400\execution-output.html
JUNIT XML:    C:\projects\OnlineWebApplication\output\20190919_131400\junit.xml
SUCCESS RATE: 94.44%
EXIT STATUS:  -13
2019-09-19 13:14:44,860|I|main|End of Execution:
NEXIAL_OUTPUT:         C:\projects\OnlineWebApplication\output\20190919_131400
NEXIAL_EXECUTION_HTML: C:\projects\OnlineWebApplication\output\20190919_131400\execution-output.html
NEXIAL_JUNIT_XML:      C:\projects\OnlineWebApplication\output\20190919_131400\junit.xml
NEXIAL_SUCCESS_RATE:   94.44%
NEXIAL_EXIT_STATUS:    -13
