2019-09-19 12:58:01,163|I|Thread-1|(DELAYED) nexial-core 2.2_0488 starting up...
2019-09-19 12:58:01,170|I|Thread-1|(DELAYED) data file resolved as C:\Users\SANDHI~1.MUN\AppData\Local\Temp\jeNhY\OnlineFlightBooking.data.xlsx
2019-09-19 12:58:01,170|I|Thread-1|(DELAYED) input files and output directory resolved...
2019-09-19 12:58:01,170|I|Thread-1|(DELAYED) No predefined nexial-setup found
2019-09-19 12:58:01,170|I|Thread-1|(DELAYED) [20190919_125800] [C:\projects\OnlineWebApplication\artifact\script\OnlineFlightBooking.xlsx] resolve RUN ID as 20190919_125800
2019-09-19 12:58:01,170|I|Thread-1|(DELAYED) [20190919_125800] [C:\projects\OnlineWebApplication\artifact\script\OnlineFlightBooking.xlsx] new thread started
2019-09-19 12:58:01,171|I|Thread-1|No predefined nexial-setup found
2019-09-19 12:58:01,250|I|Thread-1|outputBase not set; output-to-cloud DISABLED!
2019-09-19 12:58:01,251|I|Thread-1|accessKey not set; output-to-cloud DISABLED!
2019-09-19 12:58:01,252|I|Thread-1|secretKey not set; output-to-cloud DISABLED!
2019-09-19 12:58:01,280|I|Thread-1|missing REQUIRED configuration; sms DISABLED!
2019-09-19 12:58:02,158|I|Thread-1|[20190919_125800] executing C:\projects\OnlineWebApplication\artifact\script\OnlineFlightBooking.xlsx with 1 iteration(s)
2019-09-19 12:58:02,165|I|Thread-1|[20190919_125800] create directory C:\projects\OnlineWebApplication\output\20190919_125800\captures
2019-09-19 12:58:02,166|I|Thread-1|[20190919_125800] create directory C:\projects\OnlineWebApplication\output\20190919_125800\logs
2019-09-19 12:58:02,980|I|Thread-1|[20190919_125800] merging test data to tmp file C:\projects\OnlineWebApplication\output\20190919_125800\OnlineFlightBooking.20190919_125802.001.xlsx
2019-09-19 12:58:02,981|I|Thread-1|refetching data from C:\projects\OnlineWebApplication\artifact\data\OnlineFlightBooking.data.xlsx
2019-09-19 12:58:03,313|I|Thread-1|[20190919_125800] test script and test data merged to C:\projects\OnlineWebApplication\output\20190919_125800\OnlineFlightBooking.20190919_125802.001.xlsx
2019-09-19 12:58:04,035|I|Thread-1|STARTS
2019-09-19 12:58:04,095|I|Thread-1|OnlineFlightBooking.20190919_125802.001 - executing iteration #1 of 1; Iteration Id 1
2019-09-19 12:58:04,107|I|Thread-1|OnlineFlightBooking.20190919_125802.001|BookingFlight - executing test scenario
2019-09-19 12:58:04,109|I|Thread-1|OnlineFlightBooking.20190919_125802.001|BookingFlight|OpenUrl - executing activity
2019-09-19 12:58:04,717|I|Thread-1|OnlineFlightBooking.20190919_125802.001|BookingFlight|OpenUrl|#  5|web.open(url) - executing open(url)(https://www.goibibo.com/)
2019-09-19 12:58:04,723|I|Thread-1|No valid instance of webdriver, initializing...
2019-09-19 12:58:04,726|I|Thread-1|init chrome
2019-09-19 12:58:07,774|I|Thread-1|browser initialization completed for 'chrome'
2019-09-19 12:58:07,805|I|Thread-1|setting browser polling wait time to 800 ms
2019-09-19 12:58:07,824|I|Thread-1|setting browser page load timeout to 10000 ms
2019-09-19 12:58:07,882|I|Thread-1|OnlineFlightBooking.20190919_125802.001|BookingFlight|OpenUrl|#  5|web.open(url) - default browser stability wait time is 3000 ms
2019-09-19 12:58:13,447|I|Thread-1|current browser window handle:CDwindow-D6D536A8562C4F117C22F745FCD2FA4B
2019-09-19 12:58:13,497|I|Thread-1|OnlineFlightBooking.20190919_125802.001|BookingFlight|OpenUrl|#  5|web.open(url) - PASS opened URL https://www.goibibo.com/
2019-09-19 12:58:13,502|I|Thread-1|OnlineFlightBooking.20190919_125802.001|BookingFlight|maximize - executing activity
2019-09-19 12:58:14,103|I|Thread-1|OnlineFlightBooking.20190919_125802.001|BookingFlight|maximize|#  6|web.maximizeWindow() - executing maximizeWindow()()
2019-09-19 12:58:15,276|I|Thread-1|OnlineFlightBooking.20190919_125802.001|BookingFlight|maximize|#  6|web.maximizeWindow() - PASS browser window maximized
2019-09-19 12:58:15,280|I|Thread-1|OnlineFlightBooking.20190919_125802.001|BookingFlight|AssertLogo - executing activity
2019-09-19 12:58:15,881|I|Thread-1|OnlineFlightBooking.20190919_125802.001|BookingFlight|AssertLogo|#  7|web.assertVisible(locator - executing assertVisible(locator)(${img.logo.loc})
2019-09-19 12:58:16,323|I|Thread-1|OnlineFlightBooking.20190919_125802.001|BookingFlight|AssertLogo|#  7|web.assertVisible(locator - PASS EXPECTED visible element '//div[@id='content']/div/div/div/div/a/img' found
2019-09-19 12:58:16,328|I|Thread-1|OnlineFlightBooking.20190919_125802.001|BookingFlight|AssertTitle - executing activity
2019-09-19 12:58:16,930|I|Thread-1|OnlineFlightBooking.20190919_125802.001|BookingFlight|AssertTitle|#  8|web.asserttitle(text) - executing asserttitle(text)(${txt.title.loc})
2019-09-19 12:58:16,947|E|Thread-1|Unknown command asserttitle(text)
2019-09-19 12:58:16,947|E|Thread-1|Unknown command asserttitle(text)
2019-09-19 12:58:16,950|I|Thread-1|OnlineFlightBooking.20190919_125802.001|BookingFlight|AssertTitle|#  8|web.asserttitle(text) - FAIL Unknown command asserttitle(text)
2019-09-19 12:58:16,955|I|Thread-1|OnlineFlightBooking.20190919_125802.001|BookingFlight|ClickOnSource - executing activity
2019-09-19 12:58:17,558|I|Thread-1|OnlineFlightBooking.20190919_125802.001|BookingFlight|ClickOnSource|#  9|web.click(locator) - executing click(locator)(${txt.source.loc})
2019-09-19 12:58:17,601|I|Thread-1|clicking '//input[@id='gosuggest_inputSrc']'...
2019-09-19 12:58:17,635|I|Thread-1|click target via JS, @id=gosuggest_inputSrc
2019-09-19 12:58:17,683|I|Thread-1|clicked -> true
2019-09-19 12:58:17,686|I|Thread-1|OnlineFlightBooking.20190919_125802.001|BookingFlight|ClickOnSource|#  9|web.click(locator) - PASS click via JS event
2019-09-19 12:58:17,688|I|Thread-1|OnlineFlightBooking.20190919_125802.001|BookingFlight|TypeSource - executing activity
2019-09-19 12:58:18,289|I|Thread-1|OnlineFlightBooking.20190919_125802.001|BookingFlight|TypeSource|# 10|web.type(locator,value) - executing type(locator,value)(${txt.source.loc}, ${sourceLocation})
2019-09-19 12:58:18,694|I|Thread-1|OnlineFlightBooking.20190919_125802.001|BookingFlight|TypeSource|# 10|web.type(locator,value) - PASS typed text at '//input[@id='gosuggest_inputSrc']'
2019-09-19 12:58:18,698|I|Thread-1|OnlineFlightBooking.20190919_125802.001|BookingFlight|ClickDownArrowSrc - executing activity
2019-09-19 12:58:19,305|I|Thread-1|OnlineFlightBooking.20190919_125802.001|BookingFlight|ClickDownArrowSrc|# 11|web.typeKeys(locator,valu - executing typeKeys(locator,value)(${txt.source.loc}, ${downArrow})
2019-09-19 12:58:20,008|I|Thread-1|OnlineFlightBooking.20190919_125802.001|BookingFlight|ClickDownArrowSrc|# 11|web.typeKeys(locator,valu - PASS typed text at '//input[@id='gosuggest_inputSrc']'
2019-09-19 12:58:20,016|I|Thread-1|OnlineFlightBooking.20190919_125802.001|BookingFlight|ClickEnterSrc - executing activity
2019-09-19 12:58:20,621|I|Thread-1|OnlineFlightBooking.20190919_125802.001|BookingFlight|ClickEnterSrc|# 12|web.typeKeys(locator,valu - executing typeKeys(locator,value)(${txt.source.loc}, ${enterKey})
2019-09-19 12:58:21,459|I|Thread-1|OnlineFlightBooking.20190919_125802.001|BookingFlight|ClickEnterSrc|# 12|web.typeKeys(locator,valu - PASS typed text at '//input[@id='gosuggest_inputSrc']'
2019-09-19 12:58:21,462|I|Thread-1|OnlineFlightBooking.20190919_125802.001|BookingFlight|TypeDestination - executing activity
2019-09-19 12:58:22,063|I|Thread-1|OnlineFlightBooking.20190919_125802.001|BookingFlight|TypeDestination|# 13|web.type(locator,value) - executing type(locator,value)(${txt.destination.loc}, ${destinationLocation})
2019-09-19 12:58:22,512|I|Thread-1|OnlineFlightBooking.20190919_125802.001|BookingFlight|TypeDestination|# 13|web.type(locator,value) - PASS typed text at '//input[@id='gosuggest_inputDest']'
2019-09-19 12:58:22,516|I|Thread-1|OnlineFlightBooking.20190919_125802.001|BookingFlight|ClickDownArrowDest - executing activity
2019-09-19 12:58:23,120|I|Thread-1|OnlineFlightBooking.20190919_125802.001|BookingFlight|ClickDownArrowDest|# 14|web.typeKeys(locator,valu - executing typeKeys(locator,value)(${txt.destination.loc}, ${downArrow})
2019-09-19 12:58:23,817|I|Thread-1|OnlineFlightBooking.20190919_125802.001|BookingFlight|ClickDownArrowDest|# 14|web.typeKeys(locator,valu - PASS typed text at '//input[@id='gosuggest_inputDest']'
2019-09-19 12:58:23,827|I|Thread-1|OnlineFlightBooking.20190919_125802.001|BookingFlight|ClickEnterDes - executing activity
2019-09-19 12:58:24,431|I|Thread-1|OnlineFlightBooking.20190919_125802.001|BookingFlight|ClickEnterDes|# 15|web.typeKeys(locator,valu - executing typeKeys(locator,value)(${txt.destination.loc}, ${enterKey})
2019-09-19 12:58:25,118|I|Thread-1|OnlineFlightBooking.20190919_125802.001|BookingFlight|ClickEnterDes|# 15|web.typeKeys(locator,valu - PASS typed text at '//input[@id='gosuggest_inputDest']'
2019-09-19 12:58:25,122|I|Thread-1|OnlineFlightBooking.20190919_125802.001|BookingFlight|SelectDepartureDate - executing activity
2019-09-19 12:58:25,724|I|Thread-1|OnlineFlightBooking.20190919_125802.001|BookingFlight|SelectDepartureDate|# 16|web.click(locator) - executing click(locator)(${btn.departdate.loc})
2019-09-19 12:58:25,764|I|Thread-1|clicking '//div[@class='DayPicker-Body']/div[4]/div[5]/div'...
2019-09-19 12:58:25,790|I|Thread-1|click target via JS, @id=fare_20190926
2019-09-19 12:58:25,863|I|Thread-1|clicked -> true
2019-09-19 12:58:25,867|I|Thread-1|OnlineFlightBooking.20190919_125802.001|BookingFlight|SelectDepartureDate|# 16|web.click(locator) - PASS click via JS event
2019-09-19 12:58:25,869|I|Thread-1|OnlineFlightBooking.20190919_125802.001|BookingFlight|ClickReturnDate - executing activity
2019-09-19 12:58:26,471|I|Thread-1|OnlineFlightBooking.20190919_125802.001|BookingFlight|ClickReturnDate|# 17|web.click(locator) - executing click(locator)(${txt.returndate.loc})
2019-09-19 12:58:26,503|I|Thread-1|clicking '//input[@id='returnCalendar']'...
2019-09-19 12:58:26,531|I|Thread-1|click target via JS, @id=returnCalendar
2019-09-19 12:58:26,619|I|Thread-1|clicked -> true
2019-09-19 12:58:26,621|I|Thread-1|OnlineFlightBooking.20190919_125802.001|BookingFlight|ClickReturnDate|# 17|web.click(locator) - PASS click via JS event
2019-09-19 12:58:26,623|I|Thread-1|OnlineFlightBooking.20190919_125802.001|BookingFlight|SelectReturnDate - executing activity
2019-09-19 12:58:27,223|I|Thread-1|OnlineFlightBooking.20190919_125802.001|BookingFlight|SelectReturnDate|# 18|web.click(locator) - executing click(locator)(${btn.returndate.loc})
2019-09-19 12:58:27,273|I|Thread-1|clicking '//div[@class='DayPicker-Week'][5]/div[2]/div'...
2019-09-19 12:58:27,300|I|Thread-1|click target via JS, @id=fare_20190930
2019-09-19 12:58:27,363|I|Thread-1|clicked -> true
2019-09-19 12:58:27,365|I|Thread-1|OnlineFlightBooking.20190919_125802.001|BookingFlight|SelectReturnDate|# 18|web.click(locator) - PASS click via JS event
2019-09-19 12:58:27,367|I|Thread-1|OnlineFlightBooking.20190919_125802.001|BookingFlight|ClickSearch - executing activity
2019-09-19 12:58:27,968|I|Thread-1|OnlineFlightBooking.20190919_125802.001|BookingFlight|ClickSearch|# 19|web.click(locator) - executing click(locator)(${btn.search.loc})
2019-09-19 12:58:28,017|I|Thread-1|clicking '//div[@class='justifyCenter col-md-1 col-sm-12 dF padLR0']/button'...
2019-09-19 12:58:28,045|I|Thread-1|click target via JS, @id=gi_search_btn
2019-09-19 12:58:28,093|I|Thread-1|clicked -> true
2019-09-19 12:58:28,095|I|Thread-1|OnlineFlightBooking.20190919_125802.001|BookingFlight|ClickSearch|# 19|web.click(locator) - PASS click via JS event
2019-09-19 12:58:28,097|I|Thread-1|OnlineFlightBooking.20190919_125802.001|BookingFlight|clickFlight - executing activity
2019-09-19 12:58:28,698|I|Thread-1|OnlineFlightBooking.20190919_125802.001|BookingFlight|clickFlight|# 20|web.click(locator) - executing click(locator)(${btn.flight.loc})
2019-09-19 12:58:29,529|I|Thread-1|OnlineFlightBooking.20190919_125802.001|BookingFlight|clickFlight|# 20|web.click(locator) - FAIL No element via locator '(//span[@class='custRad'])[5]/label'
2019-09-19 12:58:29,532|I|Thread-1|OnlineFlightBooking.20190919_125802.001|BookingFlight|ClickBook - executing activity
2019-09-19 12:58:30,134|I|Thread-1|OnlineFlightBooking.20190919_125802.001|BookingFlight|ClickBook|# 21|web.click(locator) - executing click(locator)(${btn.book.loc})
2019-09-19 12:58:31,013|I|Thread-1|OnlineFlightBooking.20190919_125802.001|BookingFlight|ClickBook|# 21|web.click(locator) - FAIL No element via locator '//div[@class='dF alignItemsEnd width30 padL5 padB3 justifyEnd fltHpySumryPrc']/span[2]/span/input'
2019-09-19 12:58:31,017|I|Thread-1|OnlineFlightBooking.20190919_125802.001|BookingFlight|writedatatocsv - executing activity
2019-09-19 12:58:31,620|I|Thread-1|OnlineFlightBooking.20190919_125802.001|BookingFlight|writedatatocsv|# 22|csv.fromExcel(excel,works - executing fromExcel(excel,worksheet,csvFile)(${DataFileLocation}, BookingFlight, ${CSVFileLocation})
2019-09-19 12:58:32,380|I|Thread-1|OnlineFlightBooking.20190919_125802.001|BookingFlight|writedatatocsv|# 22|csv.fromExcel(excel,works - PASS File converted to CSV
2019-09-19 12:58:32,589|I|Thread-1|[OnlineFlightBooking.20190919_125802.001|BookingFlight] saving test scenario
2019-09-19 12:58:32,855|I|Thread-1|[20190919_125800] 
/-TEST COMPLETE-----------------------------------------------------------------
| Test Output:    C:\projects\OnlineWebApplication\output\20190919_125800\OnlineFlightBooking.20190919_125802.001.xlsx
| Iteration:      1
\-------------------------------------------------------------------------------
» Execution Time: 28743 ms
» Test Steps:     18
» Error(s):       3



2019-09-19 12:58:35,048|I|Thread-1|[20190919_125800] 
/-TEST COMPLETE-----------------------------------------------------------------
| Test Script:    C:\projects\OnlineWebApplication\artifact\script\OnlineFlightBooking.xlsx
\-------------------------------------------------------------------------------
» Execution Time: 34049 ms
» Iterations:     [1] total 1
» Test Steps:     18
» Passed:         15
» Error(s):       3
» Iteration 1 of 1: C:\projects\OnlineWebApplication\output\20190919_125800\OnlineFlightBooking.20190919_125802.001.xlsx



2019-09-19 12:58:35,995|I|main|[20190919_125800] [C:\projects\OnlineWebApplication\artifact\script\OnlineFlightBooking.xlsx] now completed
2019-09-19 12:58:35,998|I|main|[20190919_125800] all execution thread(s) have terminated
2019-09-19 12:58:36,000|I|main|[20190919_125800] test run completed in about 35 seconds
2019-09-19 12:58:36,116|I|main|No predefined nexial-setup found
2019-09-19 12:58:36,137|I|main|outputBase not set; output-to-cloud DISABLED!
2019-09-19 12:58:36,138|I|main|accessKey not set; output-to-cloud DISABLED!
2019-09-19 12:58:36,141|I|main|secretKey not set; output-to-cloud DISABLED!
2019-09-19 12:58:36,142|I|main|generating HTML output for this execution to C:\projects\OnlineWebApplication\output\20190919_125800\execution-output.html
2019-09-19 12:58:36,624|I|main|generating JUnit XML output for this execution to C:\projects\OnlineWebApplication\output\20190919_125800\junit.xml
2019-09-19 12:58:36,665|I|main|Generated JUnit report for this execution: C:\projects\OnlineWebApplication\output\20190919_125800\junit.xml
2019-09-19 12:58:36,680|I|main|nexial mailer not enabled: nexial.enableEmail=false
2019-09-19 12:58:36,680|I|main|skipped email notification as configured
2019-09-19 12:58:36,682|I|main|Exiting Nexial...
2019-09-19 12:58:36,684|I|main|shutdown starts...
2019-09-19 12:58:36,687|I|main|Shutting down 'chrome' webdriver...
2019-09-19 12:58:43,551|I|main|shutdown ends...
2019-09-19 12:58:43,565|I|main|

/-END OF EXECUTION--------------------------------------------------------------
| » Execution Time: 35 sec.
| » Test Steps:     18
| » Passed:         15
| » Failed:         3
| » Success Rate:   83.33%
\---------------------------------------------------------------nexial-core 2.2_0488-

2019-09-19 12:58:43,566|E|main|failure found; success rate is 83.33%
2019-09-19 12:58:43,569|I|main|End of Execution:
OUTPUT:       C:\projects\OnlineWebApplication\output\20190919_125800
EXECUTION:    C:\projects\OnlineWebApplication\output\20190919_125800\execution-output.html
JUNIT XML:    C:\projects\OnlineWebApplication\output\20190919_125800\junit.xml
SUCCESS RATE: 83.33%
EXIT STATUS:  -13
2019-09-19 12:58:43,571|I|main|End of Execution:
NEXIAL_OUTPUT:         C:\projects\OnlineWebApplication\output\20190919_125800
NEXIAL_EXECUTION_HTML: C:\projects\OnlineWebApplication\output\20190919_125800\execution-output.html
NEXIAL_JUNIT_XML:      C:\projects\OnlineWebApplication\output\20190919_125800\junit.xml
NEXIAL_SUCCESS_RATE:   83.33%
NEXIAL_EXIT_STATUS:    -13
