2019-09-19 12:12:51,102|I|Thread-1|(DELAYED) nexial-core 2.2_0488 starting up...
2019-09-19 12:12:51,111|I|Thread-1|(DELAYED) data file resolved as C:\Users\SANDHI~1.MUN\AppData\Local\Temp\GSydB\gmail.data.xlsx
2019-09-19 12:12:51,111|I|Thread-1|(DELAYED) input files and output directory resolved...
2019-09-19 12:12:51,111|I|Thread-1|(DELAYED) No predefined nexial-setup found
2019-09-19 12:12:51,111|I|Thread-1|(DELAYED) [20190919_121250] [C:\projects\OnlineWebApplication\artifact\script\gmail.xlsx] resolve RUN ID as 20190919_121250
2019-09-19 12:12:51,111|I|Thread-1|(DELAYED) [20190919_121250] [C:\projects\OnlineWebApplication\artifact\script\gmail.xlsx] new thread started
2019-09-19 12:12:51,112|I|Thread-1|No predefined nexial-setup found
2019-09-19 12:12:51,209|I|Thread-1|outputBase not set; output-to-cloud DISABLED!
2019-09-19 12:12:51,210|I|Thread-1|accessKey not set; output-to-cloud DISABLED!
2019-09-19 12:12:51,211|I|Thread-1|secretKey not set; output-to-cloud DISABLED!
2019-09-19 12:12:51,243|I|Thread-1|missing REQUIRED configuration; sms DISABLED!
2019-09-19 12:12:52,228|I|Thread-1|[20190919_121250] executing C:\projects\OnlineWebApplication\artifact\script\gmail.xlsx with 1 iteration(s)
2019-09-19 12:12:52,235|I|Thread-1|[20190919_121250] create directory C:\projects\OnlineWebApplication\output\20190919_121250\captures
2019-09-19 12:12:52,236|I|Thread-1|[20190919_121250] create directory C:\projects\OnlineWebApplication\output\20190919_121250\logs
2019-09-19 12:12:53,017|I|Thread-1|[20190919_121250] merging test data to tmp file C:\projects\OnlineWebApplication\output\20190919_121250\gmail.20190919_121252.001.xlsx
2019-09-19 12:12:53,019|I|Thread-1|refetching data from C:\projects\OnlineWebApplication\artifact\data\gmail.data.xlsx
2019-09-19 12:12:53,382|I|Thread-1|[20190919_121250] test script and test data merged to C:\projects\OnlineWebApplication\output\20190919_121250\gmail.20190919_121252.001.xlsx
2019-09-19 12:12:54,196|I|Thread-1|STARTS
2019-09-19 12:12:54,219|I|Thread-1|gmail.20190919_121252.001 - executing iteration #1 of 1; Iteration Id 1
2019-09-19 12:12:54,230|I|Thread-1|gmail.20190919_121252.001|Scenario - executing test scenario
2019-09-19 12:12:54,232|I|Thread-1|gmail.20190919_121252.001|Scenario|Activity 1 - executing activity
2019-09-19 12:12:54,834|I|Thread-1|gmail.20190919_121252.001|Scenario|Activity 1|#  5|base.verbose(text) - executing verbose(text)(Hello World! It's now $(sysdate|now|yyyy-MM-dd HH:mm:ss.S))
2019-09-19 12:12:54,956|I|Thread-1|gmail.20190919_121252.001|Scenario|Activity 1|#  5|base.verbose(text) - Hello World! It's now 2019-09-19 12:12:54.862
2019-09-19 12:12:55,195|I|Thread-1|gmail.20190919_121252.001|Scenario|Activity 1|#  5|base.verbose(text) - PASS 
2019-09-19 12:12:55,197|I|Thread-1|gmail.20190919_121252.001|Scenario|openUrl - executing activity
2019-09-19 12:12:55,800|I|Thread-1|gmail.20190919_121252.001|Scenario|openUrl|#  6|web.open(url) - executing open(url)(https://accounts.google.com)
2019-09-19 12:12:55,811|I|Thread-1|No valid instance of webdriver, initializing...
2019-09-19 12:12:55,818|I|Thread-1|init chrome
2019-09-19 12:12:59,011|I|Thread-1|browser initialization completed for 'chrome'
2019-09-19 12:12:59,038|I|Thread-1|setting browser polling wait time to 800 ms
2019-09-19 12:12:59,057|I|Thread-1|setting browser page load timeout to 10000 ms
2019-09-19 12:12:59,111|I|Thread-1|gmail.20190919_121252.001|Scenario|openUrl|#  6|web.open(url) - default browser stability wait time is 3000 ms
2019-09-19 12:13:02,283|I|Thread-1|current browser window handle:CDwindow-02CE4F5A79B636FC70E9E778EF996E10
2019-09-19 12:13:02,336|I|Thread-1|gmail.20190919_121252.001|Scenario|openUrl|#  6|web.open(url) - PASS opened URL https://accounts.google.com
2019-09-19 12:13:02,358|I|Thread-1|gmail.20190919_121252.001|Scenario|Email - executing activity
2019-09-19 12:13:02,961|I|Thread-1|gmail.20190919_121252.001|Scenario|Email|#  7|web.type(locator,value) - executing type(locator,value)(${txt.email.loc}, ${email})
2019-09-19 12:13:03,522|I|Thread-1|gmail.20190919_121252.001|Scenario|Email|#  7|web.type(locator,value) - PASS typed text at '//div[@class='Xb9hP']/input[@id='identifierId']'
2019-09-19 12:13:03,528|I|Thread-1|gmail.20190919_121252.001|Scenario|NextButton - executing activity
2019-09-19 12:13:04,129|I|Thread-1|gmail.20190919_121252.001|Scenario|NextButton|#  8|web.click(locator) - executing click(locator)(${btn.next.loc})
2019-09-19 12:13:04,183|I|Thread-1|clicking '//span[@class='CwaK9']'...
2019-09-19 12:13:04,221|I|Thread-1|click target via JS, @id=
2019-09-19 12:13:04,333|I|Thread-1|clicked -> true
2019-09-19 12:13:04,335|I|Thread-1|gmail.20190919_121252.001|Scenario|NextButton|#  8|web.click(locator) - PASS click via JS event
2019-09-19 12:13:04,338|I|Thread-1|gmail.20190919_121252.001|Scenario|password - executing activity
2019-09-19 12:13:04,941|I|Thread-1|gmail.20190919_121252.001|Scenario|password|#  9|web.type(locator,value) - executing type(locator,value)(${txt.pass.loc}, ${TopSecret})
2019-09-19 12:13:05,423|I|Thread-1|gmail.20190919_121252.001|Scenario|password|#  9|web.type(locator,value) - PASS typed text at '//div[@class='Xb9hP']/input[@type='password']'
2019-09-19 12:13:05,427|I|Thread-1|gmail.20190919_121252.001|Scenario|submitButton - executing activity
2019-09-19 12:13:06,030|I|Thread-1|gmail.20190919_121252.001|Scenario|submitButton|# 10|web.click(locator) - executing click(locator)(${btn.submit.loc})
2019-09-19 12:13:06,079|I|Thread-1|clicking '//span[@class='CwaK9']/span[text()='Next']'...
2019-09-19 12:13:06,112|I|Thread-1|click target via JS, @id=
2019-09-19 12:13:06,223|I|Thread-1|clicked -> true
2019-09-19 12:13:10,095|I|Thread-1|gmail.20190919_121252.001|Scenario|submitButton|# 10|web.click(locator) - PASS click via JS event
2019-09-19 12:13:10,406|I|Thread-1|[gmail.20190919_121252.001|Scenario] saving test scenario
2019-09-19 12:13:10,737|I|Thread-1|[20190919_121250] 
/-TEST COMPLETE-----------------------------------------------------------------
| Test Output:    C:\projects\OnlineWebApplication\output\20190919_121250\gmail.20190919_121252.001.xlsx
| Iteration:      1
\-------------------------------------------------------------------------------
» Execution Time: 16506 ms
» Test Steps:     6
» Error(s):       0



2019-09-19 12:13:13,104|I|Thread-1|[20190919_121250] 
/-TEST COMPLETE-----------------------------------------------------------------
| Test Script:    C:\projects\OnlineWebApplication\artifact\script\gmail.xlsx
\-------------------------------------------------------------------------------
» Execution Time: 22235 ms
» Iterations:     [1] total 1
» Test Steps:     6
» Passed:         6
» Error(s):       0
» Iteration 1 of 1: C:\projects\OnlineWebApplication\output\20190919_121250\gmail.20190919_121252.001.xlsx



2019-09-19 12:13:13,867|I|main|[20190919_121250] [C:\projects\OnlineWebApplication\artifact\script\gmail.xlsx] now completed
2019-09-19 12:13:13,868|I|main|[20190919_121250] all execution thread(s) have terminated
2019-09-19 12:13:13,869|I|main|[20190919_121250] test run completed in about 23 seconds
2019-09-19 12:13:13,985|I|main|No predefined nexial-setup found
2019-09-19 12:13:14,035|I|main|outputBase not set; output-to-cloud DISABLED!
2019-09-19 12:13:14,036|I|main|accessKey not set; output-to-cloud DISABLED!
2019-09-19 12:13:14,037|I|main|secretKey not set; output-to-cloud DISABLED!
2019-09-19 12:13:14,043|I|main|generating HTML output for this execution to C:\projects\OnlineWebApplication\output\20190919_121250\execution-output.html
2019-09-19 12:13:14,737|I|main|generating JUnit XML output for this execution to C:\projects\OnlineWebApplication\output\20190919_121250\junit.xml
2019-09-19 12:13:14,796|I|main|Generated JUnit report for this execution: C:\projects\OnlineWebApplication\output\20190919_121250\junit.xml
2019-09-19 12:13:14,816|I|main|nexial mailer not enabled: nexial.enableEmail=false
2019-09-19 12:13:14,817|I|main|skipped email notification as configured
2019-09-19 12:13:14,819|I|main|Exiting Nexial...
2019-09-19 12:13:14,820|I|main|shutdown starts...
2019-09-19 12:13:14,822|I|main|Shutting down 'chrome' webdriver...
2019-09-19 12:13:23,558|I|main|shutdown ends...
2019-09-19 12:13:23,566|I|main|

/-END OF EXECUTION--------------------------------------------------------------
| » Execution Time: 23 sec.
| » Test Steps:     6
| » Passed:         6
| » Failed:         0
| » Success Rate:   100.00%
\---------------------------------------------------------------nexial-core 2.2_0488-

2019-09-19 12:13:23,576|I|main|ALL PASSED!
2019-09-19 12:13:23,582|I|main|End of Execution:
OUTPUT:       C:\projects\OnlineWebApplication\output\20190919_121250
EXECUTION:    C:\projects\OnlineWebApplication\output\20190919_121250\execution-output.html
JUNIT XML:    C:\projects\OnlineWebApplication\output\20190919_121250\junit.xml
SUCCESS RATE: 100.00%
EXIT STATUS:  0
2019-09-19 12:13:23,594|I|main|End of Execution:
NEXIAL_OUTPUT:         C:\projects\OnlineWebApplication\output\20190919_121250
NEXIAL_EXECUTION_HTML: C:\projects\OnlineWebApplication\output\20190919_121250\execution-output.html
NEXIAL_JUNIT_XML:      C:\projects\OnlineWebApplication\output\20190919_121250\junit.xml
NEXIAL_SUCCESS_RATE:   100.00%
NEXIAL_EXIT_STATUS:    0
