2019-09-19 12:48:35,318|I|Thread-1|(DELAYED) nexial-core 2.2_0488 starting up...
2019-09-19 12:48:35,325|I|Thread-1|(DELAYED) data file resolved as C:\Users\SANDHI~1.MUN\AppData\Local\Temp\diuEq\OnlineFlightBooking.data.xlsx
2019-09-19 12:48:35,325|I|Thread-1|(DELAYED) input files and output directory resolved...
2019-09-19 12:48:35,325|I|Thread-1|(DELAYED) No predefined nexial-setup found
2019-09-19 12:48:35,326|I|Thread-1|(DELAYED) [20190919_124835] [C:\projects\OnlineWebApplication\artifact\script\OnlineFlightBooking.xlsx] resolve RUN ID as 20190919_124835
2019-09-19 12:48:35,326|I|Thread-1|(DELAYED) [20190919_124835] [C:\projects\OnlineWebApplication\artifact\script\OnlineFlightBooking.xlsx] new thread started
2019-09-19 12:48:35,326|I|Thread-1|No predefined nexial-setup found
2019-09-19 12:48:35,422|I|Thread-1|outputBase not set; output-to-cloud DISABLED!
2019-09-19 12:48:35,423|I|Thread-1|accessKey not set; output-to-cloud DISABLED!
2019-09-19 12:48:35,424|I|Thread-1|secretKey not set; output-to-cloud DISABLED!
2019-09-19 12:48:35,453|I|Thread-1|missing REQUIRED configuration; sms DISABLED!
2019-09-19 12:48:36,458|I|Thread-1|[20190919_124835] executing C:\projects\OnlineWebApplication\artifact\script\OnlineFlightBooking.xlsx with 1 iteration(s)
2019-09-19 12:48:36,468|I|Thread-1|[20190919_124835] create directory C:\projects\OnlineWebApplication\output\20190919_124835\captures
2019-09-19 12:48:36,470|I|Thread-1|[20190919_124835] create directory C:\projects\OnlineWebApplication\output\20190919_124835\logs
2019-09-19 12:48:37,550|I|Thread-1|[20190919_124835] merging test data to tmp file C:\projects\OnlineWebApplication\output\20190919_124835\OnlineFlightBooking.20190919_124836.001.xlsx
2019-09-19 12:48:37,558|I|Thread-1|refetching data from C:\projects\OnlineWebApplication\artifact\data\OnlineFlightBooking.data.xlsx
2019-09-19 12:48:38,144|I|Thread-1|[20190919_124835] test script and test data merged to C:\projects\OnlineWebApplication\output\20190919_124835\OnlineFlightBooking.20190919_124836.001.xlsx
2019-09-19 12:48:39,427|I|Thread-1|STARTS
2019-09-19 12:48:39,468|I|Thread-1|OnlineFlightBooking.20190919_124836.001 - executing iteration #1 of 1; Iteration Id 1
2019-09-19 12:48:39,480|I|Thread-1|OnlineFlightBooking.20190919_124836.001|BookingFlight - executing test scenario
2019-09-19 12:48:39,484|I|Thread-1|OnlineFlightBooking.20190919_124836.001|BookingFlight|OpenUrl - executing activity
2019-09-19 12:48:40,106|I|Thread-1|OnlineFlightBooking.20190919_124836.001|BookingFlight|OpenUrl|#  5|web.open(url) - executing open(url)(https://www.goibibo.com/)
2019-09-19 12:48:40,122|I|Thread-1|No valid instance of webdriver, initializing...
2019-09-19 12:48:40,128|I|Thread-1|init chrome
2019-09-19 12:48:43,339|I|Thread-1|browser initialization completed for 'chrome'
2019-09-19 12:48:43,364|I|Thread-1|setting browser polling wait time to 800 ms
2019-09-19 12:48:43,389|I|Thread-1|setting browser page load timeout to 10000 ms
2019-09-19 12:48:43,459|I|Thread-1|OnlineFlightBooking.20190919_124836.001|BookingFlight|OpenUrl|#  5|web.open(url) - default browser stability wait time is 3000 ms
2019-09-19 12:48:48,415|I|Thread-1|current browser window handle:CDwindow-1B9026757F4A4A3DDD0CB3CA6E09EBB2
2019-09-19 12:48:48,498|I|Thread-1|OnlineFlightBooking.20190919_124836.001|BookingFlight|OpenUrl|#  5|web.open(url) - PASS opened URL https://www.goibibo.com/
2019-09-19 12:48:48,502|I|Thread-1|OnlineFlightBooking.20190919_124836.001|BookingFlight|maximize - executing activity
2019-09-19 12:48:49,104|I|Thread-1|OnlineFlightBooking.20190919_124836.001|BookingFlight|maximize|#  6|web.maximizeWindow() - executing maximizeWindow()()
2019-09-19 12:48:50,320|I|Thread-1|OnlineFlightBooking.20190919_124836.001|BookingFlight|maximize|#  6|web.maximizeWindow() - PASS browser window maximized
2019-09-19 12:48:50,333|I|Thread-1|OnlineFlightBooking.20190919_124836.001|BookingFlight|AssertLogo - executing activity
2019-09-19 12:48:50,934|I|Thread-1|OnlineFlightBooking.20190919_124836.001|BookingFlight|AssertLogo|#  7|web.assertVisible(locator - executing assertVisible(locator)(${img.logo.loc})
2019-09-19 12:48:51,441|I|Thread-1|OnlineFlightBooking.20190919_124836.001|BookingFlight|AssertLogo|#  7|web.assertVisible(locator - PASS EXPECTED visible element '//div[@id='content']/div/div/div/div/a/img' found
2019-09-19 12:48:51,447|I|Thread-1|OnlineFlightBooking.20190919_124836.001|BookingFlight|AssertTitle - executing activity
2019-09-19 12:48:52,063|I|Thread-1|OnlineFlightBooking.20190919_124836.001|BookingFlight|AssertTitle|#  8|web.asserttitle(text) - executing asserttitle(text)(${txt.title.loc})
2019-09-19 12:48:52,071|E|Thread-1|Unknown command asserttitle(text)
2019-09-19 12:48:52,072|E|Thread-1|Unknown command asserttitle(text)
2019-09-19 12:48:52,074|I|Thread-1|OnlineFlightBooking.20190919_124836.001|BookingFlight|AssertTitle|#  8|web.asserttitle(text) - FAIL Unknown command asserttitle(text)
2019-09-19 12:48:52,077|I|Thread-1|OnlineFlightBooking.20190919_124836.001|BookingFlight|ClickOnSource - executing activity
2019-09-19 12:48:52,679|I|Thread-1|OnlineFlightBooking.20190919_124836.001|BookingFlight|ClickOnSource|#  9|web.click(locator) - executing click(locator)(${txt.source.loc})
2019-09-19 12:48:52,723|I|Thread-1|clicking '//input[@id='gosuggest_inputSrc']'...
2019-09-19 12:48:52,751|I|Thread-1|click target via JS, @id=gosuggest_inputSrc
2019-09-19 12:48:52,793|I|Thread-1|clicked -> true
2019-09-19 12:48:52,794|I|Thread-1|OnlineFlightBooking.20190919_124836.001|BookingFlight|ClickOnSource|#  9|web.click(locator) - PASS click via JS event
2019-09-19 12:48:52,797|I|Thread-1|OnlineFlightBooking.20190919_124836.001|BookingFlight|TypeSource - executing activity
2019-09-19 12:48:53,399|I|Thread-1|OnlineFlightBooking.20190919_124836.001|BookingFlight|TypeSource|# 10|web.type(locator,value) - executing type(locator,value)(${txt.source.loc}, ${sourceLocation})
2019-09-19 12:48:53,731|I|Thread-1|OnlineFlightBooking.20190919_124836.001|BookingFlight|TypeSource|# 10|web.type(locator,value) - PASS typed text at '//input[@id='gosuggest_inputSrc']'
2019-09-19 12:48:53,735|I|Thread-1|OnlineFlightBooking.20190919_124836.001|BookingFlight|ClickDownArrowSrc - executing activity
2019-09-19 12:48:54,337|I|Thread-1|OnlineFlightBooking.20190919_124836.001|BookingFlight|ClickDownArrowSrc|# 11|web.typeKeys(locator,valu - executing typeKeys(locator,value)(${txt.source.loc}, ${downArrow})
2019-09-19 12:48:54,995|I|Thread-1|OnlineFlightBooking.20190919_124836.001|BookingFlight|ClickDownArrowSrc|# 11|web.typeKeys(locator,valu - PASS typed text at '//input[@id='gosuggest_inputSrc']'
2019-09-19 12:48:55,003|I|Thread-1|OnlineFlightBooking.20190919_124836.001|BookingFlight|ClickEnterSrc - executing activity
2019-09-19 12:48:55,606|I|Thread-1|OnlineFlightBooking.20190919_124836.001|BookingFlight|ClickEnterSrc|# 12|web.typeKeys(locator,valu - executing typeKeys(locator,value)(${txt.source.loc}, ${enterKey})
2019-09-19 12:49:01,222|I|Thread-1|OnlineFlightBooking.20190919_124836.001|BookingFlight|ClickEnterSrc|# 12|web.typeKeys(locator,valu - PASS typed text at '//input[@id='gosuggest_inputSrc']'
2019-09-19 12:49:01,229|I|Thread-1|OnlineFlightBooking.20190919_124836.001|BookingFlight|TypeDestination - executing activity
2019-09-19 12:49:01,830|I|Thread-1|OnlineFlightBooking.20190919_124836.001|BookingFlight|TypeDestination|# 13|web.type(locator,value) - executing type(locator,value)(${txt.destination.loc}, ${destinationLocation})
2019-09-19 12:49:02,116|I|Thread-1|OnlineFlightBooking.20190919_124836.001|BookingFlight|TypeDestination|# 13|web.type(locator,value) - PASS typed text at '//input[@id='gosuggest_inputDest']'
2019-09-19 12:49:02,119|I|Thread-1|OnlineFlightBooking.20190919_124836.001|BookingFlight|ClickDownArrowDest - executing activity
2019-09-19 12:49:02,721|I|Thread-1|OnlineFlightBooking.20190919_124836.001|BookingFlight|ClickDownArrowDest|# 14|web.typeKeys(locator,valu - executing typeKeys(locator,value)(${txt.destination.loc}, ${downArrow})
2019-09-19 12:49:13,439|I|Thread-1|OnlineFlightBooking.20190919_124836.001|BookingFlight|ClickDownArrowDest|# 14|web.typeKeys(locator,valu - PASS typed text at '//input[@id='gosuggest_inputDest']'
2019-09-19 12:49:13,449|I|Thread-1|OnlineFlightBooking.20190919_124836.001|BookingFlight|ClickEnterDes - executing activity
2019-09-19 12:49:14,050|I|Thread-1|OnlineFlightBooking.20190919_124836.001|BookingFlight|ClickEnterDes|# 15|web.typeKeys(locator,valu - executing typeKeys(locator,value)(${txt.destination.loc}, ${enterKey})
2019-09-19 12:49:24,809|I|Thread-1|OnlineFlightBooking.20190919_124836.001|BookingFlight|ClickEnterDes|# 15|web.typeKeys(locator,valu - PASS typed text at '//input[@id='gosuggest_inputDest']'
2019-09-19 12:49:24,811|I|Thread-1|OnlineFlightBooking.20190919_124836.001|BookingFlight|SelectDepartureDate - executing activity
2019-09-19 12:49:25,411|I|Thread-1|OnlineFlightBooking.20190919_124836.001|BookingFlight|SelectDepartureDate|# 16|web.click(locator) - executing click(locator)(${btn.departdate.loc})
2019-09-19 12:49:25,489|I|Thread-1|clicking '//div[@class='DayPicker-Body']/div[4]/div[5]/div'...
2019-09-19 12:49:25,513|I|Thread-1|click target via JS, @id=fare_20190926
2019-09-19 12:49:25,570|I|Thread-1|clicked -> true
2019-09-19 12:49:25,573|I|Thread-1|OnlineFlightBooking.20190919_124836.001|BookingFlight|SelectDepartureDate|# 16|web.click(locator) - PASS click via JS event
2019-09-19 12:49:25,575|I|Thread-1|OnlineFlightBooking.20190919_124836.001|BookingFlight|ClickReturnDate - executing activity
2019-09-19 12:49:26,176|I|Thread-1|OnlineFlightBooking.20190919_124836.001|BookingFlight|ClickReturnDate|# 17|web.click(locator) - executing click(locator)(${txt.returndate.loc})
2019-09-19 12:49:26,255|I|Thread-1|clicking '//input[@id='returnCalendar']'...
2019-09-19 12:49:26,281|I|Thread-1|click target via JS, @id=returnCalendar
2019-09-19 12:49:26,355|I|Thread-1|clicked -> true
2019-09-19 12:49:26,357|I|Thread-1|OnlineFlightBooking.20190919_124836.001|BookingFlight|ClickReturnDate|# 17|web.click(locator) - PASS click via JS event
2019-09-19 12:49:26,358|I|Thread-1|OnlineFlightBooking.20190919_124836.001|BookingFlight|SelectReturnDate - executing activity
2019-09-19 12:49:26,959|I|Thread-1|OnlineFlightBooking.20190919_124836.001|BookingFlight|SelectReturnDate|# 18|web.click(locator) - executing click(locator)(${btn.returndate.loc})
2019-09-19 12:49:27,015|I|Thread-1|clicking '//div[@class='DayPicker-Week'][5]/div[2]/div'...
2019-09-19 12:49:27,044|I|Thread-1|click target via JS, @id=fare_20190930
2019-09-19 12:49:27,115|I|Thread-1|clicked -> true
2019-09-19 12:49:27,117|I|Thread-1|OnlineFlightBooking.20190919_124836.001|BookingFlight|SelectReturnDate|# 18|web.click(locator) - PASS click via JS event
2019-09-19 12:49:27,119|I|Thread-1|OnlineFlightBooking.20190919_124836.001|BookingFlight|ClickSearch - executing activity
2019-09-19 12:49:27,721|I|Thread-1|OnlineFlightBooking.20190919_124836.001|BookingFlight|ClickSearch|# 19|web.click(locator) - executing click(locator)(${btn.search.loc})
2019-09-19 12:49:27,773|I|Thread-1|clicking '//div[@class='justifyCenter col-md-1 col-sm-12 dF padLR0']/button'...
2019-09-19 12:49:27,798|I|Thread-1|click target via JS, @id=gi_search_btn
2019-09-19 12:49:27,838|I|Thread-1|clicked -> true
2019-09-19 12:49:27,839|I|Thread-1|OnlineFlightBooking.20190919_124836.001|BookingFlight|ClickSearch|# 19|web.click(locator) - PASS click via JS event
2019-09-19 12:49:27,841|I|Thread-1|OnlineFlightBooking.20190919_124836.001|BookingFlight|clickFlight - executing activity
2019-09-19 12:49:28,442|I|Thread-1|OnlineFlightBooking.20190919_124836.001|BookingFlight|clickFlight|# 20|web.click(locator) - executing click(locator)(${btn.flight.loc})
2019-09-19 12:49:29,371|I|Thread-1|OnlineFlightBooking.20190919_124836.001|BookingFlight|clickFlight|# 20|web.click(locator) - FAIL No element via locator '(//span[@class='custRad'])[5]/label'
2019-09-19 12:49:29,374|I|Thread-1|OnlineFlightBooking.20190919_124836.001|BookingFlight|ClickBook - executing activity
2019-09-19 12:49:29,977|I|Thread-1|OnlineFlightBooking.20190919_124836.001|BookingFlight|ClickBook|# 21|web.click(locator) - executing click(locator)(${btn.book.loc})
2019-09-19 12:49:30,887|I|Thread-1|OnlineFlightBooking.20190919_124836.001|BookingFlight|ClickBook|# 21|web.click(locator) - FAIL No element via locator '//div[@class='dF alignItemsEnd width30 padL5 padB3 justifyEnd fltHpySumryPrc']/span[2]/span/input'
2019-09-19 12:49:30,893|I|Thread-1|OnlineFlightBooking.20190919_124836.001|BookingFlight|writedatatocsv - executing activity
2019-09-19 12:49:31,494|I|Thread-1|OnlineFlightBooking.20190919_124836.001|BookingFlight|writedatatocsv|# 22|csv.fromExcel(excel,works - executing fromExcel(excel,worksheet,csvFile)(${DataFileLocation}, BookingFlight, ${CSVFileLocation})
2019-09-19 12:49:31,874|I|Thread-1|OnlineFlightBooking.20190919_124836.001|BookingFlight|writedatatocsv|# 22|csv.fromExcel(excel,works - PASS File converted to CSV
2019-09-19 12:49:32,002|I|Thread-1|[OnlineFlightBooking.20190919_124836.001|BookingFlight] saving test scenario
2019-09-19 12:49:32,131|I|Thread-1|[20190919_124835] 
/-TEST COMPLETE-----------------------------------------------------------------
| Test Output:    C:\projects\OnlineWebApplication\output\20190919_124835\OnlineFlightBooking.20190919_124836.001.xlsx
| Iteration:      1
\-------------------------------------------------------------------------------
» Execution Time: 52658 ms
» Test Steps:     18
» Error(s):       3



2019-09-19 12:49:33,943|I|Thread-1|[20190919_124835] 
/-TEST COMPLETE-----------------------------------------------------------------
| Test Script:    C:\projects\OnlineWebApplication\artifact\script\OnlineFlightBooking.xlsx
\-------------------------------------------------------------------------------
» Execution Time: 58855 ms
» Iterations:     [1] total 1
» Test Steps:     18
» Passed:         15
» Error(s):       3
» Iteration 1 of 1: C:\projects\OnlineWebApplication\output\20190919_124835\OnlineFlightBooking.20190919_124836.001.xlsx



2019-09-19 12:49:34,138|I|main|[20190919_124835] [C:\projects\OnlineWebApplication\artifact\script\OnlineFlightBooking.xlsx] now completed
2019-09-19 12:49:34,141|I|main|[20190919_124835] all execution thread(s) have terminated
2019-09-19 12:49:34,143|I|main|[20190919_124835] test run completed in about 59 seconds
2019-09-19 12:49:34,287|I|main|No predefined nexial-setup found
2019-09-19 12:49:34,312|I|main|outputBase not set; output-to-cloud DISABLED!
2019-09-19 12:49:34,313|I|main|accessKey not set; output-to-cloud DISABLED!
2019-09-19 12:49:34,314|I|main|secretKey not set; output-to-cloud DISABLED!
2019-09-19 12:49:34,315|I|main|generating HTML output for this execution to C:\projects\OnlineWebApplication\output\20190919_124835\execution-output.html
2019-09-19 12:49:34,799|I|main|generating JUnit XML output for this execution to C:\projects\OnlineWebApplication\output\20190919_124835\junit.xml
2019-09-19 12:49:34,847|I|main|Generated JUnit report for this execution: C:\projects\OnlineWebApplication\output\20190919_124835\junit.xml
2019-09-19 12:49:34,863|I|main|nexial mailer not enabled: nexial.enableEmail=false
2019-09-19 12:49:34,863|I|main|skipped email notification as configured
2019-09-19 12:49:34,865|I|main|Exiting Nexial...
2019-09-19 12:49:34,865|I|main|shutdown starts...
2019-09-19 12:49:34,869|I|main|Shutting down 'chrome' webdriver...
2019-09-19 12:49:43,589|I|main|shutdown ends...
2019-09-19 12:49:43,593|I|main|

/-END OF EXECUTION--------------------------------------------------------------
| » Execution Time: 59 sec.
| » Test Steps:     18
| » Passed:         15
| » Failed:         3
| » Success Rate:   83.33%
\---------------------------------------------------------------nexial-core 2.2_0488-

2019-09-19 12:49:43,595|E|main|failure found; success rate is 83.33%
2019-09-19 12:49:43,600|I|main|End of Execution:
OUTPUT:       C:\projects\OnlineWebApplication\output\20190919_124835
EXECUTION:    C:\projects\OnlineWebApplication\output\20190919_124835\execution-output.html
JUNIT XML:    C:\projects\OnlineWebApplication\output\20190919_124835\junit.xml
SUCCESS RATE: 83.33%
EXIT STATUS:  -13
2019-09-19 12:49:43,604|I|main|End of Execution:
NEXIAL_OUTPUT:         C:\projects\OnlineWebApplication\output\20190919_124835
NEXIAL_EXECUTION_HTML: C:\projects\OnlineWebApplication\output\20190919_124835\execution-output.html
NEXIAL_JUNIT_XML:      C:\projects\OnlineWebApplication\output\20190919_124835\junit.xml
NEXIAL_SUCCESS_RATE:   83.33%
NEXIAL_EXIT_STATUS:    -13
