2019-09-19 13:12:38,444|I|Thread-1|(DELAYED) nexial-core 2.2_0488 starting up...
2019-09-19 13:12:38,448|I|Thread-1|(DELAYED) data file resolved as C:\Users\SANDHI~1.MUN\AppData\Local\Temp\liEwj\OrangeHRM.data.xlsx
2019-09-19 13:12:38,449|I|Thread-1|(DELAYED) input files and output directory resolved...
2019-09-19 13:12:38,449|I|Thread-1|(DELAYED) No predefined nexial-setup found
2019-09-19 13:12:38,450|I|Thread-1|(DELAYED) [20190919_131238] [C:\projects\OnlineWebApplication\artifact\script\OrangeHRM.xlsx] resolve RUN ID as 20190919_131238
2019-09-19 13:12:38,450|I|Thread-1|(DELAYED) [20190919_131238] [C:\projects\OnlineWebApplication\artifact\script\OrangeHRM.xlsx] new thread started
2019-09-19 13:12:38,450|I|Thread-1|No predefined nexial-setup found
2019-09-19 13:12:38,543|I|Thread-1|outputBase not set; output-to-cloud DISABLED!
2019-09-19 13:12:38,543|I|Thread-1|accessKey not set; output-to-cloud DISABLED!
2019-09-19 13:12:38,544|I|Thread-1|secretKey not set; output-to-cloud DISABLED!
2019-09-19 13:12:38,568|I|Thread-1|missing REQUIRED configuration; sms DISABLED!
2019-09-19 13:12:39,475|I|Thread-1|[20190919_131238] executing C:\projects\OnlineWebApplication\artifact\script\OrangeHRM.xlsx with 1 iteration(s)
2019-09-19 13:12:39,480|I|Thread-1|[20190919_131238] create directory C:\projects\OnlineWebApplication\output\20190919_131238\captures
2019-09-19 13:12:39,481|I|Thread-1|[20190919_131238] create directory C:\projects\OnlineWebApplication\output\20190919_131238\logs
2019-09-19 13:12:40,376|I|Thread-1|[20190919_131238] merging test data to tmp file C:\projects\OnlineWebApplication\output\20190919_131238\OrangeHRM.20190919_131239.001.xlsx
2019-09-19 13:12:40,379|I|Thread-1|refetching data from C:\projects\OnlineWebApplication\artifact\data\OrangeHRM.data.xlsx
2019-09-19 13:12:40,736|I|Thread-1|[20190919_131238] test script and test data merged to C:\projects\OnlineWebApplication\output\20190919_131238\OrangeHRM.20190919_131239.001.xlsx
2019-09-19 13:12:41,798|I|Thread-1|STARTS
2019-09-19 13:12:41,826|I|Thread-1|OrangeHRM.20190919_131239.001 - executing iteration #1 of 1; Iteration Id 1
2019-09-19 13:12:41,836|I|Thread-1|OrangeHRM.20190919_131239.001|Scenario - executing test scenario
2019-09-19 13:12:41,839|I|Thread-1|OrangeHRM.20190919_131239.001|Scenario|Openurl - executing activity
2019-09-19 13:12:42,444|I|Thread-1|OrangeHRM.20190919_131239.001|Scenario|Openurl|#  5|web.open(url) - executing open(url)(${url})
2019-09-19 13:12:42,458|I|Thread-1|No valid instance of webdriver, initializing...
2019-09-19 13:12:42,465|I|Thread-1|init chrome
2019-09-19 13:12:45,840|I|Thread-1|browser initialization completed for 'chrome'
2019-09-19 13:12:45,867|I|Thread-1|setting browser polling wait time to 800 ms
2019-09-19 13:12:45,889|I|Thread-1|setting browser page load timeout to 10000 ms
2019-09-19 13:12:45,947|I|Thread-1|OrangeHRM.20190919_131239.001|Scenario|Openurl|#  5|web.open(url) - default browser stability wait time is 3000 ms
2019-09-19 13:12:49,750|I|Thread-1|current browser window handle:CDwindow-9FBB087B77E8D8B690B09EA136F5A19B
2019-09-19 13:12:50,085|I|Thread-1|OrangeHRM.20190919_131239.001|Scenario|Openurl|#  5|web.open(url) - PASS opened URL https://opensource-demo.orangehrmlive.com/index.php/auth/validateCredentials
2019-09-19 13:12:50,097|I|Thread-1|OrangeHRM.20190919_131239.001|Scenario|MaximizeWindow - executing activity
2019-09-19 13:12:50,700|I|Thread-1|OrangeHRM.20190919_131239.001|Scenario|MaximizeWindow|#  6|web.maximizeWindow() - executing maximizeWindow()()
2019-09-19 13:12:51,863|I|Thread-1|OrangeHRM.20190919_131239.001|Scenario|MaximizeWindow|#  6|web.maximizeWindow() - PASS browser window maximized
2019-09-19 13:12:51,868|I|Thread-1|OrangeHRM.20190919_131239.001|Scenario|ClickUsername - executing activity
2019-09-19 13:12:52,469|I|Thread-1|OrangeHRM.20190919_131239.001|Scenario|ClickUsername|#  7|web.click(locator) - executing click(locator)(${txt.username.loc})
2019-09-19 13:12:52,513|I|Thread-1|clicking '//div[@id='divUsername']/input'...
2019-09-19 13:12:52,556|I|Thread-1|click target via JS, @id=txtUsername
2019-09-19 13:12:52,594|I|Thread-1|clicked -> true
2019-09-19 13:12:52,597|I|Thread-1|OrangeHRM.20190919_131239.001|Scenario|ClickUsername|#  7|web.click(locator) - PASS click via JS event
2019-09-19 13:12:52,598|I|Thread-1|OrangeHRM.20190919_131239.001|Scenario|EnterUserName - executing activity
2019-09-19 13:12:53,200|I|Thread-1|OrangeHRM.20190919_131239.001|Scenario|EnterUserName|#  8|web.type(locator,value) - executing type(locator,value)(${txt.username.loc}, ${username})
2019-09-19 13:12:53,474|I|Thread-1|OrangeHRM.20190919_131239.001|Scenario|EnterUserName|#  8|web.type(locator,value) - PASS typed text at '//div[@id='divUsername']/input'
2019-09-19 13:12:53,478|I|Thread-1|OrangeHRM.20190919_131239.001|Scenario|ClickPassword - executing activity
2019-09-19 13:12:54,080|I|Thread-1|OrangeHRM.20190919_131239.001|Scenario|ClickPassword|#  9|web.click(locator) - executing click(locator)(${txt.password.loc})
2019-09-19 13:12:54,126|I|Thread-1|clicking '//div[@id='divPassword']/input'...
2019-09-19 13:12:54,156|I|Thread-1|click target via JS, @id=txtPassword
2019-09-19 13:12:54,200|I|Thread-1|clicked -> true
2019-09-19 13:12:54,203|I|Thread-1|OrangeHRM.20190919_131239.001|Scenario|ClickPassword|#  9|web.click(locator) - PASS click via JS event
2019-09-19 13:12:54,205|I|Thread-1|OrangeHRM.20190919_131239.001|Scenario|EnterPassword - executing activity
2019-09-19 13:12:54,807|I|Thread-1|OrangeHRM.20190919_131239.001|Scenario|EnterPassword|# 10|web.type(locator,value) - executing type(locator,value)(${txt.password.loc}, ${password})
2019-09-19 13:12:55,119|I|Thread-1|OrangeHRM.20190919_131239.001|Scenario|EnterPassword|# 10|web.type(locator,value) - PASS typed text at '//div[@id='divPassword']/input'
2019-09-19 13:12:55,123|I|Thread-1|OrangeHRM.20190919_131239.001|Scenario|signin - executing activity
2019-09-19 13:12:55,725|I|Thread-1|OrangeHRM.20190919_131239.001|Scenario|signin|# 11|web.click(locator) - executing click(locator)(${btn.login.loc})
2019-09-19 13:12:55,772|I|Thread-1|clicking '//div[@id='divLoginButton']/input'...
2019-09-19 13:12:55,797|I|Thread-1|click target via JS, @id=btnLogin
2019-09-19 13:13:00,905|I|Thread-1|clicked -> true
2019-09-19 13:13:00,912|I|Thread-1|OrangeHRM.20190919_131239.001|Scenario|signin|# 11|web.click(locator) - PASS click via JS event
2019-09-19 13:13:01,471|I|Thread-1|[OrangeHRM.20190919_131239.001|Scenario] saving test scenario
2019-09-19 13:13:01,880|I|Thread-1|[20190919_131238] 
/-TEST COMPLETE-----------------------------------------------------------------
| Test Output:    C:\projects\OnlineWebApplication\output\20190919_131238\OrangeHRM.20190919_131239.001.xlsx
| Iteration:      1
\-------------------------------------------------------------------------------
» Execution Time: 20034 ms
» Test Steps:     7
» Error(s):       0



2019-09-19 13:13:04,145|I|Thread-1|[20190919_131238] 
/-TEST COMPLETE-----------------------------------------------------------------
| Test Script:    C:\projects\OnlineWebApplication\artifact\script\OrangeHRM.xlsx
\-------------------------------------------------------------------------------
» Execution Time: 25903 ms
» Iterations:     [1] total 1
» Test Steps:     7
» Passed:         7
» Error(s):       0
» Iteration 1 of 1: C:\projects\OnlineWebApplication\output\20190919_131238\OrangeHRM.20190919_131239.001.xlsx



