2019-09-19 13:13:18,287|I|Thread-1|(DELAYED) nexial-core 2.2_0488 starting up...
2019-09-19 13:13:18,295|I|Thread-1|(DELAYED) data file resolved as C:\Users\SANDHI~1.MUN\AppData\Local\Temp\vQWmF\OnlineFlightBooking.data.xlsx
2019-09-19 13:13:18,295|I|Thread-1|(DELAYED) input files and output directory resolved...
2019-09-19 13:13:18,295|I|Thread-1|(DELAYED) No predefined nexial-setup found
2019-09-19 13:13:18,295|I|Thread-1|(DELAYED) [20190919_131317] [C:\projects\OnlineWebApplication\artifact\script\OnlineFlightBooking.xlsx] resolve RUN ID as 20190919_131317
2019-09-19 13:13:18,295|I|Thread-1|(DELAYED) [20190919_131317] [C:\projects\OnlineWebApplication\artifact\script\OnlineFlightBooking.xlsx] new thread started
2019-09-19 13:13:18,296|I|Thread-1|No predefined nexial-setup found
2019-09-19 13:13:18,413|I|Thread-1|outputBase not set; output-to-cloud DISABLED!
2019-09-19 13:13:18,414|I|Thread-1|accessKey not set; output-to-cloud DISABLED!
2019-09-19 13:13:18,415|I|Thread-1|secretKey not set; output-to-cloud DISABLED!
2019-09-19 13:13:18,447|I|Thread-1|missing REQUIRED configuration; sms DISABLED!
2019-09-19 13:13:19,356|I|Thread-1|[20190919_131317] executing C:\projects\OnlineWebApplication\artifact\script\OnlineFlightBooking.xlsx with 1 iteration(s)
2019-09-19 13:13:19,362|I|Thread-1|[20190919_131317] create directory C:\projects\OnlineWebApplication\output\20190919_131317\captures
2019-09-19 13:13:19,363|I|Thread-1|[20190919_131317] create directory C:\projects\OnlineWebApplication\output\20190919_131317\logs
2019-09-19 13:13:20,185|I|Thread-1|[20190919_131317] merging test data to tmp file C:\projects\OnlineWebApplication\output\20190919_131317\OnlineFlightBooking.20190919_131319.001.xlsx
2019-09-19 13:13:20,187|I|Thread-1|refetching data from C:\projects\OnlineWebApplication\artifact\data\OnlineFlightBooking.data.xlsx
2019-09-19 13:13:20,926|I|Thread-1|[20190919_131317] test script and test data merged to C:\projects\OnlineWebApplication\output\20190919_131317\OnlineFlightBooking.20190919_131319.001.xlsx
2019-09-19 13:13:22,026|I|Thread-1|STARTS
2019-09-19 13:13:22,078|I|Thread-1|OnlineFlightBooking.20190919_131319.001 - executing iteration #1 of 1; Iteration Id 1
2019-09-19 13:13:22,102|I|Thread-1|OnlineFlightBooking.20190919_131319.001|BookingFlight - executing test scenario
2019-09-19 13:13:22,109|I|Thread-1|OnlineFlightBooking.20190919_131319.001|BookingFlight|OpenUrl - executing activity
2019-09-19 13:13:22,713|I|Thread-1|OnlineFlightBooking.20190919_131319.001|BookingFlight|OpenUrl|#  5|web.open(url) - executing open(url)(https://www.goibibo.com/)
2019-09-19 13:13:22,718|I|Thread-1|No valid instance of webdriver, initializing...
2019-09-19 13:13:22,720|I|Thread-1|init chrome
2019-09-19 13:13:26,269|I|Thread-1|browser initialization completed for 'chrome'
2019-09-19 13:13:26,295|I|Thread-1|setting browser polling wait time to 800 ms
2019-09-19 13:13:26,311|I|Thread-1|setting browser page load timeout to 10000 ms
2019-09-19 13:13:26,364|I|Thread-1|OnlineFlightBooking.20190919_131319.001|BookingFlight|OpenUrl|#  5|web.open(url) - default browser stability wait time is 3000 ms
2019-09-19 13:13:36,431|E|Thread-1|[20190919_131317] EXECUTING COMMAND: web.open(url)('https://www.goibibo.com/')
UNKNOWN ERROR: timeout   (Session info: chrome=77.0.3865.90)...
2019-09-19 13:13:36,737|I|Thread-1|OnlineFlightBooking.20190919_131319.001|BookingFlight|OpenUrl|#  5|web.open(url) - FAIL EXECUTING COMMAND: web.open(url)('https://www.goibibo.com/')
UNKNOWN ERROR: timeout   (Session info: chrome=77.0.3865.90)...
2019-09-19 13:13:36,761|I|Thread-1|OnlineFlightBooking.20190919_131319.001|BookingFlight|OpenUrl|#  5|web.open(url) - test stopping due to failure on fail-fast command: web.open(url)
2019-09-19 13:13:36,765|I|Thread-1|OnlineFlightBooking.20190919_131319.001|BookingFlight - test activity execution failed. Because of this, all subsequent test case will be skipped
2019-09-19 13:13:36,768|I|Thread-1|OnlineFlightBooking.20190919_131319.001|BookingFlight - test activity execution ending due to EndLoopIf() flow control activated or unrecoverable execution failure.
2019-09-19 13:13:36,770|I|Thread-1|OnlineFlightBooking.20190919_131319.001|BookingFlight - skipping test activity due to previous failure
2019-09-19 13:13:36,772|I|Thread-1|OnlineFlightBooking.20190919_131319.001|BookingFlight - skipping test activity due to previous failure
2019-09-19 13:13:36,773|I|Thread-1|OnlineFlightBooking.20190919_131319.001|BookingFlight - skipping test activity due to previous failure
2019-09-19 13:13:36,774|I|Thread-1|OnlineFlightBooking.20190919_131319.001|BookingFlight - skipping test activity due to previous failure
2019-09-19 13:13:36,780|I|Thread-1|OnlineFlightBooking.20190919_131319.001|BookingFlight - skipping test activity due to previous failure
2019-09-19 13:13:36,781|I|Thread-1|OnlineFlightBooking.20190919_131319.001|BookingFlight - skipping test activity due to previous failure
2019-09-19 13:13:36,783|I|Thread-1|OnlineFlightBooking.20190919_131319.001|BookingFlight - skipping test activity due to previous failure
2019-09-19 13:13:36,784|I|Thread-1|OnlineFlightBooking.20190919_131319.001|BookingFlight - skipping test activity due to previous failure
2019-09-19 13:13:36,785|I|Thread-1|OnlineFlightBooking.20190919_131319.001|BookingFlight - skipping test activity due to previous failure
2019-09-19 13:13:36,787|I|Thread-1|OnlineFlightBooking.20190919_131319.001|BookingFlight - skipping test activity due to previous failure
2019-09-19 13:13:36,790|I|Thread-1|OnlineFlightBooking.20190919_131319.001|BookingFlight - skipping test activity due to previous failure
2019-09-19 13:13:36,792|I|Thread-1|OnlineFlightBooking.20190919_131319.001|BookingFlight - skipping test activity due to previous failure
2019-09-19 13:13:36,795|I|Thread-1|OnlineFlightBooking.20190919_131319.001|BookingFlight - skipping test activity due to previous failure
2019-09-19 13:13:36,796|I|Thread-1|OnlineFlightBooking.20190919_131319.001|BookingFlight - skipping test activity due to previous failure
2019-09-19 13:13:36,796|I|Thread-1|OnlineFlightBooking.20190919_131319.001|BookingFlight - skipping test activity due to previous failure
2019-09-19 13:13:36,797|I|Thread-1|OnlineFlightBooking.20190919_131319.001|BookingFlight - skipping test activity due to previous failure
2019-09-19 13:13:36,801|I|Thread-1|OnlineFlightBooking.20190919_131319.001|BookingFlight - skipping test activity due to previous failure
2019-09-19 13:13:37,066|I|Thread-1|[OnlineFlightBooking.20190919_131319.001|BookingFlight] saving test scenario
2019-09-19 13:13:37,340|I|Thread-1|OnlineFlightBooking.20190919_131319.001|BookingFlight - test scenario execution failed, and fail-immediate in effect. Hence all subsequent test scenarios will be skipped
2019-09-19 13:13:37,352|I|Thread-1|[20190919_131317] 
/-TEST COMPLETE-----------------------------------------------------------------
| Test Output:    C:\projects\OnlineWebApplication\output\20190919_131317\OnlineFlightBooking.20190919_131319.001.xlsx
| Iteration:      1
\-------------------------------------------------------------------------------
» Execution Time: 15263 ms
» Test Steps:     1
» Error(s):       1



2019-09-19 13:13:37,353|I|Thread-1|OnlineFlightBooking.20190919_131319.001 - fail-immediate in effect - test execution will stop now.
2019-09-19 13:13:39,579|I|Thread-1|[20190919_131317] 
/-TEST COMPLETE-----------------------------------------------------------------
| Test Script:    C:\projects\OnlineWebApplication\artifact\script\OnlineFlightBooking.xlsx
\-------------------------------------------------------------------------------
» Execution Time: 21625 ms
» Iterations:     [1] total 1
» Test Steps:     1
» Passed:         0
» Error(s):       1
» Iteration 1 of 1: C:\projects\OnlineWebApplication\output\20190919_131317\OnlineFlightBooking.20190919_131319.001.xlsx



2019-09-19 13:13:40,018|I|main|[20190919_131317] [C:\projects\OnlineWebApplication\artifact\script\OnlineFlightBooking.xlsx] now completed
2019-09-19 13:13:40,019|I|main|[20190919_131317] all execution thread(s) have terminated
2019-09-19 13:13:40,020|I|main|[20190919_131317] test run completed in about 22 seconds
2019-09-19 13:13:40,126|I|main|No predefined nexial-setup found
2019-09-19 13:13:40,162|I|main|outputBase not set; output-to-cloud DISABLED!
2019-09-19 13:13:40,165|I|main|accessKey not set; output-to-cloud DISABLED!
2019-09-19 13:13:40,166|I|main|secretKey not set; output-to-cloud DISABLED!
2019-09-19 13:13:40,173|I|main|generating HTML output for this execution to C:\projects\OnlineWebApplication\output\20190919_131317\execution-output.html
2019-09-19 13:13:40,911|I|main|generating JUnit XML output for this execution to C:\projects\OnlineWebApplication\output\20190919_131317\junit.xml
2019-09-19 13:13:41,006|I|main|Generated JUnit report for this execution: C:\projects\OnlineWebApplication\output\20190919_131317\junit.xml
2019-09-19 13:13:41,037|I|main|nexial mailer not enabled: nexial.enableEmail=false
2019-09-19 13:13:41,039|I|main|skipped email notification as configured
2019-09-19 13:13:41,041|I|main|Exiting Nexial...
2019-09-19 13:13:41,041|I|main|shutdown starts...
2019-09-19 13:13:41,047|I|main|Shutting down 'chrome' webdriver...
2019-09-19 13:13:50,019|I|main|shutdown ends...
2019-09-19 13:13:50,024|I|main|

/-END OF EXECUTION--------------------------------------------------------------
| » Execution Time: 22 sec.
| » Test Steps:     1
| » Passed:         0
| » Failed:         1
| » Success Rate:   0.00%
\---------------------------------------------------------------nexial-core 2.2_0488-

2019-09-19 13:13:50,026|E|main|failure found; success rate is 0.00%
2019-09-19 13:13:50,034|I|main|End of Execution:
OUTPUT:       C:\projects\OnlineWebApplication\output\20190919_131317
EXECUTION:    C:\projects\OnlineWebApplication\output\20190919_131317\execution-output.html
JUNIT XML:    C:\projects\OnlineWebApplication\output\20190919_131317\junit.xml
SUCCESS RATE: 0.00%
EXIT STATUS:  -13
2019-09-19 13:13:50,036|I|main|End of Execution:
NEXIAL_OUTPUT:         C:\projects\OnlineWebApplication\output\20190919_131317
NEXIAL_EXECUTION_HTML: C:\projects\OnlineWebApplication\output\20190919_131317\execution-output.html
NEXIAL_JUNIT_XML:      C:\projects\OnlineWebApplication\output\20190919_131317\junit.xml
NEXIAL_SUCCESS_RATE:   0.00%
NEXIAL_EXIT_STATUS:    -13
