2019-09-19 12:32:36,479|I|Thread-1|(DELAYED) nexial-core 2.2_0488 starting up...
2019-09-19 12:32:36,485|I|Thread-1|(DELAYED) data file resolved as C:\Users\SANDHI~1.MUN\AppData\Local\Temp\Fbxxw\OnlineFlightBooking.data.xlsx
2019-09-19 12:32:36,485|I|Thread-1|(DELAYED) input files and output directory resolved...
2019-09-19 12:32:36,485|I|Thread-1|(DELAYED) No predefined nexial-setup found
2019-09-19 12:32:36,485|I|Thread-1|(DELAYED) [20190919_123236] [C:\projects\OnlineWebApplication\artifact\script\OnlineFlightBooking.xlsx] resolve RUN ID as 20190919_123236
2019-09-19 12:32:36,486|I|Thread-1|(DELAYED) [20190919_123236] [C:\projects\OnlineWebApplication\artifact\script\OnlineFlightBooking.xlsx] new thread started
2019-09-19 12:32:36,486|I|Thread-1|No predefined nexial-setup found
2019-09-19 12:32:36,590|I|Thread-1|outputBase not set; output-to-cloud DISABLED!
2019-09-19 12:32:36,591|I|Thread-1|accessKey not set; output-to-cloud DISABLED!
2019-09-19 12:32:36,592|I|Thread-1|secretKey not set; output-to-cloud DISABLED!
2019-09-19 12:32:36,621|I|Thread-1|missing REQUIRED configuration; sms DISABLED!
2019-09-19 12:32:37,543|I|Thread-1|[20190919_123236] executing C:\projects\OnlineWebApplication\artifact\script\OnlineFlightBooking.xlsx with 1 iteration(s)
2019-09-19 12:32:37,550|I|Thread-1|[20190919_123236] create directory C:\projects\OnlineWebApplication\output\20190919_123236\captures
2019-09-19 12:32:37,552|I|Thread-1|[20190919_123236] create directory C:\projects\OnlineWebApplication\output\20190919_123236\logs
2019-09-19 12:32:38,406|I|Thread-1|[20190919_123236] merging test data to tmp file C:\projects\OnlineWebApplication\output\20190919_123236\OnlineFlightBooking.20190919_123237.001.xlsx
2019-09-19 12:32:38,408|I|Thread-1|refetching data from C:\projects\OnlineWebApplication\artifact\data\OnlineFlightBooking.data.xlsx
2019-09-19 12:32:38,796|I|Thread-1|[20190919_123236] test script and test data merged to C:\projects\OnlineWebApplication\output\20190919_123236\OnlineFlightBooking.20190919_123237.001.xlsx
2019-09-19 12:32:39,788|I|Thread-1|STARTS
2019-09-19 12:32:39,822|I|Thread-1|OnlineFlightBooking.20190919_123237.001 - executing iteration #1 of 1; Iteration Id 1
2019-09-19 12:32:39,835|I|Thread-1|OnlineFlightBooking.20190919_123237.001|BookingFlight - executing test scenario
2019-09-19 12:32:39,837|I|Thread-1|OnlineFlightBooking.20190919_123237.001|BookingFlight|OpenUrl - executing activity
2019-09-19 12:32:40,440|I|Thread-1|OnlineFlightBooking.20190919_123237.001|BookingFlight|OpenUrl|#  5|web.open(url) - executing open(url)(https://www.goibibo.com/)
2019-09-19 12:32:40,446|I|Thread-1|No valid instance of webdriver, initializing...
2019-09-19 12:32:40,449|I|Thread-1|init chrome
2019-09-19 12:32:43,610|I|Thread-1|browser initialization completed for 'chrome'
2019-09-19 12:32:43,640|I|Thread-1|setting browser polling wait time to 800 ms
2019-09-19 12:32:43,655|I|Thread-1|setting browser page load timeout to 10000 ms
2019-09-19 12:32:43,704|I|Thread-1|OnlineFlightBooking.20190919_123237.001|BookingFlight|OpenUrl|#  5|web.open(url) - default browser stability wait time is 3000 ms
2019-09-19 12:32:49,160|I|Thread-1|current browser window handle:CDwindow-F7CC6CF6BE4D173E9B84AA6401571422
2019-09-19 12:32:49,236|I|Thread-1|OnlineFlightBooking.20190919_123237.001|BookingFlight|OpenUrl|#  5|web.open(url) - PASS opened URL https://www.goibibo.com/
2019-09-19 12:32:49,242|I|Thread-1|OnlineFlightBooking.20190919_123237.001|BookingFlight|maximize - executing activity
2019-09-19 12:32:49,844|I|Thread-1|OnlineFlightBooking.20190919_123237.001|BookingFlight|maximize|#  6|web.maximizeWindow() - executing maximizeWindow()()
2019-09-19 12:32:51,027|I|Thread-1|OnlineFlightBooking.20190919_123237.001|BookingFlight|maximize|#  6|web.maximizeWindow() - PASS browser window maximized
2019-09-19 12:32:51,049|I|Thread-1|OnlineFlightBooking.20190919_123237.001|BookingFlight|clickOnSource - executing activity
2019-09-19 12:32:51,651|I|Thread-1|OnlineFlightBooking.20190919_123237.001|BookingFlight|clickOnSource|#  7|web.click(locator) - executing click(locator)(${txt.source.loc})
2019-09-19 12:32:51,695|I|Thread-1|clicking '//input[@id='gosuggest_inputSrc']'...
2019-09-19 12:32:51,769|I|Thread-1|click target via JS, @id=gosuggest_inputSrc
2019-09-19 12:32:51,909|I|Thread-1|clicked -> true
2019-09-19 12:32:52,417|I|Thread-1|OnlineFlightBooking.20190919_123237.001|BookingFlight|clickOnSource|#  7|web.click(locator) - PASS click via JS event
2019-09-19 12:32:52,432|I|Thread-1|OnlineFlightBooking.20190919_123237.001|BookingFlight|TypeSource - executing activity
2019-09-19 12:32:53,033|I|Thread-1|OnlineFlightBooking.20190919_123237.001|BookingFlight|TypeSource|#  8|web.type(locator,value) - executing type(locator,value)(${txt.source.loc}, ${sourceLocation})
2019-09-19 12:32:53,538|I|Thread-1|OnlineFlightBooking.20190919_123237.001|BookingFlight|TypeSource|#  8|web.type(locator,value) - PASS typed text at '//input[@id='gosuggest_inputSrc']'
2019-09-19 12:32:53,548|I|Thread-1|OnlineFlightBooking.20190919_123237.001|BookingFlight|ClickDownArrowSrc - executing activity
2019-09-19 12:32:54,151|I|Thread-1|OnlineFlightBooking.20190919_123237.001|BookingFlight|ClickDownArrowSrc|#  9|web.typeKeys(locator,valu - executing typeKeys(locator,value)(${txt.source.loc}, ${downArrow})
2019-09-19 12:32:54,855|I|Thread-1|OnlineFlightBooking.20190919_123237.001|BookingFlight|ClickDownArrowSrc|#  9|web.typeKeys(locator,valu - PASS typed text at '//input[@id='gosuggest_inputSrc']'
2019-09-19 12:32:54,860|I|Thread-1|OnlineFlightBooking.20190919_123237.001|BookingFlight|ClickEnterSrc - executing activity
2019-09-19 12:32:55,463|I|Thread-1|OnlineFlightBooking.20190919_123237.001|BookingFlight|ClickEnterSrc|# 10|web.typeKeys(locator,valu - executing typeKeys(locator,value)(${txt.source.loc}, ${enterKey})
2019-09-19 12:32:56,145|I|Thread-1|OnlineFlightBooking.20190919_123237.001|BookingFlight|ClickEnterSrc|# 10|web.typeKeys(locator,valu - PASS typed text at '//input[@id='gosuggest_inputSrc']'
2019-09-19 12:32:56,152|I|Thread-1|OnlineFlightBooking.20190919_123237.001|BookingFlight|TypeDestination - executing activity
2019-09-19 12:32:56,755|I|Thread-1|OnlineFlightBooking.20190919_123237.001|BookingFlight|TypeDestination|# 11|web.type(locator,value) - executing type(locator,value)(${txt.destination.loc}, ${destinationLocation})
2019-09-19 12:32:57,181|I|Thread-1|OnlineFlightBooking.20190919_123237.001|BookingFlight|TypeDestination|# 11|web.type(locator,value) - PASS typed text at '//input[@id='gosuggest_inputDest']'
2019-09-19 12:32:57,189|I|Thread-1|OnlineFlightBooking.20190919_123237.001|BookingFlight|ClickDownArrowDest - executing activity
2019-09-19 12:32:57,791|I|Thread-1|OnlineFlightBooking.20190919_123237.001|BookingFlight|ClickDownArrowDest|# 12|web.typeKeys(locator,valu - executing typeKeys(locator,value)(${txt.destination.loc}, ${downArrow})
2019-09-19 12:32:58,423|I|Thread-1|OnlineFlightBooking.20190919_123237.001|BookingFlight|ClickDownArrowDest|# 12|web.typeKeys(locator,valu - PASS typed text at '//input[@id='gosuggest_inputDest']'
2019-09-19 12:32:58,428|I|Thread-1|OnlineFlightBooking.20190919_123237.001|BookingFlight|ClickEnterDes - executing activity
2019-09-19 12:32:59,030|I|Thread-1|OnlineFlightBooking.20190919_123237.001|BookingFlight|ClickEnterDes|# 13|web.typeKeys(locator,valu - executing typeKeys(locator,value)(${txt.destination.loc}, ${enterKey})
2019-09-19 12:32:59,687|I|Thread-1|OnlineFlightBooking.20190919_123237.001|BookingFlight|ClickEnterDes|# 13|web.typeKeys(locator,valu - PASS typed text at '//input[@id='gosuggest_inputDest']'
2019-09-19 12:32:59,692|I|Thread-1|OnlineFlightBooking.20190919_123237.001|BookingFlight|SelectDepartureDate - executing activity
2019-09-19 12:33:00,294|I|Thread-1|OnlineFlightBooking.20190919_123237.001|BookingFlight|SelectDepartureDate|# 14|web.click(locator) - executing click(locator)(${btn.departdate.loc})
2019-09-19 12:33:00,341|I|Thread-1|clicking '//div[@class='DayPicker-Body']/div[4]/div[5]/div'...
2019-09-19 12:33:00,369|I|Thread-1|click target via JS, @id=fare_20190926
2019-09-19 12:33:00,427|I|Thread-1|clicked -> true
2019-09-19 12:33:00,429|I|Thread-1|OnlineFlightBooking.20190919_123237.001|BookingFlight|SelectDepartureDate|# 14|web.click(locator) - PASS click via JS event
2019-09-19 12:33:00,432|I|Thread-1|OnlineFlightBooking.20190919_123237.001|BookingFlight|ClickReturnDate - executing activity
2019-09-19 12:33:01,034|I|Thread-1|OnlineFlightBooking.20190919_123237.001|BookingFlight|ClickReturnDate|# 15|web.click(locator) - executing click(locator)(${txt.returndate.loc})
2019-09-19 12:33:01,078|I|Thread-1|clicking '//input[@id='returnCalendar']'...
2019-09-19 12:33:01,111|I|Thread-1|click target via JS, @id=returnCalendar
2019-09-19 12:33:01,245|I|Thread-1|clicked -> true
2019-09-19 12:33:01,248|I|Thread-1|OnlineFlightBooking.20190919_123237.001|BookingFlight|ClickReturnDate|# 15|web.click(locator) - PASS click via JS event
2019-09-19 12:33:01,251|I|Thread-1|OnlineFlightBooking.20190919_123237.001|BookingFlight|SelectReturnDate - executing activity
2019-09-19 12:33:01,853|I|Thread-1|OnlineFlightBooking.20190919_123237.001|BookingFlight|SelectReturnDate|# 16|web.click(locator) - executing click(locator)(${btn.returndate.loc})
2019-09-19 12:33:01,892|I|Thread-1|clicking '//div[@class='DayPicker-Week'][5]/div[2]/div'...
2019-09-19 12:33:01,917|I|Thread-1|click target via JS, @id=fare_20190930
2019-09-19 12:33:01,977|I|Thread-1|clicked -> true
2019-09-19 12:33:01,981|I|Thread-1|OnlineFlightBooking.20190919_123237.001|BookingFlight|SelectReturnDate|# 16|web.click(locator) - PASS click via JS event
2019-09-19 12:33:01,983|I|Thread-1|OnlineFlightBooking.20190919_123237.001|BookingFlight|ClickSearch - executing activity
2019-09-19 12:33:02,585|I|Thread-1|OnlineFlightBooking.20190919_123237.001|BookingFlight|ClickSearch|# 17|web.click(locator) - executing click(locator)(${btn.search.loc})
2019-09-19 12:33:02,626|I|Thread-1|clicking '//div[@class='justifyCenter col-md-1 col-sm-12 dF padLR0']/button'...
2019-09-19 12:33:02,653|I|Thread-1|click target via JS, @id=gi_search_btn
2019-09-19 12:33:02,839|I|Thread-1|clicked -> true
2019-09-19 12:33:02,842|I|Thread-1|OnlineFlightBooking.20190919_123237.001|BookingFlight|ClickSearch|# 17|web.click(locator) - PASS click via JS event
2019-09-19 12:33:02,844|I|Thread-1|OnlineFlightBooking.20190919_123237.001|BookingFlight|clickFlight - executing activity
2019-09-19 12:33:03,447|I|Thread-1|OnlineFlightBooking.20190919_123237.001|BookingFlight|clickFlight|# 18|web.click(locator) - executing click(locator)(${btn.flight.loc})
2019-09-19 12:33:04,198|I|Thread-1|clicking '(//span[@class='custRad'])[5]/label'...
2019-09-19 12:33:04,589|I|Thread-1|OnlineFlightBooking.20190919_123237.001|BookingFlight|clickFlight|# 18|web.click(locator) - FAIL stale element reference: element is not attached to the page document
  (Session info: chrome=77.0.3865.90)
For documentation on this error, please visit: https://www.seleniumhq.org/exceptions/stale_element_reference.html
Build info: version: '3.141.59', revision: 'e82be7d358', time: '2018-11-14T08:17:03'
System info: host: 'ATMECSINDT-055', ip: '192.168.90.2', os.name: 'Windows 10', os.arch: 'amd64', os.version: '10.0', java.version: '12.0.1'
Driver info: org.openqa.selenium.chrome.ChromeDriver
Capabilities {acceptInsecureCerts: false, acceptSslCerts: true, browserName: chrome, browserVersion: 77.0.3865.90, chrome: {chromedriverVersion: 77.0.3865.40 (f484704e052e0..., userDataDir: C:\Users\SANDHI~1.MUN\AppDa...}, chrome.prefs: {multiple-automatic-downloads: 1, profile.content_settings.pattern_pairs.*.multiple-automatic-downloads: 1, profile.content_settings.pattern_pairs.,.multiple-automatic-downloads: 1}, goog:chromeOptions: {debuggerAddress: localhost:52836}, handlesAlerts: true, honorSystemProxy: false, javascriptEnabled: true, locationContextEnabled: false, nativeEvents: true, networkConnectionEnabled: false, pageLoadStrategy: normal, platform: XP, platformName: XP, proxy: Proxy(), setWindowRect: true, strictFileInteractability: false, timeouts: {implicit: 0, pageLoad: 300000, script: 30000}, unexpectedAlertBehaviour: accept, unhandledPromptBehavior: accept, webStorageEnabled: true}
Session ID: 31bb6f6bc0e289194c3c98edd90af66e
2019-09-19 12:33:04,612|I|Thread-1|OnlineFlightBooking.20190919_123237.001|BookingFlight|ClickBook - executing activity
2019-09-19 12:33:05,216|I|Thread-1|OnlineFlightBooking.20190919_123237.001|BookingFlight|ClickBook|# 19|web.click(locator) - executing click(locator)(${btn.book.loc})
2019-09-19 12:33:05,497|I|Thread-1|clicking '//div[@class='dF alignItemsEnd width30 padL5 padB3 justifyEnd fltHpySumryPrc']/span[2]/span/input'...
2019-09-19 12:33:05,551|I|Thread-1|click target via JS, @id=
2019-09-19 12:33:05,822|I|Thread-1|clicked -> true
2019-09-19 12:33:05,825|I|Thread-1|OnlineFlightBooking.20190919_123237.001|BookingFlight|ClickBook|# 19|web.click(locator) - PASS click via JS event
2019-09-19 12:33:05,828|I|Thread-1|OnlineFlightBooking.20190919_123237.001|BookingFlight|writedatatocsv - executing activity
2019-09-19 12:33:06,431|I|Thread-1|OnlineFlightBooking.20190919_123237.001|BookingFlight|writedatatocsv|# 20|csv.fromExcel(excel,works - executing fromExcel(excel,worksheet,csvFile)(${DataFileLocation}, BookingFlight, ${CSVFileLocation})
2019-09-19 12:33:06,892|I|Thread-1|OnlineFlightBooking.20190919_123237.001|BookingFlight|writedatatocsv|# 20|csv.fromExcel(excel,works - PASS File converted to CSV
2019-09-19 12:33:07,379|I|Thread-1|[OnlineFlightBooking.20190919_123237.001|BookingFlight] saving test scenario
2019-09-19 12:33:07,731|I|Thread-1|[20190919_123236] 
/-TEST COMPLETE-----------------------------------------------------------------
| Test Output:    C:\projects\OnlineWebApplication\output\20190919_123236\OnlineFlightBooking.20190919_123237.001.xlsx
| Iteration:      1
\-------------------------------------------------------------------------------
» Execution Time: 27891 ms
» Test Steps:     16
» Error(s):       1



2019-09-19 12:33:10,688|I|Thread-1|[20190919_123236] 
/-TEST COMPLETE-----------------------------------------------------------------
| Test Script:    C:\projects\OnlineWebApplication\artifact\script\OnlineFlightBooking.xlsx
\-------------------------------------------------------------------------------
» Execution Time: 34450 ms
» Iterations:     [1] total 1
» Test Steps:     16
» Passed:         15
» Error(s):       1
» Iteration 1 of 1: C:\projects\OnlineWebApplication\output\20190919_123236\OnlineFlightBooking.20190919_123237.001.xlsx



2019-09-19 12:33:11,310|I|main|[20190919_123236] [C:\projects\OnlineWebApplication\artifact\script\OnlineFlightBooking.xlsx] now completed
2019-09-19 12:33:11,311|I|main|[20190919_123236] all execution thread(s) have terminated
2019-09-19 12:33:11,312|I|main|[20190919_123236] test run completed in about 35 seconds
2019-09-19 12:33:11,482|I|main|No predefined nexial-setup found
2019-09-19 12:33:11,514|I|main|outputBase not set; output-to-cloud DISABLED!
2019-09-19 12:33:11,515|I|main|accessKey not set; output-to-cloud DISABLED!
2019-09-19 12:33:11,515|I|main|secretKey not set; output-to-cloud DISABLED!
2019-09-19 12:33:11,518|I|main|generating HTML output for this execution to C:\projects\OnlineWebApplication\output\20190919_123236\execution-output.html
2019-09-19 12:33:12,565|I|main|generating JUnit XML output for this execution to C:\projects\OnlineWebApplication\output\20190919_123236\junit.xml
2019-09-19 12:33:12,632|I|main|Generated JUnit report for this execution: C:\projects\OnlineWebApplication\output\20190919_123236\junit.xml
2019-09-19 12:33:12,653|I|main|nexial mailer not enabled: nexial.enableEmail=false
2019-09-19 12:33:12,654|I|main|skipped email notification as configured
2019-09-19 12:33:12,656|I|main|Exiting Nexial...
2019-09-19 12:33:12,657|I|main|shutdown starts...
2019-09-19 12:33:12,661|I|main|Shutting down 'chrome' webdriver...
2019-09-19 12:33:19,683|I|main|shutdown ends...
2019-09-19 12:33:19,690|I|main|

/-END OF EXECUTION--------------------------------------------------------------
| » Execution Time: 35 sec.
| » Test Steps:     16
| » Passed:         15
| » Failed:         1
| » Success Rate:   93.75%
\---------------------------------------------------------------nexial-core 2.2_0488-

2019-09-19 12:33:19,701|E|main|failure found; success rate is 93.75%
2019-09-19 12:33:19,708|I|main|End of Execution:
OUTPUT:       C:\projects\OnlineWebApplication\output\20190919_123236
EXECUTION:    C:\projects\OnlineWebApplication\output\20190919_123236\execution-output.html
JUNIT XML:    C:\projects\OnlineWebApplication\output\20190919_123236\junit.xml
SUCCESS RATE: 93.75%
EXIT STATUS:  -13
2019-09-19 12:33:19,726|I|main|End of Execution:
NEXIAL_OUTPUT:         C:\projects\OnlineWebApplication\output\20190919_123236
NEXIAL_EXECUTION_HTML: C:\projects\OnlineWebApplication\output\20190919_123236\execution-output.html
NEXIAL_JUNIT_XML:      C:\projects\OnlineWebApplication\output\20190919_123236\junit.xml
NEXIAL_SUCCESS_RATE:   93.75%
NEXIAL_EXIT_STATUS:    -13
