2019-09-19 12:25:50,456|I|Thread-1|(DELAYED) nexial-core 2.2_0488 starting up...
2019-09-19 12:25:50,462|I|Thread-1|(DELAYED) data file resolved as C:\Users\SANDHI~1.MUN\AppData\Local\Temp\ZhtHg\OrangeHRM.data.xlsx
2019-09-19 12:25:50,462|I|Thread-1|(DELAYED) input files and output directory resolved...
2019-09-19 12:25:50,463|I|Thread-1|(DELAYED) No predefined nexial-setup found
2019-09-19 12:25:50,463|I|Thread-1|(DELAYED) [20190919_122550] [C:\projects\OnlineWebApplication\artifact\script\OrangeHRM.xlsx] resolve RUN ID as 20190919_122550
2019-09-19 12:25:50,463|I|Thread-1|(DELAYED) [20190919_122550] [C:\projects\OnlineWebApplication\artifact\script\OrangeHRM.xlsx] new thread started
2019-09-19 12:25:50,463|I|Thread-1|No predefined nexial-setup found
2019-09-19 12:25:50,554|I|Thread-1|outputBase not set; output-to-cloud DISABLED!
2019-09-19 12:25:50,555|I|Thread-1|accessKey not set; output-to-cloud DISABLED!
2019-09-19 12:25:50,555|I|Thread-1|secretKey not set; output-to-cloud DISABLED!
2019-09-19 12:25:50,583|I|Thread-1|missing REQUIRED configuration; sms DISABLED!
2019-09-19 12:25:51,423|I|Thread-1|[20190919_122550] executing C:\projects\OnlineWebApplication\artifact\script\OrangeHRM.xlsx with 1 iteration(s)
2019-09-19 12:25:51,430|I|Thread-1|[20190919_122550] create directory C:\projects\OnlineWebApplication\output\20190919_122550\captures
2019-09-19 12:25:51,432|I|Thread-1|[20190919_122550] create directory C:\projects\OnlineWebApplication\output\20190919_122550\logs
2019-09-19 12:25:52,280|I|Thread-1|[20190919_122550] merging test data to tmp file C:\projects\OnlineWebApplication\output\20190919_122550\OrangeHRM.20190919_122551.001.xlsx
2019-09-19 12:25:52,281|I|Thread-1|refetching data from C:\projects\OnlineWebApplication\artifact\data\OrangeHRM.data.xlsx
2019-09-19 12:25:52,666|I|Thread-1|[20190919_122550] test script and test data merged to C:\projects\OnlineWebApplication\output\20190919_122550\OrangeHRM.20190919_122551.001.xlsx
2019-09-19 12:25:53,443|I|Thread-1|STARTS
2019-09-19 12:25:53,468|I|Thread-1|OrangeHRM.20190919_122551.001 - executing iteration #1 of 1; Iteration Id 1
2019-09-19 12:25:53,477|I|Thread-1|OrangeHRM.20190919_122551.001|Scenario - executing test scenario
2019-09-19 12:25:53,479|I|Thread-1|OrangeHRM.20190919_122551.001|Scenario|Openurl - executing activity
2019-09-19 12:25:54,083|I|Thread-1|OrangeHRM.20190919_122551.001|Scenario|Openurl|#  5|web.open(url) - executing open(url)(${url})
2019-09-19 12:25:54,088|I|Thread-1|No valid instance of webdriver, initializing...
2019-09-19 12:25:54,090|I|Thread-1|init chrome
2019-09-19 12:25:57,528|I|Thread-1|browser initialization completed for 'chrome'
2019-09-19 12:25:57,554|I|Thread-1|setting browser polling wait time to 800 ms
2019-09-19 12:25:57,573|I|Thread-1|setting browser page load timeout to 10000 ms
2019-09-19 12:25:57,619|I|Thread-1|OrangeHRM.20190919_122551.001|Scenario|Openurl|#  5|web.open(url) - default browser stability wait time is 3000 ms
2019-09-19 12:26:01,929|I|Thread-1|current browser window handle:CDwindow-3D5A83F6E7C875AF572B77E1B0B6D481
2019-09-19 12:26:02,212|I|Thread-1|OrangeHRM.20190919_122551.001|Scenario|Openurl|#  5|web.open(url) - PASS opened URL https://opensource-demo.orangehrmlive.com/index.php/auth/validateCredentials
2019-09-19 12:26:02,219|I|Thread-1|OrangeHRM.20190919_122551.001|Scenario|MaximizeWindow - executing activity
2019-09-19 12:26:02,829|I|Thread-1|OrangeHRM.20190919_122551.001|Scenario|MaximizeWindow|#  6|web.maximizeWindow() - executing maximizeWindow()()
2019-09-19 12:26:04,057|I|Thread-1|OrangeHRM.20190919_122551.001|Scenario|MaximizeWindow|#  6|web.maximizeWindow() - PASS browser window maximized
2019-09-19 12:26:04,060|I|Thread-1|OrangeHRM.20190919_122551.001|Scenario|ClickUsername - executing activity
2019-09-19 12:26:04,663|I|Thread-1|OrangeHRM.20190919_122551.001|Scenario|ClickUsername|#  7|web.click(locator) - executing click(locator)(${txt.username.loc})
2019-09-19 12:26:04,709|I|Thread-1|clicking '//div[@id='divUsername']/input'...
2019-09-19 12:26:04,754|I|Thread-1|click target via JS, @id=txtUsername
2019-09-19 12:26:04,796|I|Thread-1|clicked -> true
2019-09-19 12:26:04,799|I|Thread-1|OrangeHRM.20190919_122551.001|Scenario|ClickUsername|#  7|web.click(locator) - PASS click via JS event
2019-09-19 12:26:04,802|I|Thread-1|OrangeHRM.20190919_122551.001|Scenario|EnterUserName - executing activity
2019-09-19 12:26:05,403|I|Thread-1|OrangeHRM.20190919_122551.001|Scenario|EnterUserName|#  8|web.type(locator,value) - executing type(locator,value)(${txt.username.loc}, ${username})
2019-09-19 12:26:05,708|I|Thread-1|OrangeHRM.20190919_122551.001|Scenario|EnterUserName|#  8|web.type(locator,value) - PASS typed text at '//div[@id='divUsername']/input'
2019-09-19 12:26:05,715|I|Thread-1|OrangeHRM.20190919_122551.001|Scenario|ClickPassword - executing activity
2019-09-19 12:26:06,317|I|Thread-1|OrangeHRM.20190919_122551.001|Scenario|ClickPassword|#  9|web.click(locator) - executing click(locator)(${txt.pass.loc})
2019-09-19 12:26:07,186|I|Thread-1|OrangeHRM.20190919_122551.001|Scenario|ClickPassword|#  9|web.click(locator) - FAIL No element via locator '//div[@class='Xb9hP']/input[@type='password']'
2019-09-19 12:26:07,193|I|Thread-1|OrangeHRM.20190919_122551.001|Scenario|EnterPassword - executing activity
2019-09-19 12:26:07,795|I|Thread-1|OrangeHRM.20190919_122551.001|Scenario|EnterPassword|# 10|web.type(locator,value) - executing type(locator,value)(${txt.pass.loc}, ${password})
2019-09-19 12:26:08,693|E|Thread-1|[20190919_122550] EXECUTING COMMAND: web.type(locator,value)('//div[@class='Xb9hP']/input[@type='password']', '${password}')
Specified element not found: no such element: Unable to locate element: {"method":"xpath","selector":"//div[@class='Xb9hP']/input[@type='password']"}   (Session info: chrome=77.0.3865.90)...
2019-09-19 12:26:08,695|I|Thread-1|OrangeHRM.20190919_122551.001|Scenario|EnterPassword|# 10|web.type(locator,value) - FAIL EXECUTING COMMAND: web.type(locator,value)('//div[@class='Xb9hP']/input[@type='password']', '${password}')
Specified element not found: no such element: Unable to locate element: {"method":"xpath","selector":"//div[@class='Xb9hP']/input[@type='password']"}   (Session info: chrome=77.0.3865.90)...
2019-09-19 12:26:08,699|I|Thread-1|OrangeHRM.20190919_122551.001|Scenario|signin - executing activity
2019-09-19 12:26:09,302|I|Thread-1|OrangeHRM.20190919_122551.001|Scenario|signin|# 11|web.click(locator) - executing click(locator)(${btn.login.loc})
2019-09-19 12:26:09,349|I|Thread-1|clicking '//div[@id='divLoginButton']/input'...
2019-09-19 12:26:09,394|I|Thread-1|click target via JS, @id=btnLogin
2019-09-19 12:26:09,460|I|Thread-1|clicked -> true
2019-09-19 12:26:09,465|I|Thread-1|OrangeHRM.20190919_122551.001|Scenario|signin|# 11|web.click(locator) - PASS click via JS event
2019-09-19 12:26:09,723|I|Thread-1|[OrangeHRM.20190919_122551.001|Scenario] saving test scenario
2019-09-19 12:26:10,046|I|Thread-1|[20190919_122550] 
/-TEST COMPLETE-----------------------------------------------------------------
| Test Output:    C:\projects\OnlineWebApplication\output\20190919_122550\OrangeHRM.20190919_122551.001.xlsx
| Iteration:      1
\-------------------------------------------------------------------------------
» Execution Time: 16562 ms
» Test Steps:     7
» Error(s):       2



2019-09-19 12:26:12,517|I|Thread-1|[20190919_122550] 
/-TEST COMPLETE-----------------------------------------------------------------
| Test Script:    C:\projects\OnlineWebApplication\artifact\script\OrangeHRM.xlsx
\-------------------------------------------------------------------------------
» Execution Time: 22284 ms
» Iterations:     [1] total 1
» Test Steps:     7
» Passed:         5
» Error(s):       2
» Iteration 1 of 1: C:\projects\OnlineWebApplication\output\20190919_122550\OrangeHRM.20190919_122551.001.xlsx



2019-09-19 12:26:13,249|I|main|[20190919_122550] [C:\projects\OnlineWebApplication\artifact\script\OrangeHRM.xlsx] now completed
2019-09-19 12:26:13,250|I|main|[20190919_122550] all execution thread(s) have terminated
2019-09-19 12:26:13,251|I|main|[20190919_122550] test run completed in about 23 seconds
2019-09-19 12:26:13,345|I|main|No predefined nexial-setup found
2019-09-19 12:26:13,384|I|main|outputBase not set; output-to-cloud DISABLED!
2019-09-19 12:26:13,385|I|main|accessKey not set; output-to-cloud DISABLED!
2019-09-19 12:26:13,386|I|main|secretKey not set; output-to-cloud DISABLED!
2019-09-19 12:26:13,389|I|main|generating HTML output for this execution to C:\projects\OnlineWebApplication\output\20190919_122550\execution-output.html
2019-09-19 12:26:14,010|I|main|generating JUnit XML output for this execution to C:\projects\OnlineWebApplication\output\20190919_122550\junit.xml
2019-09-19 12:26:14,068|I|main|Generated JUnit report for this execution: C:\projects\OnlineWebApplication\output\20190919_122550\junit.xml
2019-09-19 12:26:14,099|I|main|nexial mailer not enabled: nexial.enableEmail=false
2019-09-19 12:26:14,100|I|main|skipped email notification as configured
2019-09-19 12:26:14,102|I|main|Exiting Nexial...
2019-09-19 12:26:14,103|I|main|shutdown starts...
2019-09-19 12:26:14,105|I|main|Shutting down 'chrome' webdriver...
2019-09-19 12:26:20,975|I|main|shutdown ends...
2019-09-19 12:26:20,984|I|main|

/-END OF EXECUTION--------------------------------------------------------------
| » Execution Time: 23 sec.
| » Test Steps:     7
| » Passed:         5
| » Failed:         2
| » Success Rate:   71.43%
\---------------------------------------------------------------nexial-core 2.2_0488-

2019-09-19 12:26:20,994|E|main|failure found; success rate is 71.43%
2019-09-19 12:26:21,002|I|main|End of Execution:
OUTPUT:       C:\projects\OnlineWebApplication\output\20190919_122550
EXECUTION:    C:\projects\OnlineWebApplication\output\20190919_122550\execution-output.html
JUNIT XML:    C:\projects\OnlineWebApplication\output\20190919_122550\junit.xml
SUCCESS RATE: 71.43%
EXIT STATUS:  -13
2019-09-19 12:26:21,018|I|main|End of Execution:
NEXIAL_OUTPUT:         C:\projects\OnlineWebApplication\output\20190919_122550
NEXIAL_EXECUTION_HTML: C:\projects\OnlineWebApplication\output\20190919_122550\execution-output.html
NEXIAL_JUNIT_XML:      C:\projects\OnlineWebApplication\output\20190919_122550\junit.xml
NEXIAL_SUCCESS_RATE:   71.43%
NEXIAL_EXIT_STATUS:    -13
