2019-09-19 13:11:52,818|I|Thread-1|(DELAYED) nexial-core 2.2_0488 starting up...
2019-09-19 13:11:52,825|I|Thread-1|(DELAYED) data file resolved as C:\Users\SANDHI~1.MUN\AppData\Local\Temp\EzIoP\gmail.data.xlsx
2019-09-19 13:11:52,826|I|Thread-1|(DELAYED) input files and output directory resolved...
2019-09-19 13:11:52,826|I|Thread-1|(DELAYED) No predefined nexial-setup found
2019-09-19 13:11:52,827|I|Thread-1|(DELAYED) [20190919_131152] [C:\projects\OnlineWebApplication\artifact\script\gmail.xlsx] resolve RUN ID as 20190919_131152
2019-09-19 13:11:52,827|I|Thread-1|(DELAYED) [20190919_131152] [C:\projects\OnlineWebApplication\artifact\script\gmail.xlsx] new thread started
2019-09-19 13:11:52,827|I|Thread-1|No predefined nexial-setup found
2019-09-19 13:11:52,942|I|Thread-1|outputBase not set; output-to-cloud DISABLED!
2019-09-19 13:11:52,943|I|Thread-1|accessKey not set; output-to-cloud DISABLED!
2019-09-19 13:11:52,944|I|Thread-1|secretKey not set; output-to-cloud DISABLED!
2019-09-19 13:11:52,979|I|Thread-1|missing REQUIRED configuration; sms DISABLED!
2019-09-19 13:11:54,088|I|Thread-1|[20190919_131152] executing C:\projects\OnlineWebApplication\artifact\script\gmail.xlsx with 1 iteration(s)
2019-09-19 13:11:54,096|I|Thread-1|[20190919_131152] create directory C:\projects\OnlineWebApplication\output\20190919_131152\captures
2019-09-19 13:11:54,098|I|Thread-1|[20190919_131152] create directory C:\projects\OnlineWebApplication\output\20190919_131152\logs
2019-09-19 13:11:54,923|I|Thread-1|[20190919_131152] merging test data to tmp file C:\projects\OnlineWebApplication\output\20190919_131152\gmail.20190919_131154.001.xlsx
2019-09-19 13:11:54,925|I|Thread-1|refetching data from C:\projects\OnlineWebApplication\artifact\data\gmail.data.xlsx
2019-09-19 13:11:55,267|I|Thread-1|[20190919_131152] test script and test data merged to C:\projects\OnlineWebApplication\output\20190919_131152\gmail.20190919_131154.001.xlsx
2019-09-19 13:11:56,086|I|Thread-1|STARTS
2019-09-19 13:11:56,115|I|Thread-1|gmail.20190919_131154.001 - executing iteration #1 of 1; Iteration Id 1
2019-09-19 13:11:56,124|I|Thread-1|gmail.20190919_131154.001|Scenario - executing test scenario
2019-09-19 13:11:56,125|I|Thread-1|gmail.20190919_131154.001|Scenario|openUrl - executing activity
2019-09-19 13:11:56,730|I|Thread-1|gmail.20190919_131154.001|Scenario|openUrl|#  5|web.open(url) - executing open(url)(${url})
2019-09-19 13:11:56,747|I|Thread-1|No valid instance of webdriver, initializing...
2019-09-19 13:11:56,754|I|Thread-1|init chrome
2019-09-19 13:11:59,831|I|Thread-1|browser initialization completed for 'chrome'
2019-09-19 13:11:59,859|I|Thread-1|setting browser polling wait time to 800 ms
2019-09-19 13:11:59,880|I|Thread-1|setting browser page load timeout to 10000 ms
2019-09-19 13:11:59,943|I|Thread-1|gmail.20190919_131154.001|Scenario|openUrl|#  5|web.open(url) - default browser stability wait time is 3000 ms
2019-09-19 13:12:03,217|I|Thread-1|current browser window handle:CDwindow-B20B3E773FD0A30310D99E8B795A44D1
2019-09-19 13:12:03,483|I|Thread-1|gmail.20190919_131154.001|Scenario|openUrl|#  5|web.open(url) - PASS opened URL https://accounts.google.com
2019-09-19 13:12:03,489|I|Thread-1|gmail.20190919_131154.001|Scenario|MaximizeWindow - executing activity
2019-09-19 13:12:04,092|I|Thread-1|gmail.20190919_131154.001|Scenario|MaximizeWindow|#  6|web.maximizeWindow() - executing maximizeWindow()()
2019-09-19 13:12:05,260|I|Thread-1|gmail.20190919_131154.001|Scenario|MaximizeWindow|#  6|web.maximizeWindow() - PASS browser window maximized
2019-09-19 13:12:05,265|I|Thread-1|gmail.20190919_131154.001|Scenario|Email - executing activity
2019-09-19 13:12:05,867|I|Thread-1|gmail.20190919_131154.001|Scenario|Email|#  7|web.type(locator,value) - executing type(locator,value)(${txt.email.loc}, ${email})
2019-09-19 13:12:06,450|I|Thread-1|gmail.20190919_131154.001|Scenario|Email|#  7|web.type(locator,value) - PASS typed text at '//div[@class='Xb9hP']/input[@id='identifierId']'
2019-09-19 13:12:06,453|I|Thread-1|gmail.20190919_131154.001|Scenario|NextButton - executing activity
2019-09-19 13:12:07,054|I|Thread-1|gmail.20190919_131154.001|Scenario|NextButton|#  8|web.click(locator) - executing click(locator)(${btn.next.loc})
2019-09-19 13:12:07,089|I|Thread-1|clicking '//span[@class='CwaK9']'...
2019-09-19 13:12:07,119|I|Thread-1|click target via JS, @id=
2019-09-19 13:12:07,215|I|Thread-1|clicked -> true
2019-09-19 13:12:07,218|I|Thread-1|gmail.20190919_131154.001|Scenario|NextButton|#  8|web.click(locator) - PASS click via JS event
2019-09-19 13:12:07,226|I|Thread-1|gmail.20190919_131154.001|Scenario|password - executing activity
2019-09-19 13:12:07,838|I|Thread-1|gmail.20190919_131154.001|Scenario|password|#  9|web.type(locator,value) - executing type(locator,value)(${txt.pass.loc}, ${TopSecret})
2019-09-19 13:12:08,199|I|Thread-1|gmail.20190919_131154.001|Scenario|password|#  9|web.type(locator,value) - PASS typed text at '//div[@class='Xb9hP']/input[@type='password']'
2019-09-19 13:12:08,207|I|Thread-1|gmail.20190919_131154.001|Scenario|submitButton - executing activity
2019-09-19 13:12:08,808|I|Thread-1|gmail.20190919_131154.001|Scenario|submitButton|# 10|web.click(locator) - executing click(locator)(${btn.submit.loc})
2019-09-19 13:12:08,880|I|Thread-1|clicking '//span[@class='CwaK9']/span[text()='Next']'...
2019-09-19 13:12:08,919|I|Thread-1|click target via JS, @id=
2019-09-19 13:12:09,024|I|Thread-1|clicked -> true
2019-09-19 13:12:12,586|I|Thread-1|gmail.20190919_131154.001|Scenario|submitButton|# 10|web.click(locator) - PASS click via JS event
2019-09-19 13:12:12,843|I|Thread-1|[gmail.20190919_131154.001|Scenario] saving test scenario
2019-09-19 13:12:13,394|I|Thread-1|[20190919_131152] 
/-TEST COMPLETE-----------------------------------------------------------------
| Test Output:    C:\projects\OnlineWebApplication\output\20190919_131152\gmail.20190919_131154.001.xlsx
| Iteration:      1
\-------------------------------------------------------------------------------
» Execution Time: 17226 ms
» Test Steps:     6
» Error(s):       0



2019-09-19 13:12:16,078|I|Thread-1|[20190919_131152] 
/-TEST COMPLETE-----------------------------------------------------------------
| Test Script:    C:\projects\OnlineWebApplication\artifact\script\gmail.xlsx
\-------------------------------------------------------------------------------
» Execution Time: 23521 ms
» Iterations:     [1] total 1
» Test Steps:     6
» Passed:         6
» Error(s):       0
» Iteration 1 of 1: C:\projects\OnlineWebApplication\output\20190919_131152\gmail.20190919_131154.001.xlsx



2019-09-19 13:12:16,540|I|main|[20190919_131152] [C:\projects\OnlineWebApplication\artifact\script\gmail.xlsx] now completed
2019-09-19 13:12:16,541|I|main|[20190919_131152] all execution thread(s) have terminated
2019-09-19 13:12:16,542|I|main|[20190919_131152] test run completed in about 24 seconds
2019-09-19 13:12:16,685|I|main|No predefined nexial-setup found
2019-09-19 13:12:16,712|I|main|outputBase not set; output-to-cloud DISABLED!
2019-09-19 13:12:16,713|I|main|accessKey not set; output-to-cloud DISABLED!
2019-09-19 13:12:16,714|I|main|secretKey not set; output-to-cloud DISABLED!
2019-09-19 13:12:16,715|I|main|generating HTML output for this execution to C:\projects\OnlineWebApplication\output\20190919_131152\execution-output.html
2019-09-19 13:12:17,362|I|main|generating JUnit XML output for this execution to C:\projects\OnlineWebApplication\output\20190919_131152\junit.xml
2019-09-19 13:12:17,419|I|main|Generated JUnit report for this execution: C:\projects\OnlineWebApplication\output\20190919_131152\junit.xml
2019-09-19 13:12:17,439|I|main|nexial mailer not enabled: nexial.enableEmail=false
2019-09-19 13:12:17,439|I|main|skipped email notification as configured
2019-09-19 13:12:17,441|I|main|Exiting Nexial...
2019-09-19 13:12:17,442|I|main|shutdown starts...
2019-09-19 13:12:17,444|I|main|Shutting down 'chrome' webdriver...
