2019-09-19 13:09:19,085|I|Thread-1|(DELAYED) nexial-core 2.2_0488 starting up...
2019-09-19 13:09:19,091|I|Thread-1|(DELAYED) data file resolved as C:\Users\SANDHI~1.MUN\AppData\Local\Temp\gnVYB\OnlineFlightBooking.data.xlsx
2019-09-19 13:09:19,091|I|Thread-1|(DELAYED) input files and output directory resolved...
2019-09-19 13:09:19,091|I|Thread-1|(DELAYED) No predefined nexial-setup found
2019-09-19 13:09:19,091|I|Thread-1|(DELAYED) [20190919_130918] [C:\projects\OnlineWebApplication\artifact\script\OnlineFlightBooking.xlsx] resolve RUN ID as 20190919_130918
2019-09-19 13:09:19,091|I|Thread-1|(DELAYED) [20190919_130918] [C:\projects\OnlineWebApplication\artifact\script\OnlineFlightBooking.xlsx] new thread started
2019-09-19 13:09:19,092|I|Thread-1|No predefined nexial-setup found
2019-09-19 13:09:19,191|I|Thread-1|outputBase not set; output-to-cloud DISABLED!
2019-09-19 13:09:19,192|I|Thread-1|accessKey not set; output-to-cloud DISABLED!
2019-09-19 13:09:19,193|I|Thread-1|secretKey not set; output-to-cloud DISABLED!
2019-09-19 13:09:19,223|I|Thread-1|missing REQUIRED configuration; sms DISABLED!
2019-09-19 13:09:20,092|I|Thread-1|[20190919_130918] executing C:\projects\OnlineWebApplication\artifact\script\OnlineFlightBooking.xlsx with 1 iteration(s)
2019-09-19 13:09:20,098|I|Thread-1|[20190919_130918] create directory C:\projects\OnlineWebApplication\output\20190919_130918\captures
2019-09-19 13:09:20,099|I|Thread-1|[20190919_130918] create directory C:\projects\OnlineWebApplication\output\20190919_130918\logs
2019-09-19 13:09:20,881|I|Thread-1|[20190919_130918] merging test data to tmp file C:\projects\OnlineWebApplication\output\20190919_130918\OnlineFlightBooking.20190919_130920.001.xlsx
2019-09-19 13:09:20,884|I|Thread-1|refetching data from C:\projects\OnlineWebApplication\artifact\data\OnlineFlightBooking.data.xlsx
2019-09-19 13:09:21,246|I|Thread-1|[20190919_130918] test script and test data merged to C:\projects\OnlineWebApplication\output\20190919_130918\OnlineFlightBooking.20190919_130920.001.xlsx
2019-09-19 13:09:22,073|I|Thread-1|STARTS
2019-09-19 13:09:22,103|I|Thread-1|OnlineFlightBooking.20190919_130920.001 - executing iteration #1 of 1; Iteration Id 1
2019-09-19 13:09:22,113|I|Thread-1|OnlineFlightBooking.20190919_130920.001|BookingFlight - executing test scenario
2019-09-19 13:09:22,116|I|Thread-1|OnlineFlightBooking.20190919_130920.001|BookingFlight|OpenUrl - executing activity
2019-09-19 13:09:22,720|I|Thread-1|OnlineFlightBooking.20190919_130920.001|BookingFlight|OpenUrl|#  5|web.open(url) - executing open(url)(https://www.goibibo.com/)
2019-09-19 13:09:22,725|I|Thread-1|No valid instance of webdriver, initializing...
2019-09-19 13:09:22,731|I|Thread-1|init chrome
2019-09-19 13:09:26,162|I|Thread-1|browser initialization completed for 'chrome'
2019-09-19 13:09:26,210|I|Thread-1|setting browser polling wait time to 800 ms
2019-09-19 13:09:26,237|I|Thread-1|setting browser page load timeout to 10000 ms
2019-09-19 13:09:26,298|I|Thread-1|OnlineFlightBooking.20190919_130920.001|BookingFlight|OpenUrl|#  5|web.open(url) - default browser stability wait time is 3000 ms
2019-09-19 13:09:34,422|I|Thread-1|current browser window handle:CDwindow-9DDC7F05DC8E1DA9F090DEAE5A066240
2019-09-19 13:09:34,460|I|Thread-1|OnlineFlightBooking.20190919_130920.001|BookingFlight|OpenUrl|#  5|web.open(url) - PASS opened URL https://www.goibibo.com/
2019-09-19 13:09:34,464|I|Thread-1|OnlineFlightBooking.20190919_130920.001|BookingFlight|maximize - executing activity
2019-09-19 13:09:35,066|I|Thread-1|OnlineFlightBooking.20190919_130920.001|BookingFlight|maximize|#  6|web.maximizeWindow() - executing maximizeWindow()()
2019-09-19 13:09:36,259|I|Thread-1|OnlineFlightBooking.20190919_130920.001|BookingFlight|maximize|#  6|web.maximizeWindow() - PASS browser window maximized
2019-09-19 13:09:36,267|I|Thread-1|OnlineFlightBooking.20190919_130920.001|BookingFlight|AssertLogo - executing activity
2019-09-19 13:09:36,869|I|Thread-1|OnlineFlightBooking.20190919_130920.001|BookingFlight|AssertLogo|#  7|web.assertVisible(locator - executing assertVisible(locator)(${img.logo.loc})
2019-09-19 13:09:37,392|I|Thread-1|OnlineFlightBooking.20190919_130920.001|BookingFlight|AssertLogo|#  7|web.assertVisible(locator - PASS EXPECTED visible element '//div[@id='content']/div/div/div/div/a/img' found
2019-09-19 13:09:37,397|I|Thread-1|OnlineFlightBooking.20190919_130920.001|BookingFlight|AssertTitle - executing activity
2019-09-19 13:09:38,006|I|Thread-1|OnlineFlightBooking.20190919_130920.001|BookingFlight|AssertTitle|#  8|web.assertVisible(locator - executing assertVisible(locator)(${txt.title.loc})
2019-09-19 13:09:38,114|I|Thread-1|OnlineFlightBooking.20190919_130920.001|BookingFlight|AssertTitle|#  8|web.assertVisible(locator - PASS EXPECTED visible element '//div[@class='fltHypContain posRel']/h1' found
2019-09-19 13:09:38,118|I|Thread-1|OnlineFlightBooking.20190919_130920.001|BookingFlight|ClickOnSource - executing activity
2019-09-19 13:09:38,720|I|Thread-1|OnlineFlightBooking.20190919_130920.001|BookingFlight|ClickOnSource|#  9|web.click(locator) - executing click(locator)(${txt.source.loc})
2019-09-19 13:09:38,768|I|Thread-1|clicking '//input[@id='gosuggest_inputSrc']'...
2019-09-19 13:09:38,798|I|Thread-1|click target via JS, @id=gosuggest_inputSrc
2019-09-19 13:09:38,843|I|Thread-1|clicked -> true
2019-09-19 13:09:38,845|I|Thread-1|OnlineFlightBooking.20190919_130920.001|BookingFlight|ClickOnSource|#  9|web.click(locator) - PASS click via JS event
2019-09-19 13:09:38,848|I|Thread-1|OnlineFlightBooking.20190919_130920.001|BookingFlight|TypeSource - executing activity
2019-09-19 13:09:39,449|I|Thread-1|OnlineFlightBooking.20190919_130920.001|BookingFlight|TypeSource|# 10|web.type(locator,value) - executing type(locator,value)(${txt.source.loc}, ${sourceLocation})
2019-09-19 13:09:39,797|I|Thread-1|OnlineFlightBooking.20190919_130920.001|BookingFlight|TypeSource|# 10|web.type(locator,value) - PASS typed text at '//input[@id='gosuggest_inputSrc']'
2019-09-19 13:09:39,801|I|Thread-1|OnlineFlightBooking.20190919_130920.001|BookingFlight|ClickDownArrowSrc - executing activity
2019-09-19 13:09:40,404|I|Thread-1|OnlineFlightBooking.20190919_130920.001|BookingFlight|ClickDownArrowSrc|# 11|web.typeKeys(locator,valu - executing typeKeys(locator,value)(${txt.source.loc}, ${downArrow})
2019-09-19 13:09:41,061|I|Thread-1|OnlineFlightBooking.20190919_130920.001|BookingFlight|ClickDownArrowSrc|# 11|web.typeKeys(locator,valu - PASS typed text at '//input[@id='gosuggest_inputSrc']'
2019-09-19 13:09:41,065|I|Thread-1|OnlineFlightBooking.20190919_130920.001|BookingFlight|ClickEnterSrc - executing activity
2019-09-19 13:09:41,668|I|Thread-1|OnlineFlightBooking.20190919_130920.001|BookingFlight|ClickEnterSrc|# 12|web.typeKeys(locator,valu - executing typeKeys(locator,value)(${txt.source.loc}, ${enterKey})
2019-09-19 13:09:42,394|I|Thread-1|OnlineFlightBooking.20190919_130920.001|BookingFlight|ClickEnterSrc|# 12|web.typeKeys(locator,valu - PASS typed text at '//input[@id='gosuggest_inputSrc']'
2019-09-19 13:09:42,397|I|Thread-1|OnlineFlightBooking.20190919_130920.001|BookingFlight|TypeDestination - executing activity
2019-09-19 13:09:42,999|I|Thread-1|OnlineFlightBooking.20190919_130920.001|BookingFlight|TypeDestination|# 13|web.type(locator,value) - executing type(locator,value)(${txt.destination.loc}, ${destinationLocation})
2019-09-19 13:09:43,354|I|Thread-1|OnlineFlightBooking.20190919_130920.001|BookingFlight|TypeDestination|# 13|web.type(locator,value) - PASS typed text at '//input[@id='gosuggest_inputDest']'
2019-09-19 13:09:43,358|I|Thread-1|OnlineFlightBooking.20190919_130920.001|BookingFlight|ClickDownArrowDest - executing activity
2019-09-19 13:09:43,961|I|Thread-1|OnlineFlightBooking.20190919_130920.001|BookingFlight|ClickDownArrowDest|# 14|web.typeKeys(locator,valu - executing typeKeys(locator,value)(${txt.destination.loc}, ${downArrow})
2019-09-19 13:09:44,603|I|Thread-1|OnlineFlightBooking.20190919_130920.001|BookingFlight|ClickDownArrowDest|# 14|web.typeKeys(locator,valu - PASS typed text at '//input[@id='gosuggest_inputDest']'
2019-09-19 13:09:44,612|I|Thread-1|OnlineFlightBooking.20190919_130920.001|BookingFlight|ClickEnterDes - executing activity
2019-09-19 13:09:45,214|I|Thread-1|OnlineFlightBooking.20190919_130920.001|BookingFlight|ClickEnterDes|# 15|web.typeKeys(locator,valu - executing typeKeys(locator,value)(${txt.destination.loc}, ${enterKey})
2019-09-19 13:09:45,878|I|Thread-1|OnlineFlightBooking.20190919_130920.001|BookingFlight|ClickEnterDes|# 15|web.typeKeys(locator,valu - PASS typed text at '//input[@id='gosuggest_inputDest']'
2019-09-19 13:09:45,890|I|Thread-1|OnlineFlightBooking.20190919_130920.001|BookingFlight|SelectDepartureDate - executing activity
2019-09-19 13:09:46,494|I|Thread-1|OnlineFlightBooking.20190919_130920.001|BookingFlight|SelectDepartureDate|# 16|web.click(locator) - executing click(locator)(${btn.departdate.loc})
2019-09-19 13:09:46,539|I|Thread-1|clicking '//div[@class='DayPicker-Body']/div[4]/div[5]/div'...
2019-09-19 13:09:46,564|I|Thread-1|click target via JS, @id=fare_20190926
2019-09-19 13:09:46,626|I|Thread-1|clicked -> true
2019-09-19 13:09:46,630|I|Thread-1|OnlineFlightBooking.20190919_130920.001|BookingFlight|SelectDepartureDate|# 16|web.click(locator) - PASS click via JS event
2019-09-19 13:09:46,632|I|Thread-1|OnlineFlightBooking.20190919_130920.001|BookingFlight|ClickReturnDate - executing activity
2019-09-19 13:09:47,234|I|Thread-1|OnlineFlightBooking.20190919_130920.001|BookingFlight|ClickReturnDate|# 17|web.click(locator) - executing click(locator)(${txt.returndate.loc})
2019-09-19 13:09:47,276|I|Thread-1|clicking '//input[@id='returnCalendar']'...
2019-09-19 13:09:47,304|I|Thread-1|click target via JS, @id=returnCalendar
2019-09-19 13:09:47,394|I|Thread-1|clicked -> true
2019-09-19 13:09:47,396|I|Thread-1|OnlineFlightBooking.20190919_130920.001|BookingFlight|ClickReturnDate|# 17|web.click(locator) - PASS click via JS event
2019-09-19 13:09:47,399|I|Thread-1|OnlineFlightBooking.20190919_130920.001|BookingFlight|SelectReturnDate - executing activity
2019-09-19 13:09:48,000|I|Thread-1|OnlineFlightBooking.20190919_130920.001|BookingFlight|SelectReturnDate|# 18|web.click(locator) - executing click(locator)(${btn.returndate.loc})
2019-09-19 13:09:48,050|I|Thread-1|clicking '//div[@class='DayPicker-Week'][5]/div[2]/div'...
2019-09-19 13:09:48,076|I|Thread-1|click target via JS, @id=fare_20190930
2019-09-19 13:09:48,131|I|Thread-1|clicked -> true
2019-09-19 13:09:48,132|I|Thread-1|OnlineFlightBooking.20190919_130920.001|BookingFlight|SelectReturnDate|# 18|web.click(locator) - PASS click via JS event
2019-09-19 13:09:48,134|I|Thread-1|OnlineFlightBooking.20190919_130920.001|BookingFlight|ClickSearch - executing activity
2019-09-19 13:09:48,737|I|Thread-1|OnlineFlightBooking.20190919_130920.001|BookingFlight|ClickSearch|# 19|web.click(locator) - executing click(locator)(${btn.search.loc})
2019-09-19 13:09:48,781|I|Thread-1|clicking '//div[@class='justifyCenter col-md-1 col-sm-12 dF padLR0']/button'...
2019-09-19 13:09:48,810|I|Thread-1|click target via JS, @id=gi_search_btn
2019-09-19 13:09:48,987|I|Thread-1|clicked -> true
2019-09-19 13:09:48,990|I|Thread-1|OnlineFlightBooking.20190919_130920.001|BookingFlight|ClickSearch|# 19|web.click(locator) - PASS click via JS event
2019-09-19 13:09:48,998|I|Thread-1|OnlineFlightBooking.20190919_130920.001|BookingFlight|clickFlight - executing activity
2019-09-19 13:09:49,599|I|Thread-1|OnlineFlightBooking.20190919_130920.001|BookingFlight|clickFlight|# 20|web.click(locator) - executing click(locator)(${btn.flight.loc})
2019-09-19 13:09:50,391|I|Thread-1|clicking '(//span[@class='custRad'])[5]/label'...
2019-09-19 13:09:50,770|I|Thread-1|click target via JS, @id=
2019-09-19 13:09:50,885|I|Thread-1|clicked -> true
2019-09-19 13:09:50,890|I|Thread-1|OnlineFlightBooking.20190919_130920.001|BookingFlight|clickFlight|# 20|web.click(locator) - PASS click via JS event
2019-09-19 13:09:50,896|I|Thread-1|OnlineFlightBooking.20190919_130920.001|BookingFlight|ClickBook - executing activity
2019-09-19 13:09:51,497|I|Thread-1|OnlineFlightBooking.20190919_130920.001|BookingFlight|ClickBook|# 21|web.click(locator) - executing click(locator)(${btn.book.loc})
2019-09-19 13:09:52,021|I|Thread-1|clicking '//div[@class='dF alignItemsEnd width30 padL5 padB3 justifyEnd fltHpySumryPrc']/span[2]/span/input'...
2019-09-19 13:09:52,098|I|Thread-1|click target via JS, @id=
2019-09-19 13:09:52,347|I|Thread-1|clicked -> true
2019-09-19 13:09:52,351|I|Thread-1|OnlineFlightBooking.20190919_130920.001|BookingFlight|ClickBook|# 21|web.click(locator) - PASS click via JS event
2019-09-19 13:09:52,352|I|Thread-1|OnlineFlightBooking.20190919_130920.001|BookingFlight|writedatatocsv - executing activity
2019-09-19 13:09:52,955|I|Thread-1|OnlineFlightBooking.20190919_130920.001|BookingFlight|writedatatocsv|# 22|csv.fromExcel(excel,works - executing fromExcel(excel,worksheet,csvFile)(${DataFileLocation}, BookingFlight, ${CSVFileLocation})
2019-09-19 13:09:53,676|I|Thread-1|OnlineFlightBooking.20190919_130920.001|BookingFlight|writedatatocsv|# 22|csv.fromExcel(excel,works - PASS File converted to CSV
2019-09-19 13:09:53,932|I|Thread-1|[OnlineFlightBooking.20190919_130920.001|BookingFlight] saving test scenario
2019-09-19 13:09:54,328|I|Thread-1|[20190919_130918] 
/-TEST COMPLETE-----------------------------------------------------------------
| Test Output:    C:\projects\OnlineWebApplication\output\20190919_130918\OnlineFlightBooking.20190919_130920.001.xlsx
| Iteration:      1
\-------------------------------------------------------------------------------
» Execution Time: 32204 ms
» Test Steps:     18
» Error(s):       0



2019-09-19 13:09:57,296|I|Thread-1|[20190919_130918] 
/-TEST COMPLETE-----------------------------------------------------------------
| Test Script:    C:\projects\OnlineWebApplication\artifact\script\OnlineFlightBooking.xlsx
\-------------------------------------------------------------------------------
» Execution Time: 38462 ms
» Iterations:     [1] total 1
» Test Steps:     18
» Passed:         18
» Error(s):       0
» Iteration 1 of 1: C:\projects\OnlineWebApplication\output\20190919_130918\OnlineFlightBooking.20190919_130920.001.xlsx



2019-09-19 13:09:58,016|I|main|[20190919_130918] [C:\projects\OnlineWebApplication\artifact\script\OnlineFlightBooking.xlsx] now completed
2019-09-19 13:09:58,017|I|main|[20190919_130918] all execution thread(s) have terminated
2019-09-19 13:09:58,018|I|main|[20190919_130918] test run completed in about 39 seconds
2019-09-19 13:09:58,185|I|main|No predefined nexial-setup found
2019-09-19 13:09:58,254|I|main|outputBase not set; output-to-cloud DISABLED!
2019-09-19 13:09:58,254|I|main|accessKey not set; output-to-cloud DISABLED!
2019-09-19 13:09:58,259|I|main|secretKey not set; output-to-cloud DISABLED!
2019-09-19 13:09:58,261|I|main|generating HTML output for this execution to C:\projects\OnlineWebApplication\output\20190919_130918\execution-output.html
2019-09-19 13:09:59,250|I|main|generating JUnit XML output for this execution to C:\projects\OnlineWebApplication\output\20190919_130918\junit.xml
2019-09-19 13:09:59,364|I|main|Generated JUnit report for this execution: C:\projects\OnlineWebApplication\output\20190919_130918\junit.xml
2019-09-19 13:09:59,395|I|main|nexial mailer not enabled: nexial.enableEmail=false
2019-09-19 13:09:59,397|I|main|skipped email notification as configured
2019-09-19 13:09:59,412|I|main|Exiting Nexial...
2019-09-19 13:09:59,413|I|main|shutdown starts...
2019-09-19 13:09:59,458|I|main|Shutting down 'chrome' webdriver...
2019-09-19 13:10:06,574|I|main|shutdown ends...
2019-09-19 13:10:06,576|I|main|

/-END OF EXECUTION--------------------------------------------------------------
| » Execution Time: 39 sec.
| » Test Steps:     18
| » Passed:         18
| » Failed:         0
| » Success Rate:   100.00%
\---------------------------------------------------------------nexial-core 2.2_0488-

2019-09-19 13:10:06,577|I|main|ALL PASSED!
2019-09-19 13:10:06,578|I|main|End of Execution:
OUTPUT:       C:\projects\OnlineWebApplication\output\20190919_130918
EXECUTION:    C:\projects\OnlineWebApplication\output\20190919_130918\execution-output.html
JUNIT XML:    C:\projects\OnlineWebApplication\output\20190919_130918\junit.xml
SUCCESS RATE: 100.00%
EXIT STATUS:  0
2019-09-19 13:10:06,579|I|main|End of Execution:
NEXIAL_OUTPUT:         C:\projects\OnlineWebApplication\output\20190919_130918
NEXIAL_EXECUTION_HTML: C:\projects\OnlineWebApplication\output\20190919_130918\execution-output.html
NEXIAL_JUNIT_XML:      C:\projects\OnlineWebApplication\output\20190919_130918\junit.xml
NEXIAL_SUCCESS_RATE:   100.00%
NEXIAL_EXIT_STATUS:    0
