2019-09-19 12:28:23,702|I|Thread-1|(DELAYED) nexial-core 2.2_0488 starting up...
2019-09-19 12:28:23,708|I|Thread-1|(DELAYED) data file resolved as C:\Users\SANDHI~1.MUN\AppData\Local\Temp\jWnhv\OrangeHRM.data.xlsx
2019-09-19 12:28:23,709|I|Thread-1|(DELAYED) input files and output directory resolved...
2019-09-19 12:28:23,709|I|Thread-1|(DELAYED) No predefined nexial-setup found
2019-09-19 12:28:23,709|I|Thread-1|(DELAYED) [20190919_122823] [C:\projects\OnlineWebApplication\artifact\script\OrangeHRM.xlsx] resolve RUN ID as 20190919_122823
2019-09-19 12:28:23,709|I|Thread-1|(DELAYED) [20190919_122823] [C:\projects\OnlineWebApplication\artifact\script\OrangeHRM.xlsx] new thread started
2019-09-19 12:28:23,710|I|Thread-1|No predefined nexial-setup found
2019-09-19 12:28:23,798|I|Thread-1|outputBase not set; output-to-cloud DISABLED!
2019-09-19 12:28:23,799|I|Thread-1|accessKey not set; output-to-cloud DISABLED!
2019-09-19 12:28:23,800|I|Thread-1|secretKey not set; output-to-cloud DISABLED!
2019-09-19 12:28:23,836|I|Thread-1|missing REQUIRED configuration; sms DISABLED!
2019-09-19 12:28:24,758|I|Thread-1|[20190919_122823] executing C:\projects\OnlineWebApplication\artifact\script\OrangeHRM.xlsx with 1 iteration(s)
2019-09-19 12:28:24,764|I|Thread-1|[20190919_122823] create directory C:\projects\OnlineWebApplication\output\20190919_122823\captures
2019-09-19 12:28:24,766|I|Thread-1|[20190919_122823] create directory C:\projects\OnlineWebApplication\output\20190919_122823\logs
2019-09-19 12:28:25,750|I|Thread-1|[20190919_122823] merging test data to tmp file C:\projects\OnlineWebApplication\output\20190919_122823\OrangeHRM.20190919_122824.001.xlsx
2019-09-19 12:28:25,753|I|Thread-1|refetching data from C:\projects\OnlineWebApplication\artifact\data\OrangeHRM.data.xlsx
2019-09-19 12:28:26,156|I|Thread-1|[20190919_122823] test script and test data merged to C:\projects\OnlineWebApplication\output\20190919_122823\OrangeHRM.20190919_122824.001.xlsx
2019-09-19 12:28:27,183|I|Thread-1|STARTS
2019-09-19 12:28:27,209|I|Thread-1|OrangeHRM.20190919_122824.001 - executing iteration #1 of 1; Iteration Id 1
2019-09-19 12:28:27,217|I|Thread-1|OrangeHRM.20190919_122824.001|Scenario - executing test scenario
2019-09-19 12:28:27,222|I|Thread-1|OrangeHRM.20190919_122824.001|Scenario|Openurl - executing activity
2019-09-19 12:28:27,825|I|Thread-1|OrangeHRM.20190919_122824.001|Scenario|Openurl|#  5|web.open(url) - executing open(url)(${url})
2019-09-19 12:28:27,830|I|Thread-1|No valid instance of webdriver, initializing...
2019-09-19 12:28:27,832|I|Thread-1|init chrome
2019-09-19 12:28:31,484|I|Thread-1|browser initialization completed for 'chrome'
2019-09-19 12:28:31,511|I|Thread-1|setting browser polling wait time to 800 ms
2019-09-19 12:28:31,530|I|Thread-1|setting browser page load timeout to 10000 ms
2019-09-19 12:28:31,592|I|Thread-1|OrangeHRM.20190919_122824.001|Scenario|Openurl|#  5|web.open(url) - default browser stability wait time is 3000 ms
2019-09-19 12:28:35,114|I|Thread-1|current browser window handle:CDwindow-CF318CF097B6676D56EC5E10F6B08C45
2019-09-19 12:28:35,416|I|Thread-1|OrangeHRM.20190919_122824.001|Scenario|Openurl|#  5|web.open(url) - PASS opened URL https://opensource-demo.orangehrmlive.com/index.php/auth/validateCredentials
2019-09-19 12:28:35,424|I|Thread-1|OrangeHRM.20190919_122824.001|Scenario|MaximizeWindow - executing activity
2019-09-19 12:28:36,033|I|Thread-1|OrangeHRM.20190919_122824.001|Scenario|MaximizeWindow|#  6|web.maximizeWindow() - executing maximizeWindow()()
2019-09-19 12:28:37,204|I|Thread-1|OrangeHRM.20190919_122824.001|Scenario|MaximizeWindow|#  6|web.maximizeWindow() - PASS browser window maximized
2019-09-19 12:28:37,211|I|Thread-1|OrangeHRM.20190919_122824.001|Scenario|ClickUsername - executing activity
2019-09-19 12:28:37,813|I|Thread-1|OrangeHRM.20190919_122824.001|Scenario|ClickUsername|#  7|web.click(locator) - executing click(locator)(${txt.username.loc})
2019-09-19 12:28:37,868|I|Thread-1|clicking '//div[@id='divUsername']/input'...
2019-09-19 12:28:37,928|I|Thread-1|click target via JS, @id=txtUsername
2019-09-19 12:28:37,980|I|Thread-1|clicked -> true
2019-09-19 12:28:37,982|I|Thread-1|OrangeHRM.20190919_122824.001|Scenario|ClickUsername|#  7|web.click(locator) - PASS click via JS event
2019-09-19 12:28:37,997|I|Thread-1|OrangeHRM.20190919_122824.001|Scenario|EnterUserName - executing activity
2019-09-19 12:28:38,600|I|Thread-1|OrangeHRM.20190919_122824.001|Scenario|EnterUserName|#  8|web.type(locator,value) - executing type(locator,value)(${txt.username.loc}, ${username})
2019-09-19 12:28:38,869|I|Thread-1|OrangeHRM.20190919_122824.001|Scenario|EnterUserName|#  8|web.type(locator,value) - PASS typed text at '//div[@id='divUsername']/input'
2019-09-19 12:28:38,874|I|Thread-1|OrangeHRM.20190919_122824.001|Scenario|ClickPassword - executing activity
2019-09-19 12:28:39,476|I|Thread-1|OrangeHRM.20190919_122824.001|Scenario|ClickPassword|#  9|web.click(locator) - executing click(locator)(${txt.password.loc})
2019-09-19 12:28:39,520|I|Thread-1|clicking '//div[@id='divPassword']/input'...
2019-09-19 12:28:39,548|I|Thread-1|click target via JS, @id=txtPassword
2019-09-19 12:28:39,589|I|Thread-1|clicked -> true
2019-09-19 12:28:39,592|I|Thread-1|OrangeHRM.20190919_122824.001|Scenario|ClickPassword|#  9|web.click(locator) - PASS click via JS event
2019-09-19 12:28:39,593|I|Thread-1|OrangeHRM.20190919_122824.001|Scenario|EnterPassword - executing activity
2019-09-19 12:28:40,194|I|Thread-1|OrangeHRM.20190919_122824.001|Scenario|EnterPassword|# 10|web.type(locator,value) - executing type(locator,value)(${txt.password.loc}, ${password})
2019-09-19 12:28:40,468|I|Thread-1|OrangeHRM.20190919_122824.001|Scenario|EnterPassword|# 10|web.type(locator,value) - PASS typed text at '//div[@id='divPassword']/input'
2019-09-19 12:28:40,478|I|Thread-1|OrangeHRM.20190919_122824.001|Scenario|signin - executing activity
2019-09-19 12:28:41,081|I|Thread-1|OrangeHRM.20190919_122824.001|Scenario|signin|# 11|web.click(locator) - executing click(locator)(${btn.login.loc})
2019-09-19 12:28:41,119|I|Thread-1|clicking '//div[@id='divLoginButton']/input'...
2019-09-19 12:28:41,145|I|Thread-1|click target via JS, @id=btnLogin
2019-09-19 12:28:45,083|I|Thread-1|clicked -> true
2019-09-19 12:28:45,088|I|Thread-1|OrangeHRM.20190919_122824.001|Scenario|signin|# 11|web.click(locator) - PASS click via JS event
2019-09-19 12:28:45,352|I|Thread-1|[OrangeHRM.20190919_122824.001|Scenario] saving test scenario
2019-09-19 12:28:45,761|I|Thread-1|[20190919_122823] 
/-TEST COMPLETE-----------------------------------------------------------------
| Test Output:    C:\projects\OnlineWebApplication\output\20190919_122823\OrangeHRM.20190919_122824.001.xlsx
| Iteration:      1
\-------------------------------------------------------------------------------
» Execution Time: 18530 ms
» Test Steps:     7
» Error(s):       0



2019-09-19 12:28:48,036|I|Thread-1|[20190919_122823] 
/-TEST COMPLETE-----------------------------------------------------------------
| Test Script:    C:\projects\OnlineWebApplication\artifact\script\OrangeHRM.xlsx
\-------------------------------------------------------------------------------
» Execution Time: 24551 ms
» Iterations:     [1] total 1
» Test Steps:     7
» Passed:         7
» Error(s):       0
» Iteration 1 of 1: C:\projects\OnlineWebApplication\output\20190919_122823\OrangeHRM.20190919_122824.001.xlsx



2019-09-19 12:28:48,469|I|main|[20190919_122823] [C:\projects\OnlineWebApplication\artifact\script\OrangeHRM.xlsx] now completed
2019-09-19 12:28:48,471|I|main|[20190919_122823] all execution thread(s) have terminated
2019-09-19 12:28:48,472|I|main|[20190919_122823] test run completed in about 25 seconds
2019-09-19 12:28:48,571|I|main|No predefined nexial-setup found
2019-09-19 12:28:48,604|I|main|outputBase not set; output-to-cloud DISABLED!
2019-09-19 12:28:48,605|I|main|accessKey not set; output-to-cloud DISABLED!
2019-09-19 12:28:48,606|I|main|secretKey not set; output-to-cloud DISABLED!
2019-09-19 12:28:48,609|I|main|generating HTML output for this execution to C:\projects\OnlineWebApplication\output\20190919_122823\execution-output.html
2019-09-19 12:28:49,229|I|main|generating JUnit XML output for this execution to C:\projects\OnlineWebApplication\output\20190919_122823\junit.xml
2019-09-19 12:28:49,278|I|main|Generated JUnit report for this execution: C:\projects\OnlineWebApplication\output\20190919_122823\junit.xml
2019-09-19 12:28:49,295|I|main|nexial mailer not enabled: nexial.enableEmail=false
2019-09-19 12:28:49,297|I|main|skipped email notification as configured
2019-09-19 12:28:49,309|I|main|Exiting Nexial...
2019-09-19 12:28:49,311|I|main|shutdown starts...
2019-09-19 12:28:49,313|I|main|Shutting down 'chrome' webdriver...
2019-09-19 12:28:56,142|I|main|shutdown ends...
2019-09-19 12:28:56,144|I|main|

/-END OF EXECUTION--------------------------------------------------------------
| » Execution Time: 25 sec.
| » Test Steps:     7
| » Passed:         7
| » Failed:         0
| » Success Rate:   100.00%
\---------------------------------------------------------------nexial-core 2.2_0488-

2019-09-19 12:28:56,145|I|main|ALL PASSED!
2019-09-19 12:28:56,147|I|main|End of Execution:
OUTPUT:       C:\projects\OnlineWebApplication\output\20190919_122823
EXECUTION:    C:\projects\OnlineWebApplication\output\20190919_122823\execution-output.html
JUNIT XML:    C:\projects\OnlineWebApplication\output\20190919_122823\junit.xml
SUCCESS RATE: 100.00%
EXIT STATUS:  0
2019-09-19 12:28:56,149|I|main|End of Execution:
NEXIAL_OUTPUT:         C:\projects\OnlineWebApplication\output\20190919_122823
NEXIAL_EXECUTION_HTML: C:\projects\OnlineWebApplication\output\20190919_122823\execution-output.html
NEXIAL_JUNIT_XML:      C:\projects\OnlineWebApplication\output\20190919_122823\junit.xml
NEXIAL_SUCCESS_RATE:   100.00%
NEXIAL_EXIT_STATUS:    0
